{"C:\\xampp\\htdocs\\fakeID\\mern\\server\\classes\\User.js": {"path":"C:\\xampp\\htdocs\\fakeID\\mern\\server\\classes\\User.js","statementMap":{"0":{"start":{"line":2,"column":21},"end":{"line":2,"column":39}},"1":{"start":{"line":7,"column":8},"end":{"line":7,"column":21}},"2":{"start":{"line":8,"column":8},"end":{"line":8,"column":38}},"3":{"start":{"line":9,"column":8},"end":{"line":9,"column":61}},"4":{"start":{"line":17,"column":21},"end":{"line":17,"column":59}},"5":{"start":{"line":18,"column":8},"end":{"line":24,"column":10}},"6":{"start":{"line":19,"column":12},"end":{"line":19,"column":58}},"7":{"start":{"line":20,"column":12},"end":{"line":20,"column":73}},"8":{"start":{"line":21,"column":12},"end":{"line":21,"column":72}},"9":{"start":{"line":22,"column":12},"end":{"line":22,"column":100}},"10":{"start":{"line":23,"column":12},"end":{"line":23,"column":23}},"11":{"start":{"line":25,"column":8},"end":{"line":25,"column":21}},"12":{"start":{"line":29,"column":18},"end":{"line":29,"column":78}},"13":{"start":{"line":30,"column":7},"end":{"line":35,"column":8}},"14":{"start":{"line":31,"column":11},"end":{"line":31,"column":72}},"15":{"start":{"line":32,"column":11},"end":{"line":32,"column":57}},"16":{"start":{"line":33,"column":11},"end":{"line":33,"column":71}},"17":{"start":{"line":34,"column":11},"end":{"line":34,"column":99}},"18":{"start":{"line":36,"column":7},"end":{"line":36,"column":18}},"19":{"start":{"line":40,"column":8},"end":{"line":40,"column":64}},"20":{"start":{"line":43,"column":26},"end":{"line":43,"column":60}},"21":{"start":{"line":44,"column":19},"end":{"line":44,"column":50}},"22":{"start":{"line":45,"column":20},"end":{"line":45,"column":52}},"23":{"start":{"line":46,"column":19},"end":{"line":46,"column":44}},"24":{"start":{"line":47,"column":8},"end":{"line":51,"column":9}},"25":{"start":{"line":48,"column":12},"end":{"line":48,"column":30}},"26":{"start":{"line":50,"column":12},"end":{"line":50,"column":30}},"27":{"start":{"line":53,"column":22},"end":{"line":53,"column":32}},"28":{"start":{"line":54,"column":18},"end":{"line":54,"column":44}},"29":{"start":{"line":55,"column":8},"end":{"line":57,"column":9}},"30":{"start":{"line":56,"column":11},"end":{"line":56,"column":17}},"31":{"start":{"line":58,"column":7},"end":{"line":58,"column":18}},"32":{"start":{"line":63,"column":10},"end":{"line":67,"column":11}},"33":{"start":{"line":64,"column":14},"end":{"line":64,"column":27}},"34":{"start":{"line":66,"column":14},"end":{"line":66,"column":29}},"35":{"start":{"line":70,"column":8},"end":{"line":70,"column":51}},"36":{"start":{"line":71,"column":8},"end":{"line":71,"column":49}},"37":{"start":{"line":71,"column":34},"end":{"line":71,"column":49}},"38":{"start":{"line":72,"column":8},"end":{"line":72,"column":50}},"39":{"start":{"line":72,"column":34},"end":{"line":72,"column":50}},"40":{"start":{"line":73,"column":8},"end":{"line":73,"column":51}},"41":{"start":{"line":73,"column":34},"end":{"line":73,"column":51}},"42":{"start":{"line":74,"column":8},"end":{"line":74,"column":48}},"43":{"start":{"line":74,"column":34},"end":{"line":74,"column":48}},"44":{"start":{"line":75,"column":8},"end":{"line":75,"column":65}},"45":{"start":{"line":75,"column":34},"end":{"line":75,"column":65}},"46":{"start":{"line":76,"column":8},"end":{"line":76,"column":78}},"47":{"start":{"line":76,"column":34},"end":{"line":76,"column":78}},"48":{"start":{"line":77,"column":8},"end":{"line":77,"column":51}},"49":{"start":{"line":77,"column":34},"end":{"line":77,"column":51}},"50":{"start":{"line":78,"column":8},"end":{"line":78,"column":50}},"51":{"start":{"line":78,"column":34},"end":{"line":78,"column":50}},"52":{"start":{"line":83,"column":81},"end":{"line":83,"column":85}},"53":{"start":{"line":84,"column":10},"end":{"line":86,"column":13}},"54":{"start":{"line":85,"column":14},"end":{"line":85,"column":73}},"55":{"start":{"line":87,"column":12},"end":{"line":89,"column":13}},"56":{"start":{"line":88,"column":16},"end":{"line":88,"column":74}},"57":{"start":{"line":90,"column":12},"end":{"line":92,"column":13}},"58":{"start":{"line":91,"column":16},"end":{"line":91,"column":79}},"59":{"start":{"line":93,"column":12},"end":{"line":93,"column":55}},"60":{"start":{"line":95,"column":12},"end":{"line":102,"column":13}},"61":{"start":{"line":96,"column":26},"end":{"line":96,"column":56}},"62":{"start":{"line":97,"column":16},"end":{"line":99,"column":17}},"63":{"start":{"line":98,"column":20},"end":{"line":98,"column":97}},"64":{"start":{"line":100,"column":16},"end":{"line":100,"column":37}},"65":{"start":{"line":101,"column":16},"end":{"line":101,"column":44}},"66":{"start":{"line":103,"column":12},"end":{"line":103,"column":35}},"67":{"start":{"line":104,"column":12},"end":{"line":110,"column":13}},"68":{"start":{"line":105,"column":31},"end":{"line":105,"column":73}},"69":{"start":{"line":106,"column":16},"end":{"line":106,"column":101}},"70":{"start":{"line":109,"column":16},"end":{"line":109,"column":58}},"71":{"start":{"line":109,"column":23},"end":{"line":109,"column":58}},"72":{"start":{"line":118,"column":49},"end":{"line":118,"column":53}},"73":{"start":{"line":119,"column":8},"end":{"line":121,"column":9}},"74":{"start":{"line":120,"column":12},"end":{"line":120,"column":28}},"75":{"start":{"line":122,"column":8},"end":{"line":124,"column":9}},"76":{"start":{"line":123,"column":12},"end":{"line":123,"column":34}},"77":{"start":{"line":125,"column":8},"end":{"line":127,"column":9}},"78":{"start":{"line":126,"column":12},"end":{"line":126,"column":50}},"79":{"start":{"line":128,"column":26},"end":{"line":133,"column":10}},"80":{"start":{"line":134,"column":8},"end":{"line":134,"column":27}},"81":{"start":{"line":138,"column":25},"end":{"line":138,"column":27}},"82":{"start":{"line":139,"column":8},"end":{"line":165,"column":9}},"83":{"start":{"line":140,"column":12},"end":{"line":145,"column":18}},"84":{"start":{"line":146,"column":12},"end":{"line":150,"column":14}},"85":{"start":{"line":153,"column":12},"end":{"line":158,"column":14}},"86":{"start":{"line":159,"column":12},"end":{"line":164,"column":14}},"87":{"start":{"line":166,"column":8},"end":{"line":166,"column":26}},"88":{"start":{"line":172,"column":26},"end":{"line":172,"column":28}},"89":{"start":{"line":173,"column":8},"end":{"line":178,"column":10}},"90":{"start":{"line":179,"column":8},"end":{"line":184,"column":10}},"91":{"start":{"line":185,"column":8},"end":{"line":185,"column":26}},"92":{"start":{"line":190,"column":21},"end":{"line":190,"column":135}},"93":{"start":{"line":191,"column":8},"end":{"line":196,"column":10}},"94":{"start":{"line":192,"column":26},"end":{"line":192,"column":61}},"95":{"start":{"line":193,"column":12},"end":{"line":195,"column":13}},"96":{"start":{"line":194,"column":16},"end":{"line":194,"column":28}},"97":{"start":{"line":197,"column":8},"end":{"line":197,"column":20}},"98":{"start":{"line":203,"column":22},"end":{"line":207,"column":24}},"99":{"start":{"line":209,"column":25},"end":{"line":214,"column":10}},"100":{"start":{"line":210,"column":26},"end":{"line":210,"column":61}},"101":{"start":{"line":211,"column":12},"end":{"line":213,"column":13}},"102":{"start":{"line":212,"column":16},"end":{"line":212,"column":28}},"103":{"start":{"line":215,"column":8},"end":{"line":215,"column":26}},"104":{"start":{"line":216,"column":8},"end":{"line":216,"column":23}},"105":{"start":{"line":221,"column":0},"end":{"line":221,"column":21}}},"fnMap":{"0":{"name":"(anonymous_0)","decl":{"start":{"line":6,"column":4},"end":{"line":6,"column":5}},"loc":{"start":{"line":6,"column":20},"end":{"line":10,"column":7}},"line":6},"1":{"name":"(anonymous_1)","decl":{"start":{"line":16,"column":6},"end":{"line":16,"column":7}},"loc":{"start":{"line":16,"column":20},"end":{"line":26,"column":7}},"line":16},"2":{"name":"(anonymous_2)","decl":{"start":{"line":18,"column":26},"end":{"line":18,"column":27}},"loc":{"start":{"line":18,"column":34},"end":{"line":24,"column":9}},"line":18},"3":{"name":"(anonymous_3)","decl":{"start":{"line":28,"column":6},"end":{"line":28,"column":7}},"loc":{"start":{"line":28,"column":29},"end":{"line":37,"column":7}},"line":28},"4":{"name":"(anonymous_4)","decl":{"start":{"line":39,"column":5},"end":{"line":39,"column":6}},"loc":{"start":{"line":39,"column":35},"end":{"line":41,"column":7}},"line":39},"5":{"name":"(anonymous_5)","decl":{"start":{"line":42,"column":6},"end":{"line":42,"column":7}},"loc":{"start":{"line":42,"column":30},"end":{"line":59,"column":7}},"line":42},"6":{"name":"(anonymous_6)","decl":{"start":{"line":62,"column":6},"end":{"line":62,"column":7}},"loc":{"start":{"line":62,"column":33},"end":{"line":68,"column":7}},"line":62},"7":{"name":"(anonymous_7)","decl":{"start":{"line":69,"column":7},"end":{"line":69,"column":8}},"loc":{"start":{"line":69,"column":43},"end":{"line":80,"column":7}},"line":69},"8":{"name":"(anonymous_8)","decl":{"start":{"line":82,"column":6},"end":{"line":82,"column":7}},"loc":{"start":{"line":82,"column":28},"end":{"line":112,"column":7}},"line":82},"9":{"name":"(anonymous_9)","decl":{"start":{"line":117,"column":6},"end":{"line":117,"column":7}},"loc":{"start":{"line":117,"column":28},"end":{"line":135,"column":7}},"line":117},"10":{"name":"(anonymous_10)","decl":{"start":{"line":137,"column":6},"end":{"line":137,"column":7}},"loc":{"start":{"line":137,"column":49},"end":{"line":167,"column":7}},"line":137},"11":{"name":"(anonymous_11)","decl":{"start":{"line":171,"column":6},"end":{"line":171,"column":7}},"loc":{"start":{"line":171,"column":30},"end":{"line":186,"column":7}},"line":171},"12":{"name":"(anonymous_12)","decl":{"start":{"line":189,"column":5},"end":{"line":189,"column":6}},"loc":{"start":{"line":189,"column":34},"end":{"line":198,"column":7}},"line":189},"13":{"name":"(anonymous_13)","decl":{"start":{"line":191,"column":29},"end":{"line":191,"column":30}},"loc":{"start":{"line":191,"column":37},"end":{"line":196,"column":9}},"line":191},"14":{"name":"(anonymous_14)","decl":{"start":{"line":201,"column":6},"end":{"line":201,"column":7}},"loc":{"start":{"line":201,"column":37},"end":{"line":217,"column":7}},"line":201},"15":{"name":"(anonymous_15)","decl":{"start":{"line":209,"column":38},"end":{"line":209,"column":39}},"loc":{"start":{"line":209,"column":46},"end":{"line":214,"column":9}},"line":209}},"branchMap":{"0":{"loc":{"start":{"line":22,"column":12},"end":{"line":22,"column":100}},"type":"cond-expr","locations":[{"start":{"line":22,"column":32},"end":{"line":22,"column":93}},{"start":{"line":22,"column":96},"end":{"line":22,"column":100}}],"line":22},"1":{"loc":{"start":{"line":30,"column":7},"end":{"line":35,"column":8}},"type":"if","locations":[{"start":{"line":30,"column":7},"end":{"line":35,"column":8}},{"start":{"line":30,"column":7},"end":{"line":35,"column":8}}],"line":30},"2":{"loc":{"start":{"line":34,"column":11},"end":{"line":34,"column":99}},"type":"cond-expr","locations":[{"start":{"line":34,"column":31},"end":{"line":34,"column":92}},{"start":{"line":34,"column":95},"end":{"line":34,"column":99}}],"line":34},"3":{"loc":{"start":{"line":47,"column":8},"end":{"line":51,"column":9}},"type":"if","locations":[{"start":{"line":47,"column":8},"end":{"line":51,"column":9}},{"start":{"line":47,"column":8},"end":{"line":51,"column":9}}],"line":47},"4":{"loc":{"start":{"line":55,"column":8},"end":{"line":57,"column":9}},"type":"if","locations":[{"start":{"line":55,"column":8},"end":{"line":57,"column":9}},{"start":{"line":55,"column":8},"end":{"line":57,"column":9}}],"line":55},"5":{"loc":{"start":{"line":55,"column":12},"end":{"line":55,"column":92}},"type":"binary-expr","locations":[{"start":{"line":55,"column":12},"end":{"line":55,"column":36}},{"start":{"line":55,"column":41},"end":{"line":55,"column":66}},{"start":{"line":55,"column":70},"end":{"line":55,"column":91}}],"line":55},"6":{"loc":{"start":{"line":63,"column":10},"end":{"line":67,"column":11}},"type":"if","locations":[{"start":{"line":63,"column":10},"end":{"line":67,"column":11}},{"start":{"line":63,"column":10},"end":{"line":67,"column":11}}],"line":63},"7":{"loc":{"start":{"line":71,"column":8},"end":{"line":71,"column":49}},"type":"if","locations":[{"start":{"line":71,"column":8},"end":{"line":71,"column":49}},{"start":{"line":71,"column":8},"end":{"line":71,"column":49}}],"line":71},"8":{"loc":{"start":{"line":72,"column":8},"end":{"line":72,"column":50}},"type":"if","locations":[{"start":{"line":72,"column":8},"end":{"line":72,"column":50}},{"start":{"line":72,"column":8},"end":{"line":72,"column":50}}],"line":72},"9":{"loc":{"start":{"line":73,"column":8},"end":{"line":73,"column":51}},"type":"if","locations":[{"start":{"line":73,"column":8},"end":{"line":73,"column":51}},{"start":{"line":73,"column":8},"end":{"line":73,"column":51}}],"line":73},"10":{"loc":{"start":{"line":74,"column":8},"end":{"line":74,"column":48}},"type":"if","locations":[{"start":{"line":74,"column":8},"end":{"line":74,"column":48}},{"start":{"line":74,"column":8},"end":{"line":74,"column":48}}],"line":74},"11":{"loc":{"start":{"line":75,"column":8},"end":{"line":75,"column":65}},"type":"if","locations":[{"start":{"line":75,"column":8},"end":{"line":75,"column":65}},{"start":{"line":75,"column":8},"end":{"line":75,"column":65}}],"line":75},"12":{"loc":{"start":{"line":76,"column":8},"end":{"line":76,"column":78}},"type":"if","locations":[{"start":{"line":76,"column":8},"end":{"line":76,"column":78}},{"start":{"line":76,"column":8},"end":{"line":76,"column":78}}],"line":76},"13":{"loc":{"start":{"line":77,"column":8},"end":{"line":77,"column":51}},"type":"if","locations":[{"start":{"line":77,"column":8},"end":{"line":77,"column":51}},{"start":{"line":77,"column":8},"end":{"line":77,"column":51}}],"line":77},"14":{"loc":{"start":{"line":78,"column":8},"end":{"line":78,"column":50}},"type":"if","locations":[{"start":{"line":78,"column":8},"end":{"line":78,"column":50}},{"start":{"line":78,"column":8},"end":{"line":78,"column":50}}],"line":78},"15":{"loc":{"start":{"line":84,"column":10},"end":{"line":86,"column":13}},"type":"if","locations":[{"start":{"line":84,"column":10},"end":{"line":86,"column":13}},{"start":{"line":84,"column":10},"end":{"line":86,"column":13}}],"line":84},"16":{"loc":{"start":{"line":84,"column":13},"end":{"line":84,"column":86}},"type":"binary-expr","locations":[{"start":{"line":84,"column":13},"end":{"line":84,"column":18}},{"start":{"line":84,"column":22},"end":{"line":84,"column":30}},{"start":{"line":84,"column":34},"end":{"line":84,"column":55}},{"start":{"line":84,"column":59},"end":{"line":84,"column":71}},{"start":{"line":84,"column":75},"end":{"line":84,"column":86}}],"line":84},"17":{"loc":{"start":{"line":87,"column":12},"end":{"line":89,"column":13}},"type":"if","locations":[{"start":{"line":87,"column":12},"end":{"line":89,"column":13}},{"start":{"line":87,"column":12},"end":{"line":89,"column":13}}],"line":87},"18":{"loc":{"start":{"line":87,"column":15},"end":{"line":87,"column":73}},"type":"binary-expr","locations":[{"start":{"line":87,"column":15},"end":{"line":87,"column":20}},{"start":{"line":87,"column":24},"end":{"line":87,"column":32}},{"start":{"line":87,"column":36},"end":{"line":87,"column":48}},{"start":{"line":87,"column":52},"end":{"line":87,"column":73}}],"line":87},"19":{"loc":{"start":{"line":90,"column":12},"end":{"line":92,"column":13}},"type":"if","locations":[{"start":{"line":90,"column":12},"end":{"line":92,"column":13}},{"start":{"line":90,"column":12},"end":{"line":92,"column":13}}],"line":90},"20":{"loc":{"start":{"line":90,"column":15},"end":{"line":90,"column":81}},"type":"binary-expr","locations":[{"start":{"line":90,"column":15},"end":{"line":90,"column":46}},{"start":{"line":90,"column":50},"end":{"line":90,"column":81}}],"line":90},"21":{"loc":{"start":{"line":95,"column":12},"end":{"line":102,"column":13}},"type":"if","locations":[{"start":{"line":95,"column":12},"end":{"line":102,"column":13}},{"start":{"line":95,"column":12},"end":{"line":102,"column":13}}],"line":95},"22":{"loc":{"start":{"line":97,"column":16},"end":{"line":99,"column":17}},"type":"if","locations":[{"start":{"line":97,"column":16},"end":{"line":99,"column":17}},{"start":{"line":97,"column":16},"end":{"line":99,"column":17}}],"line":97},"23":{"loc":{"start":{"line":109,"column":16},"end":{"line":109,"column":58}},"type":"if","locations":[{"start":{"line":109,"column":16},"end":{"line":109,"column":58}},{"start":{"line":109,"column":16},"end":{"line":109,"column":58}}],"line":109},"24":{"loc":{"start":{"line":119,"column":8},"end":{"line":121,"column":9}},"type":"if","locations":[{"start":{"line":119,"column":8},"end":{"line":121,"column":9}},{"start":{"line":119,"column":8},"end":{"line":121,"column":9}}],"line":119},"25":{"loc":{"start":{"line":122,"column":8},"end":{"line":124,"column":9}},"type":"if","locations":[{"start":{"line":122,"column":8},"end":{"line":124,"column":9}},{"start":{"line":122,"column":8},"end":{"line":124,"column":9}}],"line":122},"26":{"loc":{"start":{"line":125,"column":8},"end":{"line":127,"column":9}},"type":"if","locations":[{"start":{"line":125,"column":8},"end":{"line":127,"column":9}},{"start":{"line":125,"column":8},"end":{"line":127,"column":9}}],"line":125},"27":{"loc":{"start":{"line":139,"column":8},"end":{"line":165,"column":9}},"type":"if","locations":[{"start":{"line":139,"column":8},"end":{"line":165,"column":9}},{"start":{"line":139,"column":8},"end":{"line":165,"column":9}}],"line":139},"28":{"loc":{"start":{"line":139,"column":11},"end":{"line":139,"column":59}},"type":"binary-expr","locations":[{"start":{"line":139,"column":11},"end":{"line":139,"column":33}},{"start":{"line":139,"column":37},"end":{"line":139,"column":59}}],"line":139},"29":{"loc":{"start":{"line":193,"column":12},"end":{"line":195,"column":13}},"type":"if","locations":[{"start":{"line":193,"column":12},"end":{"line":195,"column":13}},{"start":{"line":193,"column":12},"end":{"line":195,"column":13}}],"line":193},"30":{"loc":{"start":{"line":211,"column":12},"end":{"line":213,"column":13}},"type":"if","locations":[{"start":{"line":211,"column":12},"end":{"line":213,"column":13}},{"start":{"line":211,"column":12},"end":{"line":213,"column":13}}],"line":211}},"s":{"0":1,"1":15,"2":15,"3":15,"4":1,"5":1,"6":4,"7":4,"8":4,"9":4,"10":4,"11":1,"12":3,"13":3,"14":2,"15":2,"16":2,"17":2,"18":3,"19":18,"20":11,"21":11,"22":11,"23":11,"24":11,"25":2,"26":9,"27":11,"28":11,"29":11,"30":0,"31":11,"32":9,"33":6,"34":3,"35":3,"36":3,"37":0,"38":3,"39":1,"40":2,"41":0,"42":2,"43":0,"44":2,"45":0,"46":2,"47":0,"48":2,"49":0,"50":2,"51":1,"52":2,"53":2,"54":0,"55":2,"56":1,"57":1,"58":0,"59":1,"60":1,"61":0,"62":0,"63":0,"64":0,"65":0,"66":1,"67":1,"68":1,"69":1,"70":0,"71":0,"72":1,"73":1,"74":0,"75":1,"76":1,"77":1,"78":1,"79":1,"80":1,"81":1,"82":1,"83":1,"84":1,"85":0,"86":0,"87":1,"88":1,"89":1,"90":1,"91":1,"92":2,"93":2,"94":2,"95":2,"96":1,"97":2,"98":1,"99":1,"100":2,"101":2,"102":1,"103":1,"104":1,"105":1},"f":{"0":15,"1":1,"2":4,"3":3,"4":18,"5":11,"6":9,"7":3,"8":2,"9":1,"10":1,"11":1,"12":2,"13":2,"14":1,"15":2},"b":{"0":[0,4],"1":[2,1],"2":[0,2],"3":[2,9],"4":[0,11],"5":[11,11,0],"6":[6,3],"7":[0,3],"8":[1,2],"9":[0,2],"10":[0,2],"11":[0,2],"12":[0,2],"13":[0,2],"14":[1,1],"15":[0,2],"16":[2,1,0,0,0],"17":[1,1],"18":[2,1,1,1],"19":[0,1],"20":[1,0],"21":[0,1],"22":[0,0],"23":[0,0],"24":[0,1],"25":[1,0],"26":[1,0],"27":[1,0],"28":[1,0],"29":[1,1],"30":[1,1]},"_coverageSchema":"1a1c01bbd47fc00a2c39e90264f33305004495a9","hash":"8e864e14f42a65539e8beb361dcf4cc6458f4586"}
,"C:\\xampp\\htdocs\\fakeID\\mern\\server\\testing\\helper.js": {"path":"C:\\xampp\\htdocs\\fakeID\\mern\\server\\testing\\helper.js","statementMap":{"0":{"start":{"line":1,"column":20},"end":{"line":1,"column":38}},"1":{"start":{"line":2,"column":28},"end":{"line":2,"column":60}},"2":{"start":{"line":4,"column":0},"end":{"line":4,"column":38}},"3":{"start":{"line":8,"column":4},"end":{"line":8,"column":19}},"4":{"start":{"line":9,"column":4},"end":{"line":9,"column":42}},"5":{"start":{"line":10,"column":4},"end":{"line":10,"column":27}},"6":{"start":{"line":17,"column":16},"end":{"line":17,"column":42}},"7":{"start":{"line":18,"column":4},"end":{"line":22,"column":6}},"8":{"start":{"line":23,"column":4},"end":{"line":23,"column":64}},"9":{"start":{"line":30,"column":4},"end":{"line":30,"column":28}},"10":{"start":{"line":31,"column":4},"end":{"line":31,"column":30}},"11":{"start":{"line":38,"column":24},"end":{"line":38,"column":65}},"12":{"start":{"line":39,"column":4},"end":{"line":43,"column":6}},"13":{"start":{"line":41,"column":27},"end":{"line":41,"column":31}},"14":{"start":{"line":42,"column":27},"end":{"line":42,"column":64}},"15":{"start":{"line":52,"column":20},"end":{"line":54,"column":26}},"16":{"start":{"line":55,"column":4},"end":{"line":55,"column":18}},"17":{"start":{"line":59,"column":0},"end":{"line":59,"column":29}}},"fnMap":{"0":{"name":"(anonymous_0)","decl":{"start":{"line":7,"column":2},"end":{"line":7,"column":3}},"loc":{"start":{"line":7,"column":16},"end":{"line":11,"column":3}},"line":7},"1":{"name":"(anonymous_1)","decl":{"start":{"line":16,"column":2},"end":{"line":16,"column":3}},"loc":{"start":{"line":16,"column":16},"end":{"line":24,"column":3}},"line":16},"2":{"name":"(anonymous_2)","decl":{"start":{"line":29,"column":2},"end":{"line":29,"column":3}},"loc":{"start":{"line":29,"column":9},"end":{"line":32,"column":3}},"line":29},"3":{"name":"(anonymous_3)","decl":{"start":{"line":37,"column":2},"end":{"line":37,"column":3}},"loc":{"start":{"line":37,"column":18},"end":{"line":44,"column":3}},"line":37},"4":{"name":"(anonymous_4)","decl":{"start":{"line":41,"column":13},"end":{"line":41,"column":14}},"loc":{"start":{"line":41,"column":27},"end":{"line":41,"column":31}},"line":41},"5":{"name":"(anonymous_5)","decl":{"start":{"line":42,"column":13},"end":{"line":42,"column":14}},"loc":{"start":{"line":42,"column":27},"end":{"line":42,"column":64}},"line":42},"6":{"name":"(anonymous_6)","decl":{"start":{"line":51,"column":2},"end":{"line":51,"column":3}},"loc":{"start":{"line":51,"column":44},"end":{"line":56,"column":3}},"line":51}},"branchMap":{},"s":{"0":1,"1":1,"2":1,"3":1,"4":1,"5":1,"6":1,"7":1,"8":1,"9":1,"10":1,"11":15,"12":15,"13":13,"14":13,"15":48,"16":48,"17":1},"f":{"0":1,"1":1,"2":1,"3":15,"4":13,"5":13,"6":48},"b":{},"_coverageSchema":"1a1c01bbd47fc00a2c39e90264f33305004495a9","hash":"cee68c4a4146d61739c11793f890cfe607f876d2"}
}
