{"C:\\xampp\\htdocs\\fakeID\\mern\\server\\classes\\User.js": {"path":"C:\\xampp\\htdocs\\fakeID\\mern\\server\\classes\\User.js","statementMap":{"0":{"start":{"line":4,"column":8},"end":{"line":4,"column":21}},"1":{"start":{"line":5,"column":8},"end":{"line":5,"column":38}},"2":{"start":{"line":6,"column":8},"end":{"line":6,"column":61}},"3":{"start":{"line":14,"column":10},"end":{"line":14,"column":50}},"4":{"start":{"line":18,"column":8},"end":{"line":18,"column":56}},"5":{"start":{"line":22,"column":20},"end":{"line":22,"column":52}},"6":{"start":{"line":23,"column":18},"end":{"line":23,"column":49}},"7":{"start":{"line":24,"column":19},"end":{"line":24,"column":44}},"8":{"start":{"line":25,"column":8},"end":{"line":29,"column":9}},"9":{"start":{"line":26,"column":12},"end":{"line":26,"column":30}},"10":{"start":{"line":28,"column":12},"end":{"line":28,"column":30}},"11":{"start":{"line":31,"column":22},"end":{"line":31,"column":32}},"12":{"start":{"line":32,"column":18},"end":{"line":32,"column":44}},"13":{"start":{"line":33,"column":8},"end":{"line":35,"column":9}},"14":{"start":{"line":34,"column":11},"end":{"line":34,"column":17}},"15":{"start":{"line":36,"column":7},"end":{"line":36,"column":18}},"16":{"start":{"line":41,"column":10},"end":{"line":45,"column":11}},"17":{"start":{"line":42,"column":14},"end":{"line":42,"column":27}},"18":{"start":{"line":44,"column":14},"end":{"line":44,"column":29}},"19":{"start":{"line":49,"column":0},"end":{"line":49,"column":21}}},"fnMap":{"0":{"name":"(anonymous_0)","decl":{"start":{"line":3,"column":4},"end":{"line":3,"column":5}},"loc":{"start":{"line":3,"column":20},"end":{"line":7,"column":7}},"line":3},"1":{"name":"(anonymous_1)","decl":{"start":{"line":13,"column":6},"end":{"line":13,"column":7}},"loc":{"start":{"line":13,"column":14},"end":{"line":15,"column":7}},"line":13},"2":{"name":"(anonymous_2)","decl":{"start":{"line":17,"column":6},"end":{"line":17,"column":7}},"loc":{"start":{"line":17,"column":23},"end":{"line":19,"column":7}},"line":17},"3":{"name":"(anonymous_3)","decl":{"start":{"line":21,"column":6},"end":{"line":21,"column":7}},"loc":{"start":{"line":21,"column":31},"end":{"line":37,"column":7}},"line":21},"4":{"name":"(anonymous_4)","decl":{"start":{"line":40,"column":6},"end":{"line":40,"column":7}},"loc":{"start":{"line":40,"column":33},"end":{"line":46,"column":7}},"line":40}},"branchMap":{"0":{"loc":{"start":{"line":25,"column":8},"end":{"line":29,"column":9}},"type":"if","locations":[{"start":{"line":25,"column":8},"end":{"line":29,"column":9}},{"start":{"line":25,"column":8},"end":{"line":29,"column":9}}],"line":25},"1":{"loc":{"start":{"line":33,"column":8},"end":{"line":35,"column":9}},"type":"if","locations":[{"start":{"line":33,"column":8},"end":{"line":35,"column":9}},{"start":{"line":33,"column":8},"end":{"line":35,"column":9}}],"line":33},"2":{"loc":{"start":{"line":33,"column":12},"end":{"line":33,"column":92}},"type":"binary-expr","locations":[{"start":{"line":33,"column":12},"end":{"line":33,"column":36}},{"start":{"line":33,"column":41},"end":{"line":33,"column":66}},{"start":{"line":33,"column":70},"end":{"line":33,"column":91}}],"line":33},"3":{"loc":{"start":{"line":41,"column":10},"end":{"line":45,"column":11}},"type":"if","locations":[{"start":{"line":41,"column":10},"end":{"line":45,"column":11}},{"start":{"line":41,"column":10},"end":{"line":45,"column":11}}],"line":41}},"s":{"0":5,"1":5,"2":5,"3":1,"4":2,"5":1,"6":1,"7":1,"8":1,"9":0,"10":1,"11":1,"12":1,"13":1,"14":0,"15":1,"16":3,"17":2,"18":1,"19":1},"f":{"0":5,"1":1,"2":2,"3":1,"4":3},"b":{"0":[0,1],"1":[0,1],"2":[1,1,0],"3":[2,1]},"_coverageSchema":"1a1c01bbd47fc00a2c39e90264f33305004495a9","hash":"c93cdfface2748d68450d027d77ba398b55c55be"}
,"C:\\xampp\\htdocs\\fakeID\\mern\\server\\testing\\helper.js": {"path":"C:\\xampp\\htdocs\\fakeID\\mern\\server\\testing\\helper.js","statementMap":{"0":{"start":{"line":1,"column":20},"end":{"line":1,"column":38}},"1":{"start":{"line":2,"column":28},"end":{"line":2,"column":60}},"2":{"start":{"line":4,"column":0},"end":{"line":4,"column":38}},"3":{"start":{"line":8,"column":4},"end":{"line":8,"column":19}},"4":{"start":{"line":9,"column":4},"end":{"line":9,"column":42}},"5":{"start":{"line":10,"column":4},"end":{"line":10,"column":27}},"6":{"start":{"line":17,"column":16},"end":{"line":17,"column":42}},"7":{"start":{"line":18,"column":4},"end":{"line":22,"column":6}},"8":{"start":{"line":23,"column":4},"end":{"line":23,"column":64}},"9":{"start":{"line":30,"column":4},"end":{"line":30,"column":28}},"10":{"start":{"line":31,"column":4},"end":{"line":31,"column":30}},"11":{"start":{"line":38,"column":24},"end":{"line":38,"column":65}},"12":{"start":{"line":39,"column":4},"end":{"line":43,"column":6}},"13":{"start":{"line":41,"column":27},"end":{"line":41,"column":31}},"14":{"start":{"line":42,"column":27},"end":{"line":42,"column":64}},"15":{"start":{"line":52,"column":20},"end":{"line":54,"column":26}},"16":{"start":{"line":55,"column":4},"end":{"line":55,"column":18}},"17":{"start":{"line":59,"column":0},"end":{"line":59,"column":29}}},"fnMap":{"0":{"name":"(anonymous_0)","decl":{"start":{"line":7,"column":2},"end":{"line":7,"column":3}},"loc":{"start":{"line":7,"column":16},"end":{"line":11,"column":3}},"line":7},"1":{"name":"(anonymous_1)","decl":{"start":{"line":16,"column":2},"end":{"line":16,"column":3}},"loc":{"start":{"line":16,"column":16},"end":{"line":24,"column":3}},"line":16},"2":{"name":"(anonymous_2)","decl":{"start":{"line":29,"column":2},"end":{"line":29,"column":3}},"loc":{"start":{"line":29,"column":9},"end":{"line":32,"column":3}},"line":29},"3":{"name":"(anonymous_3)","decl":{"start":{"line":37,"column":2},"end":{"line":37,"column":3}},"loc":{"start":{"line":37,"column":18},"end":{"line":44,"column":3}},"line":37},"4":{"name":"(anonymous_4)","decl":{"start":{"line":41,"column":13},"end":{"line":41,"column":14}},"loc":{"start":{"line":41,"column":27},"end":{"line":41,"column":31}},"line":41},"5":{"name":"(anonymous_5)","decl":{"start":{"line":42,"column":13},"end":{"line":42,"column":14}},"loc":{"start":{"line":42,"column":27},"end":{"line":42,"column":64}},"line":42},"6":{"name":"(anonymous_6)","decl":{"start":{"line":51,"column":2},"end":{"line":51,"column":3}},"loc":{"start":{"line":51,"column":44},"end":{"line":56,"column":3}},"line":51}},"branchMap":{},"s":{"0":1,"1":1,"2":1,"3":1,"4":1,"5":1,"6":1,"7":1,"8":1,"9":1,"10":1,"11":5,"12":5,"13":4,"14":4,"15":12,"16":12,"17":1},"f":{"0":1,"1":1,"2":1,"3":5,"4":4,"5":4,"6":12},"b":{},"_coverageSchema":"1a1c01bbd47fc00a2c39e90264f33305004495a9","hash":"cee68c4a4146d61739c11793f890cfe607f876d2"}
}
