TN:
SF:classes\User.js
FN:3,(anonymous_0)
FN:13,(anonymous_1)
FN:17,(anonymous_2)
FN:21,(anonymous_3)
FN:40,(anonymous_4)
FNF:5
FNH:5
FNDA:5,(anonymous_0)
FNDA:1,(anonymous_1)
FNDA:2,(anonymous_2)
FNDA:1,(anonymous_3)
FNDA:3,(anonymous_4)
DA:4,5
DA:5,5
DA:6,5
DA:14,1
DA:18,2
DA:22,1
DA:23,1
DA:24,1
DA:25,1
DA:26,0
DA:28,1
DA:31,1
DA:32,1
DA:33,1
DA:34,0
DA:36,1
DA:41,3
DA:42,2
DA:44,1
DA:49,1
LF:20
LH:18
BRDA:25,0,0,0
BRDA:25,0,1,1
BRDA:33,1,0,0
BRDA:33,1,1,1
BRDA:33,2,0,1
BRDA:33,2,1,1
BRDA:33,2,2,0
BRDA:41,3,0,2
BRDA:41,3,1,1
BRF:9
BRH:6
end_of_record
TN:
SF:testing\helper.js
FN:7,(anonymous_0)
FN:16,(anonymous_1)
FN:29,(anonymous_2)
FN:37,(anonymous_3)
FN:41,(anonymous_4)
FN:42,(anonymous_5)
FN:51,(anonymous_6)
FNF:7
FNH:7
FNDA:1,(anonymous_0)
FNDA:1,(anonymous_1)
FNDA:1,(anonymous_2)
FNDA:5,(anonymous_3)
FNDA:4,(anonymous_4)
FNDA:4,(anonymous_5)
FNDA:12,(anonymous_6)
DA:1,1
DA:2,1
DA:4,1
DA:8,1
DA:9,1
DA:10,1
DA:17,1
DA:18,1
DA:23,1
DA:30,1
DA:31,1
DA:38,5
DA:39,5
DA:41,4
DA:42,4
DA:52,12
DA:55,12
DA:59,1
LF:18
LH:18
BRF:0
BRH:0
end_of_record
