TN:
SF:classes\User.js
FN:6,(anonymous_0)
FN:16,(anonymous_1)
FN:18,(anonymous_2)
FN:28,(anonymous_3)
FN:39,(anonymous_4)
FN:42,(anonymous_5)
FN:62,(anonymous_6)
FN:69,(anonymous_7)
FN:82,(anonymous_8)
FN:117,(anonymous_9)
FN:137,(anonymous_10)
FN:171,(anonymous_11)
FNF:12
FNH:12
FNDA:12,(anonymous_0)
FNDA:1,(anonymous_1)
FNDA:4,(anonymous_2)
FNDA:3,(anonymous_3)
FNDA:14,(anonymous_4)
FNDA:7,(anonymous_5)
FNDA:9,(anonymous_6)
FNDA:3,(anonymous_7)
FNDA:2,(anonymous_8)
FNDA:1,(anonymous_9)
FNDA:1,(anonymous_10)
FNDA:1,(anonymous_11)
DA:2,1
DA:7,12
DA:8,12
DA:9,12
DA:17,1
DA:18,1
DA:19,4
DA:20,4
DA:21,4
DA:22,4
DA:23,4
DA:25,1
DA:29,3
DA:30,3
DA:31,2
DA:32,2
DA:33,2
DA:34,2
DA:36,3
DA:40,14
DA:43,7
DA:44,7
DA:45,7
DA:46,7
DA:47,7
DA:48,2
DA:50,5
DA:53,7
DA:54,7
DA:55,7
DA:56,0
DA:58,7
DA:63,9
DA:64,6
DA:66,3
DA:70,3
DA:71,3
DA:72,3
DA:73,2
DA:74,2
DA:75,2
DA:76,2
DA:77,2
DA:78,2
DA:83,2
DA:84,2
DA:85,0
DA:87,2
DA:88,1
DA:90,1
DA:91,0
DA:93,1
DA:95,1
DA:96,0
DA:97,0
DA:98,0
DA:100,0
DA:101,0
DA:103,1
DA:104,1
DA:105,1
DA:106,1
DA:109,0
DA:118,1
DA:119,1
DA:120,0
DA:122,1
DA:123,1
DA:125,1
DA:126,1
DA:128,1
DA:134,1
DA:138,1
DA:139,1
DA:140,1
DA:146,1
DA:153,0
DA:159,0
DA:166,1
DA:172,1
DA:173,1
DA:179,1
DA:185,1
DA:190,1
LF:84
LH:72
BRDA:22,0,0,0
BRDA:22,0,1,4
BRDA:30,1,0,2
BRDA:30,1,1,1
BRDA:34,2,0,0
BRDA:34,2,1,2
BRDA:47,3,0,2
BRDA:47,3,1,5
BRDA:55,4,0,0
BRDA:55,4,1,7
BRDA:55,5,0,7
BRDA:55,5,1,7
BRDA:55,5,2,0
BRDA:63,6,0,6
BRDA:63,6,1,3
BRDA:71,7,0,0
BRDA:71,7,1,3
BRDA:72,8,0,1
BRDA:72,8,1,2
BRDA:73,9,0,0
BRDA:73,9,1,2
BRDA:74,10,0,0
BRDA:74,10,1,2
BRDA:75,11,0,0
BRDA:75,11,1,2
BRDA:76,12,0,0
BRDA:76,12,1,2
BRDA:77,13,0,0
BRDA:77,13,1,2
BRDA:78,14,0,1
BRDA:78,14,1,1
BRDA:84,15,0,0
BRDA:84,15,1,2
BRDA:84,16,0,2
BRDA:84,16,1,1
BRDA:84,16,2,0
BRDA:84,16,3,0
BRDA:84,16,4,0
BRDA:87,17,0,1
BRDA:87,17,1,1
BRDA:87,18,0,2
BRDA:87,18,1,1
BRDA:87,18,2,1
BRDA:87,18,3,1
BRDA:90,19,0,0
BRDA:90,19,1,1
BRDA:90,20,0,1
BRDA:90,20,1,0
BRDA:95,21,0,0
BRDA:95,21,1,1
BRDA:97,22,0,0
BRDA:97,22,1,0
BRDA:109,23,0,0
BRDA:109,23,1,0
BRDA:119,24,0,0
BRDA:119,24,1,1
BRDA:122,25,0,1
BRDA:122,25,1,0
BRDA:125,26,0,1
BRDA:125,26,1,0
BRDA:139,27,0,1
BRDA:139,27,1,0
BRDA:139,28,0,1
BRDA:139,28,1,0
BRF:64
BRH:38
end_of_record
TN:
SF:testing\helper.js
FN:7,(anonymous_0)
FN:16,(anonymous_1)
FN:29,(anonymous_2)
FN:37,(anonymous_3)
FN:41,(anonymous_4)
FN:42,(anonymous_5)
FN:51,(anonymous_6)
FNF:7
FNH:7
FNDA:1,(anonymous_0)
FNDA:1,(anonymous_1)
FNDA:1,(anonymous_2)
FNDA:12,(anonymous_3)
FNDA:10,(anonymous_4)
FNDA:10,(anonymous_5)
FNDA:36,(anonymous_6)
DA:1,1
DA:2,1
DA:4,1
DA:8,1
DA:9,1
DA:10,1
DA:17,1
DA:18,1
DA:23,1
DA:30,1
DA:31,1
DA:38,12
DA:39,12
DA:41,10
DA:42,10
DA:52,36
DA:55,36
DA:59,1
LF:18
LH:18
BRF:0
BRH:0
end_of_record
