{
  "C:\\xampp\\htdocs\\fakeID\\mean\\client\\fakeid\\src\\polyfills.ts": {
    "path": "C:\\xampp\\htdocs\\fakeID\\mean\\client\\fakeid\\src\\polyfills.ts",
    "statementMap": {},
    "fnMap": {},
    "branchMap": {},
    "s": {},
    "f": {},
    "b": {},
    "inputSourceMap": {
      "version": 3,
      "file": "polyfills.js",
      "sourceRoot": "",
      "sources": [
        "C:\\xampp\\htdocs\\fakeID\\mean\\client\\fakeid\\src\\polyfills.ts"
      ],
      "names": [],
      "mappings": "AAAA;;;;;;;;;;;;;;GAcG;AAEH;;GAEG;AAEH,sEAAsE;AACtE,oEAAoE;AAEpE;;;;GAIG;AACH,8EAA8E;AAE9E;;;;;;;;;;;;;;;;;;;;;;GAsBG;AAEH;;GAEG;AACH,OAAO,mBAAmB,CAAC,CAAE,6BAA6B;AAG1D;;GAEG",
      "sourcesContent": [
        "/**\n * This file includes polyfills needed by Angular and is loaded before the app.\n * You can add your own extra polyfills to this file.\n *\n * This file is divided into 2 sections:\n *   1. Browser polyfills. These are applied before loading ZoneJS and are sorted by browsers.\n *   2. Application imports. Files imported after ZoneJS that should be loaded before your main\n *      file.\n *\n * The current setup is for so-called \"evergreen\" browsers; the last versions of browsers that\n * automatically update themselves. This includes Safari >= 10, Chrome >= 55 (including Opera),\n * Edge >= 13 on the desktop, and iOS 10 and Chrome on mobile.\n *\n * Learn more in https://angular.io/guide/browser-support\n */\n\n/***************************************************************************************************\n * BROWSER POLYFILLS\n */\n\n/** IE11 requires the following for NgClass support on SVG elements */\n// import 'classlist.js';  // Run `npm install --save classlist.js`.\n\n/**\n * Web Animations `@angular/platform-browser/animations`\n * Only required if AnimationBuilder is used within the application and using IE/Edge or Safari.\n * Standard animation support in Angular DOES NOT require any polyfills (as of Angular 6.0).\n */\n// import 'web-animations-js';  // Run `npm install --save web-animations-js`.\n\n/**\n * By default, zone.js will patch all possible macroTask and DomEvents\n * user can disable parts of macroTask/DomEvents patch by setting following flags\n * because those flags need to be set before `zone.js` being loaded, and webpack\n * will put import in the top of bundle, so user need to create a separate file\n * in this directory (for example: zone-flags.ts), and put the following flags\n * into that file, and then add the following code before importing zone.js.\n * import './zone-flags';\n *\n * The flags allowed in zone-flags.ts are listed here.\n *\n * The following flags will work for all browsers.\n *\n * (window as any).__Zone_disable_requestAnimationFrame = true; // disable patch requestAnimationFrame\n * (window as any).__Zone_disable_on_property = true; // disable patch onProperty such as onclick\n * (window as any).__zone_symbol__UNPATCHED_EVENTS = ['scroll', 'mousemove']; // disable patch specified eventNames\n *\n *  in IE/Edge developer tools, the addEventListener will also be wrapped by zone.js\n *  with the following flag, it will bypass `zone.js` patch for IE/Edge\n *\n *  (window as any).__Zone_enable_cross_context_check = true;\n *\n */\n\n/***************************************************************************************************\n * Zone JS is required by default for Angular itself.\n */\nimport 'zone.js/dist/zone';  // Included with Angular CLI.\n\n\n/***************************************************************************************************\n * APPLICATION IMPORTS\n */\n"
      ]
    },
    "_coverageSchema": "332fd63041d2c1bcb487cc26dd0d5f7d97098a6c",
    "hash": "1dcd0f7b3e9c9f5621bf722e6c7b40004fd72311"
  },
  "C:\\xampp\\htdocs\\fakeID\\mean\\client\\fakeid\\src\\environments\\environment.ts": {
    "path": "C:\\xampp\\htdocs\\fakeID\\mean\\client\\fakeid\\src\\environments\\environment.ts",
    "statementMap": {
      "0": {
        "start": {
          "line": 4,
          "column": 27
        },
        "end": {
          "line": 7,
          "column": 1
        }
      }
    },
    "fnMap": {},
    "branchMap": {},
    "s": {
      "0": 26
    },
    "f": {},
    "b": {},
    "inputSourceMap": {
      "version": 3,
      "file": "environment.js",
      "sourceRoot": "",
      "sources": [
        "C:\\xampp\\htdocs\\fakeID\\mean\\client\\fakeid\\src\\environments\\environment.ts"
      ],
      "names": [],
      "mappings": "AAAA,gFAAgF;AAChF,0EAA0E;AAC1E,gEAAgE;AAEhE,MAAM,CAAC,MAAM,WAAW,GAAG;IACzB,UAAU,EAAE,KAAK;IACjB,MAAM,EAAE,uBAAuB;CAChC,CAAC;AAEF;;;;;;GAMG;AACH,mEAAmE",
      "sourcesContent": [
        "// This file can be replaced during build by using the `fileReplacements` array.\r\n// `ng build --prod` replaces `environment.ts` with `environment.prod.ts`.\r\n// The list of file replacements can be found in `angular.json`.\r\n\r\nexport const environment = {\r\n  production: false,\r\n  apiUrl: 'http://localhost:9090'\r\n};\r\n\r\n/*\r\n * For easier debugging in development mode, you can import the following file\r\n * to ignore zone related error stack frames such as `zone.run`, `zoneDelegate.invokeTask`.\r\n *\r\n * This import should be commented out in production mode because it will have a negative impact\r\n * on performance if an error is thrown.\r\n */\r\n// import 'zone.js/dist/zone-error';  // Included with Angular CLI.\r\n"
      ]
    },
    "_coverageSchema": "332fd63041d2c1bcb487cc26dd0d5f7d97098a6c",
    "hash": "602c6b1eb6cffe5f3b184c20f443a64a3a92c922"
  },
  "C:\\xampp\\htdocs\\fakeID\\mean\\client\\fakeid\\src\\app\\components\\notification\\notification.component.ts": {
    "path": "C:\\xampp\\htdocs\\fakeID\\mean\\client\\fakeid\\src\\app\\components\\notification\\notification.component.ts",
    "statementMap": {
      "0": {
        "start": {
          "line": 7,
          "column": 8
        },
        "end": {
          "line": 7,
          "column": 35
        }
      },
      "1": {
        "start": {
          "line": 8,
          "column": 8
        },
        "end": {
          "line": 8,
          "column": 25
        }
      },
      "2": {
        "start": {
          "line": 11,
          "column": 8
        },
        "end": {
          "line": 11,
          "column": 31
        }
      },
      "3": {
        "start": {
          "line": 14,
          "column": 0
        },
        "end": {
          "line": 14,
          "column": 194
        }
      },
      "4": {
        "start": {
          "line": 14,
          "column": 73
        },
        "end": {
          "line": 14,
          "column": 191
        }
      },
      "5": {
        "start": {
          "line": 15,
          "column": 0
        },
        "end": {
          "line": 30,
          "column": 1361
        }
      },
      "6": {
        "start": {
          "line": 15,
          "column": 259
        },
        "end": {
          "line": 27,
          "column": 5
        }
      },
      "7": {
        "start": {
          "line": 16,
          "column": 8
        },
        "end": {
          "line": 16,
          "column": 54
        }
      },
      "8": {
        "start": {
          "line": 17,
          "column": 8
        },
        "end": {
          "line": 17,
          "column": 34
        }
      },
      "9": {
        "start": {
          "line": 18,
          "column": 8
        },
        "end": {
          "line": 18,
          "column": 21
        }
      },
      "10": {
        "start": {
          "line": 19,
          "column": 8
        },
        "end": {
          "line": 19,
          "column": 26
        }
      },
      "11": {
        "start": {
          "line": 20,
          "column": 8
        },
        "end": {
          "line": 20,
          "column": 26
        }
      },
      "12": {
        "start": {
          "line": 21,
          "column": 8
        },
        "end": {
          "line": 21,
          "column": 51
        }
      },
      "13": {
        "start": {
          "line": 22,
          "column": 8
        },
        "end": {
          "line": 22,
          "column": 42
        }
      },
      "14": {
        "start": {
          "line": 23,
          "column": 8
        },
        "end": {
          "line": 23,
          "column": 122
        }
      },
      "15": {
        "start": {
          "line": 23,
          "column": 99
        },
        "end": {
          "line": 23,
          "column": 118
        }
      },
      "16": {
        "start": {
          "line": 24,
          "column": 8
        },
        "end": {
          "line": 24,
          "column": 30
        }
      },
      "17": {
        "start": {
          "line": 25,
          "column": 8
        },
        "end": {
          "line": 25,
          "column": 26
        }
      },
      "18": {
        "start": {
          "line": 26,
          "column": 8
        },
        "end": {
          "line": 26,
          "column": 26
        }
      },
      "19": {
        "start": {
          "line": 27,
          "column": 6
        },
        "end": {
          "line": 30,
          "column": 5
        }
      },
      "20": {
        "start": {
          "line": 28,
          "column": 8
        },
        "end": {
          "line": 28,
          "column": 24
        }
      },
      "21": {
        "start": {
          "line": 29,
          "column": 8
        },
        "end": {
          "line": 29,
          "column": 44
        }
      },
      "22": {
        "start": {
          "line": 31,
          "column": 14
        },
        "end": {
          "line": 41,
          "column": 34
        }
      },
      "23": {
        "start": {
          "line": 31,
          "column": 29
        },
        "end": {
          "line": 41,
          "column": 28
        }
      },
      "24": {
        "start": {
          "line": 38,
          "column": 22
        },
        "end": {
          "line": 41,
          "column": 18
        }
      }
    },
    "fnMap": {
      "0": {
        "name": "(anonymous_0)",
        "decl": {
          "start": {
            "line": 6,
            "column": 4
          },
          "end": {
            "line": 6,
            "column": 5
          }
        },
        "loc": {
          "start": {
            "line": 6,
            "column": 33
          },
          "end": {
            "line": 9,
            "column": 5
          }
        },
        "line": 6
      },
      "1": {
        "name": "(anonymous_1)",
        "decl": {
          "start": {
            "line": 10,
            "column": 4
          },
          "end": {
            "line": 10,
            "column": 5
          }
        },
        "loc": {
          "start": {
            "line": 10,
            "column": 12
          },
          "end": {
            "line": 12,
            "column": 5
          }
        },
        "line": 10
      },
      "2": {
        "name": "NotificationComponent_Factory",
        "decl": {
          "start": {
            "line": 14,
            "column": 38
          },
          "end": {
            "line": 14,
            "column": 67
          }
        },
        "loc": {
          "start": {
            "line": 14,
            "column": 71
          },
          "end": {
            "line": 14,
            "column": 193
          }
        },
        "line": 14
      },
      "3": {
        "name": "NotificationComponent_Template",
        "decl": {
          "start": {
            "line": 15,
            "column": 217
          },
          "end": {
            "line": 15,
            "column": 247
          }
        },
        "loc": {
          "start": {
            "line": 15,
            "column": 257
          },
          "end": {
            "line": 30,
            "column": 7
          }
        },
        "line": 15
      },
      "4": {
        "name": "NotificationComponent_Template_button_click_4_listener",
        "decl": {
          "start": {
            "line": 23,
            "column": 40
          },
          "end": {
            "line": 23,
            "column": 94
          }
        },
        "loc": {
          "start": {
            "line": 23,
            "column": 97
          },
          "end": {
            "line": 23,
            "column": 120
          }
        },
        "line": 23
      },
      "5": {
        "name": "(anonymous_5)",
        "decl": {
          "start": {
            "line": 31,
            "column": 15
          },
          "end": {
            "line": 31,
            "column": 16
          }
        },
        "loc": {
          "start": {
            "line": 31,
            "column": 27
          },
          "end": {
            "line": 41,
            "column": 30
          }
        },
        "line": 31
      },
      "6": {
        "name": "(anonymous_6)",
        "decl": {
          "start": {
            "line": 38,
            "column": 8
          },
          "end": {
            "line": 38,
            "column": 9
          }
        },
        "loc": {
          "start": {
            "line": 38,
            "column": 20
          },
          "end": {
            "line": 41,
            "column": 20
          }
        },
        "line": 38
      }
    },
    "branchMap": {
      "0": {
        "loc": {
          "start": {
            "line": 14,
            "column": 85
          },
          "end": {
            "line": 14,
            "column": 111
          }
        },
        "type": "binary-expr",
        "locations": [
          {
            "start": {
              "line": 14,
              "column": 85
            },
            "end": {
              "line": 14,
              "column": 86
            }
          },
          {
            "start": {
              "line": 14,
              "column": 90
            },
            "end": {
              "line": 14,
              "column": 111
            }
          }
        ],
        "line": 14
      },
      "1": {
        "loc": {
          "start": {
            "line": 15,
            "column": 259
          },
          "end": {
            "line": 27,
            "column": 5
          }
        },
        "type": "if",
        "locations": [
          {
            "start": {
              "line": 15,
              "column": 259
            },
            "end": {
              "line": 27,
              "column": 5
            }
          },
          {
            "start": {
              "line": 15,
              "column": 259
            },
            "end": {
              "line": 27,
              "column": 5
            }
          }
        ],
        "line": 15
      },
      "2": {
        "loc": {
          "start": {
            "line": 27,
            "column": 6
          },
          "end": {
            "line": 30,
            "column": 5
          }
        },
        "type": "if",
        "locations": [
          {
            "start": {
              "line": 27,
              "column": 6
            },
            "end": {
              "line": 30,
              "column": 5
            }
          },
          {
            "start": {
              "line": 27,
              "column": 6
            },
            "end": {
              "line": 30,
              "column": 5
            }
          }
        ],
        "line": 27
      }
    },
    "s": {
      "0": 5,
      "1": 5,
      "2": 2,
      "3": 26,
      "4": 5,
      "5": 26,
      "6": 43,
      "7": 5,
      "8": 5,
      "9": 5,
      "10": 5,
      "11": 5,
      "12": 5,
      "13": 5,
      "14": 5,
      "15": 2,
      "16": 5,
      "17": 5,
      "18": 5,
      "19": 43,
      "20": 38,
      "21": 38,
      "22": 26,
      "23": 26,
      "24": 0
    },
    "f": {
      "0": 5,
      "1": 2,
      "2": 5,
      "3": 43,
      "4": 2,
      "5": 26,
      "6": 0
    },
    "b": {
      "0": [
        5,
        5
      ],
      "1": [
        5,
        38
      ],
      "2": [
        38,
        5
      ]
    },
    "inputSourceMap": {
      "version": 3,
      "file": "notification.component.js",
      "sourceRoot": "",
      "sources": [
        "C:\\xampp\\htdocs\\fakeID\\mean\\client\\fakeid\\src\\app\\components\\notification\\notification.component.ts",
        "C:\\xampp\\htdocs\\fakeID\\mean\\client\\fakeid\\src\\app\\components\\notification\\notification.component.html"
      ],
      "names": [],
      "mappings": "AAAA,OAAO,EAAE,SAAS,EAAE,MAAM,EAAE,MAAM,eAAe,CAAC;AAClD,OAAO,EAAgB,eAAe,EAAE,MAAM,0BAA0B,CAAC;;;AAQzE,MAAM,OAAO,qBAAqB;IAChC,YACS,SAA8C,EACrB,IAAoB;QAD7C,cAAS,GAAT,SAAS,CAAqC;QACrB,SAAI,GAAJ,IAAI,CAAgB;IACnD,CAAC;IAIJ,KAAK;QACH,IAAI,CAAC,SAAS,CAAC,KAAK,EAAE,CAAC;IACzB,CAAC;;0FAVU,qBAAqB,8DAGtB,eAAe;0DAHd,qBAAqB;QCTlC,6CACE;QAAA,yBAAG;QAAA,YAAa;QAAA,iBAAI;QACtB,iBAAqB;QAErB,0CACE;QAAA,iCAA4C;QAAlB,kGAAS,WAAO,IAAC;QAAC,qBAAK;QAAA,iBAAS;QAC5D,iBAAqB;;QALhB,eAAa;QAAb,mCAAa;;kDDQL,qBAAqB;cALjC,SAAS;eAAC;gBACT,QAAQ,EAAE,kBAAkB;gBAC5B,WAAW,EAAE,+BAA+B;gBAC5C,SAAS,EAAE,CAAC,+BAA+B,CAAC;aAC7C;;sBAII,MAAM;uBAAC,eAAe",
      "sourcesContent": [
        "import { Component, Inject } from '@angular/core';\r\nimport { MatDialogRef, MAT_DIALOG_DATA } from '@angular/material/dialog';\r\nimport { DialogDataUser } from '../../models/user.model';\r\n\r\n@Component({\r\n  selector: 'app-notification',\r\n  templateUrl: './notification.component.html',\r\n  styleUrls: ['./notification.component.scss'],\r\n})\r\nexport class NotificationComponent {\r\n  constructor(\r\n    public dialogRef: MatDialogRef<NotificationComponent>,\r\n    @Inject(MAT_DIALOG_DATA) public data: DialogDataUser,\r\n  ) {}\r\n\r\n  \r\n\r\n  close() {\r\n    this.dialogRef.close();\r\n  }\r\n}\r\n",
        "<mat-dialog-content class=\"mat-typography\">\r\n  <p>{{data.text}}</p>\r\n</mat-dialog-content>\r\n\r\n<mat-dialog-actions>\r\n  <button class=\"btn-modal\" (click)=\"close()\">Close</button>\r\n</mat-dialog-actions>\r\n"
      ]
    },
    "_coverageSchema": "332fd63041d2c1bcb487cc26dd0d5f7d97098a6c",
    "hash": "0e781d2effc559d2c409f9ffde3352c6cdee98fb"
  },
  "C:\\xampp\\htdocs\\fakeID\\mean\\client\\fakeid\\src\\app\\models\\user.model.ts": {
    "path": "C:\\xampp\\htdocs\\fakeID\\mean\\client\\fakeid\\src\\app\\models\\user.model.ts",
    "statementMap": {
      "0": {
        "start": {
          "line": 20,
          "column": 8
        },
        "end": {
          "line": 20,
          "column": 23
        }
      },
      "1": {
        "start": {
          "line": 21,
          "column": 8
        },
        "end": {
          "line": 21,
          "column": 25
        }
      },
      "2": {
        "start": {
          "line": 22,
          "column": 8
        },
        "end": {
          "line": 22,
          "column": 39
        }
      },
      "3": {
        "start": {
          "line": 23,
          "column": 8
        },
        "end": {
          "line": 23,
          "column": 23
        }
      },
      "4": {
        "start": {
          "line": 24,
          "column": 8
        },
        "end": {
          "line": 24,
          "column": 31
        }
      },
      "5": {
        "start": {
          "line": 25,
          "column": 8
        },
        "end": {
          "line": 25,
          "column": 29
        }
      },
      "6": {
        "start": {
          "line": 26,
          "column": 8
        },
        "end": {
          "line": 26,
          "column": 57
        }
      },
      "7": {
        "start": {
          "line": 27,
          "column": 8
        },
        "end": {
          "line": 27,
          "column": 43
        }
      },
      "8": {
        "start": {
          "line": 28,
          "column": 8
        },
        "end": {
          "line": 28,
          "column": 23
        }
      },
      "9": {
        "start": {
          "line": 29,
          "column": 8
        },
        "end": {
          "line": 29,
          "column": 39
        }
      },
      "10": {
        "start": {
          "line": 30,
          "column": 8
        },
        "end": {
          "line": 30,
          "column": 29
        }
      },
      "11": {
        "start": {
          "line": 31,
          "column": 8
        },
        "end": {
          "line": 31,
          "column": 33
        }
      },
      "12": {
        "start": {
          "line": 32,
          "column": 8
        },
        "end": {
          "line": 32,
          "column": 31
        }
      },
      "13": {
        "start": {
          "line": 33,
          "column": 8
        },
        "end": {
          "line": 33,
          "column": 47
        }
      },
      "14": {
        "start": {
          "line": 34,
          "column": 8
        },
        "end": {
          "line": 34,
          "column": 33
        }
      },
      "15": {
        "start": {
          "line": 35,
          "column": 8
        },
        "end": {
          "line": 35,
          "column": 31
        }
      },
      "16": {
        "start": {
          "line": 36,
          "column": 8
        },
        "end": {
          "line": 36,
          "column": 31
        }
      },
      "17": {
        "start": {
          "line": 37,
          "column": 8
        },
        "end": {
          "line": 37,
          "column": 37
        }
      },
      "18": {
        "start": {
          "line": 41,
          "column": 0
        },
        "end": {
          "line": 44,
          "column": 44
        }
      },
      "19": {
        "start": {
          "line": 42,
          "column": 4
        },
        "end": {
          "line": 42,
          "column": 46
        }
      },
      "20": {
        "start": {
          "line": 43,
          "column": 4
        },
        "end": {
          "line": 43,
          "column": 46
        }
      }
    },
    "fnMap": {
      "0": {
        "name": "(anonymous_0)",
        "decl": {
          "start": {
            "line": 19,
            "column": 4
          },
          "end": {
            "line": 19,
            "column": 5
          }
        },
        "loc": {
          "start": {
            "line": 19,
            "column": 201
          },
          "end": {
            "line": 38,
            "column": 5
          }
        },
        "line": 19
      },
      "1": {
        "name": "(anonymous_1)",
        "decl": {
          "start": {
            "line": 41,
            "column": 1
          },
          "end": {
            "line": 41,
            "column": 2
          }
        },
        "loc": {
          "start": {
            "line": 41,
            "column": 27
          },
          "end": {
            "line": 44,
            "column": 1
          }
        },
        "line": 41
      }
    },
    "branchMap": {
      "0": {
        "loc": {
          "start": {
            "line": 44,
            "column": 3
          },
          "end": {
            "line": 44,
            "column": 42
          }
        },
        "type": "binary-expr",
        "locations": [
          {
            "start": {
              "line": 44,
              "column": 3
            },
            "end": {
              "line": 44,
              "column": 17
            }
          },
          {
            "start": {
              "line": 44,
              "column": 22
            },
            "end": {
              "line": 44,
              "column": 41
            }
          }
        ],
        "line": 44
      }
    },
    "s": {
      "0": 0,
      "1": 0,
      "2": 0,
      "3": 0,
      "4": 0,
      "5": 0,
      "6": 0,
      "7": 0,
      "8": 0,
      "9": 0,
      "10": 0,
      "11": 0,
      "12": 0,
      "13": 0,
      "14": 0,
      "15": 0,
      "16": 0,
      "17": 0,
      "18": 26,
      "19": 26,
      "20": 26
    },
    "f": {
      "0": 0,
      "1": 26
    },
    "b": {
      "0": [
        26,
        26
      ]
    },
    "inputSourceMap": {
      "version": 3,
      "file": "user.model.js",
      "sourceRoot": "",
      "sources": [
        "C:\\xampp\\htdocs\\fakeID\\mean\\client\\fakeid\\src\\app\\models\\user.model.ts"
      ],
      "names": [],
      "mappings": "AAAA,0BAA0B;AAC1B,iBAAiB;AACjB,kBAAkB;AAClB,yBAAyB;AACzB,iBAAiB;AACjB,qBAAqB;AACrB,oBAAoB;AACpB,2BAA2B;AAC3B,iBAAiB;AACjB,yBAAyB;AACzB,oBAAoB;AACpB,6BAA6B;AAC7B,4BAA4B;AAC5B,qBAAqB;AACrB,yBAAyB;AACzB,sBAAsB;AACtB,IAAI;AAEJ,MAAM,OAAO,IAAI;IAEf,YACS,GAAW,EACX,IAAY,EACZ,WAAmB,EACnB,GAAW,EACX,OAAe,EACf,MAAc,EACd,oBAA4B,EAC5B,aAAqB,EACrB,GAAW,EACX,WAAmB,EACnB,MAGN,EACM,QAAgB,EAChB,OAAe,EACf,eAAuB,EACvB,QAON,EACM,OAON,EACM,OAAgB,EAChB,UAAmB;QAlCnB,QAAG,GAAH,GAAG,CAAQ;QACX,SAAI,GAAJ,IAAI,CAAQ;QACZ,gBAAW,GAAX,WAAW,CAAQ;QACnB,QAAG,GAAH,GAAG,CAAQ;QACX,YAAO,GAAP,OAAO,CAAQ;QACf,WAAM,GAAN,MAAM,CAAQ;QACd,yBAAoB,GAApB,oBAAoB,CAAQ;QAC5B,kBAAa,GAAb,aAAa,CAAQ;QACrB,QAAG,GAAH,GAAG,CAAQ;QACX,gBAAW,GAAX,WAAW,CAAQ;QACnB,WAAM,GAAN,MAAM,CAGZ;QACM,aAAQ,GAAR,QAAQ,CAAQ;QAChB,YAAO,GAAP,OAAO,CAAQ;QACf,oBAAe,GAAf,eAAe,CAAQ;QACvB,aAAQ,GAAR,QAAQ,CAOd;QACM,YAAO,GAAP,OAAO,CAOb;QACM,YAAO,GAAP,OAAO,CAAS;QAChB,eAAU,GAAV,UAAU,CAAS;IACzB,CAAC;CACL;AAMD,MAAM,CAAN,IAAY,cAGX;AAHD,WAAY,cAAc;IACxB,yCAAuB,CAAA;IACvB,yCAAuB,CAAA;AACzB,CAAC,EAHW,cAAc,KAAd,cAAc,QAGzB",
      "sourcesContent": [
        "// export interface User {\r\n//   _id: string;\r\n//   name: string;\r\n//   dateOfBirth: string;\r\n//   age: number;\r\n//   address: string;\r\n//   gender: string;\r\n//   maritalStatus: string;\r\n//   CVR: string;\r\n//   companyName: string;\r\n//   spouse: object;\r\n//   children: Array<object>;\r\n//   parents: Array<object>;\r\n//   isChild: string;\r\n//   isEmployee: boolean;\r\n//   [x: string]: any;\r\n// }\r\n\r\nexport class User {\r\n  [x: string]: any;\r\n  constructor(\r\n    public _id: string,\r\n    public name: string,\r\n    public dateOfBirth: string,\r\n    public age: number,\r\n    public address: string,\r\n    public gender: string,\r\n    public genderIdentification: string,\r\n    public maritalStatus: string,\r\n    public CVR: string,\r\n    public companyName: string,\r\n    public spouse: {\r\n      _id: string;\r\n      name: string | undefined;\r\n    },\r\n    public spouseId: string,\r\n    public childId: string,\r\n    public maritalStatusId: string,\r\n    public children: [\r\n      {\r\n        _id: string;\r\n        name: string | undefined;\r\n        gender: string;\r\n        age: number;\r\n      }\r\n    ],\r\n    public parents: [\r\n      {\r\n        _id: string;\r\n        name: string | undefined;\r\n        gender: string;\r\n        age: number;\r\n      }\r\n    ],\r\n    public isChild: boolean,\r\n    public isEmployee: boolean\r\n  ) {}\r\n}\r\n\r\nexport interface DialogDataUser {\r\n  text: DialogTextUser;\r\n}\r\n\r\nexport enum DialogTextUser {\r\n  update = 'User updated',\r\n  create = 'User created',\r\n}\r\n"
      ]
    },
    "_coverageSchema": "332fd63041d2c1bcb487cc26dd0d5f7d97098a6c",
    "hash": "524309fa17592ddb688dcbf67777a3a02cae738b"
  },
  "C:\\xampp\\htdocs\\fakeID\\mean\\client\\fakeid\\src\\app\\services\\create-user.service.ts": {
    "path": "C:\\xampp\\htdocs\\fakeID\\mean\\client\\fakeid\\src\\app\\services\\create-user.service.ts",
    "statementMap": {
      "0": {
        "start": {
          "line": 10,
          "column": 8
        },
        "end": {
          "line": 10,
          "column": 25
        }
      },
      "1": {
        "start": {
          "line": 11,
          "column": 8
        },
        "end": {
          "line": 11,
          "column": 54
        }
      },
      "2": {
        "start": {
          "line": 12,
          "column": 8
        },
        "end": {
          "line": 14,
          "column": 10
        }
      },
      "3": {
        "start": {
          "line": 17,
          "column": 8
        },
        "end": {
          "line": 17,
          "column": 26
        }
      },
      "4": {
        "start": {
          "line": 18,
          "column": 8
        },
        "end": {
          "line": 20,
          "column": 64
        }
      },
      "5": {
        "start": {
          "line": 29,
          "column": 8
        },
        "end": {
          "line": 34,
          "column": 10
        }
      },
      "6": {
        "start": {
          "line": 30,
          "column": 12
        },
        "end": {
          "line": 30,
          "column": 33
        }
      },
      "7": {
        "start": {
          "line": 31,
          "column": 12
        },
        "end": {
          "line": 31,
          "column": 62
        }
      },
      "8": {
        "start": {
          "line": 33,
          "column": 12
        },
        "end": {
          "line": 33,
          "column": 30
        }
      },
      "9": {
        "start": {
          "line": 38,
          "column": 8
        },
        "end": {
          "line": 38,
          "column": 29
        }
      },
      "10": {
        "start": {
          "line": 41,
          "column": 0
        },
        "end": {
          "line": 41,
          "column": 132
        }
      },
      "11": {
        "start": {
          "line": 41,
          "column": 65
        },
        "end": {
          "line": 41,
          "column": 129
        }
      },
      "12": {
        "start": {
          "line": 42,
          "column": 0
        },
        "end": {
          "line": 42,
          "column": 131
        }
      },
      "13": {
        "start": {
          "line": 43,
          "column": 14
        },
        "end": {
          "line": 48,
          "column": 71
        }
      },
      "14": {
        "start": {
          "line": 43,
          "column": 29
        },
        "end": {
          "line": 48,
          "column": 65
        }
      },
      "15": {
        "start": {
          "line": 48,
          "column": 22
        },
        "end": {
          "line": 48,
          "column": 55
        }
      }
    },
    "fnMap": {
      "0": {
        "name": "(anonymous_0)",
        "decl": {
          "start": {
            "line": 9,
            "column": 4
          },
          "end": {
            "line": 9,
            "column": 5
          }
        },
        "loc": {
          "start": {
            "line": 9,
            "column": 22
          },
          "end": {
            "line": 15,
            "column": 5
          }
        },
        "line": 9
      },
      "1": {
        "name": "(anonymous_1)",
        "decl": {
          "start": {
            "line": 16,
            "column": 4
          },
          "end": {
            "line": 16,
            "column": 5
          }
        },
        "loc": {
          "start": {
            "line": 16,
            "column": 18
          },
          "end": {
            "line": 21,
            "column": 5
          }
        },
        "line": 16
      },
      "2": {
        "name": "(anonymous_2)",
        "decl": {
          "start": {
            "line": 28,
            "column": 4
          },
          "end": {
            "line": 28,
            "column": 5
          }
        },
        "loc": {
          "start": {
            "line": 28,
            "column": 49
          },
          "end": {
            "line": 35,
            "column": 5
          }
        },
        "line": 28
      },
      "3": {
        "name": "(anonymous_3)",
        "decl": {
          "start": {
            "line": 29,
            "column": 15
          },
          "end": {
            "line": 29,
            "column": 16
          }
        },
        "loc": {
          "start": {
            "line": 29,
            "column": 26
          },
          "end": {
            "line": 34,
            "column": 9
          }
        },
        "line": 29
      },
      "4": {
        "name": "(anonymous_4)",
        "decl": {
          "start": {
            "line": 37,
            "column": 4
          },
          "end": {
            "line": 37,
            "column": 5
          }
        },
        "loc": {
          "start": {
            "line": 37,
            "column": 17
          },
          "end": {
            "line": 39,
            "column": 5
          }
        },
        "line": 37
      },
      "5": {
        "name": "CreateUserService_Factory",
        "decl": {
          "start": {
            "line": 41,
            "column": 34
          },
          "end": {
            "line": 41,
            "column": 59
          }
        },
        "loc": {
          "start": {
            "line": 41,
            "column": 63
          },
          "end": {
            "line": 41,
            "column": 131
          }
        },
        "line": 41
      },
      "6": {
        "name": "(anonymous_6)",
        "decl": {
          "start": {
            "line": 43,
            "column": 15
          },
          "end": {
            "line": 43,
            "column": 16
          }
        },
        "loc": {
          "start": {
            "line": 43,
            "column": 27
          },
          "end": {
            "line": 48,
            "column": 67
          }
        },
        "line": 43
      },
      "7": {
        "name": "(anonymous_7)",
        "decl": {
          "start": {
            "line": 48,
            "column": 8
          },
          "end": {
            "line": 48,
            "column": 9
          }
        },
        "loc": {
          "start": {
            "line": 48,
            "column": 20
          },
          "end": {
            "line": 48,
            "column": 57
          }
        },
        "line": 48
      }
    },
    "branchMap": {
      "0": {
        "loc": {
          "start": {
            "line": 28,
            "column": 16
          },
          "end": {
            "line": 28,
            "column": 39
          }
        },
        "type": "default-arg",
        "locations": [
          {
            "start": {
              "line": 28,
              "column": 28
            },
            "end": {
              "line": 28,
              "column": 39
            }
          }
        ],
        "line": 28
      },
      "1": {
        "loc": {
          "start": {
            "line": 41,
            "column": 77
          },
          "end": {
            "line": 41,
            "column": 99
          }
        },
        "type": "binary-expr",
        "locations": [
          {
            "start": {
              "line": 41,
              "column": 77
            },
            "end": {
              "line": 41,
              "column": 78
            }
          },
          {
            "start": {
              "line": 41,
              "column": 82
            },
            "end": {
              "line": 41,
              "column": 99
            }
          }
        ],
        "line": 41
      }
    },
    "s": {
      "0": 12,
      "1": 12,
      "2": 12,
      "3": 7,
      "4": 7,
      "5": 7,
      "6": 0,
      "7": 0,
      "8": 0,
      "9": 0,
      "10": 26,
      "11": 12,
      "12": 26,
      "13": 26,
      "14": 26,
      "15": 0
    },
    "f": {
      "0": 12,
      "1": 7,
      "2": 7,
      "3": 0,
      "4": 0,
      "5": 12,
      "6": 26,
      "7": 0
    },
    "b": {
      "0": [
        0
      ],
      "1": [
        12,
        12
      ]
    },
    "inputSourceMap": {
      "version": 3,
      "file": "create-user.service.js",
      "sourceRoot": "",
      "sources": [
        "C:\\xampp\\htdocs\\fakeID\\mean\\client\\fakeid\\src\\app\\services\\create-user.service.ts"
      ],
      "names": [],
      "mappings": "AAAA,OAAO,EAAc,WAAW,EAAE,MAAM,sBAAsB,CAAC;AAC/D,OAAO,EAAE,UAAU,EAAE,MAAM,eAAe,CAAC;AAC3C,OAAO,EAAc,EAAE,EAAE,MAAM,MAAM,CAAC;AACtC,OAAO,EAAE,UAAU,EAAE,MAAM,gBAAgB,CAAC;AAC5C,OAAO,EAAE,WAAW,EAAE,MAAM,gCAAgC,CAAC;;;AAM7D,MAAM,OAAO,iBAAiB;IAO5B,YAAmB,IAAgB;QAAhB,SAAI,GAAJ,IAAI,CAAY;QAN5B,aAAQ,GAAG,GAAG,WAAW,CAAC,MAAM,QAAQ,CAAC;QAEhD,gBAAW,GAAG;YACZ,OAAO,EAAE,IAAI,WAAW,CAAC,EAAE,cAAc,EAAE,kBAAkB,EAAE,CAAC;SACjE,CAAC;IAEoC,CAAC;IAEvC,OAAO,CAAC,IAAU;QAChB,OAAO,CAAC,GAAG,CAAC,IAAI,CAAC,CAAC;QAClB,OAAO,IAAI,CAAC,IAAI;aACb,IAAI,CAAO,IAAI,CAAC,QAAQ,EAAE,IAAI,EAAE,IAAI,CAAC,WAAW,CAAC;aACjD,IAAI,CAAC,UAAU,CAAC,IAAI,CAAC,WAAW,CAAM,cAAc,CAAC,CAAC,CAAC,CAAC;IAC7D,CAAC;IAED;;;;;OAKG;IACI,WAAW,CAAI,SAAS,GAAG,WAAW,EAAE,MAAU;QACvD,OAAO,CAAC,KAAU,EAAiB,EAAE;YACnC,OAAO,CAAC,KAAK,CAAC,KAAK,CAAC,CAAC,CAAC,yBAAyB;YAE/C,IAAI,CAAC,GAAG,CAAC,GAAG,SAAS,YAAY,KAAK,CAAC,OAAO,EAAE,CAAC,CAAC;YAElD,yDAAyD;YACzD,OAAO,EAAE,CAAC,MAAW,CAAC,CAAC;QACzB,CAAC,CAAC;IACJ,CAAC;IAED,wDAAwD;IACjD,GAAG,CAAC,OAAe;QACxB,OAAO,CAAC,GAAG,CAAC,OAAO,CAAC,CAAC;IACvB,CAAC;;kFApCU,iBAAiB;yDAAjB,iBAAiB,WAAjB,iBAAiB,mBAFhB,MAAM;kDAEP,iBAAiB;cAH7B,UAAU;eAAC;gBACV,UAAU,EAAE,MAAM;aACnB",
      "sourcesContent": [
        "import { HttpClient, HttpHeaders } from '@angular/common/http';\r\nimport { Injectable } from '@angular/core';\r\nimport { Observable, of } from 'rxjs';\r\nimport { catchError } from 'rxjs/operators';\r\nimport { environment } from '../../environments/environment';\r\nimport { User } from '../models/user.model';\r\n\r\n@Injectable({\r\n  providedIn: 'root',\r\n})\r\nexport class CreateUserService {\r\n  public usersUrl = `${environment.apiUrl}/users`;\r\n\r\n  httpOptions = {\r\n    headers: new HttpHeaders({ 'Content-Type': 'application/json' }),\r\n  };\r\n\r\n  constructor(public http: HttpClient) {}\r\n\r\n  addUser(user: User) {\r\n    console.log(user);\r\n    return this.http\r\n      .post<User>(this.usersUrl, user, this.httpOptions)\r\n      .pipe(catchError(this.handleError<any>('created User')));\r\n  }\r\n\r\n  /**\r\n   * Handle Http operation that failed.\r\n\r\n   * @param operation - name of the operation that failed\r\n   * @param result - optional value to return as the observable result\r\n   */\r\n  public handleError<T>(operation = 'operation', result?: T) {\r\n    return (error: any): Observable<T> => {\r\n      console.error(error); // log to console instead\r\n\r\n      this.log(`${operation} failed: ${error.message}`);\r\n\r\n      // Let the app keep running by returning an empty result.\r\n      return of(result as T);\r\n    };\r\n  }\r\n\r\n  /** Log a HeroService message with the MessageService */\r\n  public log(message: string) {\r\n    console.log(message);\r\n  }\r\n}\r\n"
      ]
    },
    "_coverageSchema": "332fd63041d2c1bcb487cc26dd0d5f7d97098a6c",
    "hash": "ed940d18623bcb389add979287cdd1f7095ed7ae"
  },
  "C:\\xampp\\htdocs\\fakeID\\mean\\client\\fakeid\\src\\app\\pages\\create-user\\create-user.component.ts": {
    "path": "C:\\xampp\\htdocs\\fakeID\\mean\\client\\fakeid\\src\\app\\pages\\create-user\\create-user.component.ts",
    "statementMap": {
      "0": {
        "start": {
          "line": 22,
          "column": 55
        },
        "end": {
          "line": 26,
          "column": 1
        }
      },
      "1": {
        "start": {
          "line": 23,
          "column": 4
        },
        "end": {
          "line": 23,
          "column": 36
        }
      },
      "2": {
        "start": {
          "line": 24,
          "column": 4
        },
        "end": {
          "line": 24,
          "column": 39
        }
      },
      "3": {
        "start": {
          "line": 25,
          "column": 4
        },
        "end": {
          "line": 25,
          "column": 22
        }
      },
      "4": {
        "start": {
          "line": 27,
          "column": 56
        },
        "end": {
          "line": 31,
          "column": 1
        }
      },
      "5": {
        "start": {
          "line": 28,
          "column": 4
        },
        "end": {
          "line": 28,
          "column": 36
        }
      },
      "6": {
        "start": {
          "line": 29,
          "column": 4
        },
        "end": {
          "line": 29,
          "column": 45
        }
      },
      "7": {
        "start": {
          "line": 30,
          "column": 4
        },
        "end": {
          "line": 30,
          "column": 22
        }
      },
      "8": {
        "start": {
          "line": 32,
          "column": 63
        },
        "end": {
          "line": 36,
          "column": 1
        }
      },
      "9": {
        "start": {
          "line": 33,
          "column": 4
        },
        "end": {
          "line": 33,
          "column": 43
        }
      },
      "10": {
        "start": {
          "line": 34,
          "column": 4
        },
        "end": {
          "line": 34,
          "column": 17
        }
      },
      "11": {
        "start": {
          "line": 35,
          "column": 4
        },
        "end": {
          "line": 35,
          "column": 22
        }
      },
      "12": {
        "start": {
          "line": 36,
          "column": 2
        },
        "end": {
          "line": 41,
          "column": 1
        }
      },
      "13": {
        "start": {
          "line": 37,
          "column": 22
        },
        "end": {
          "line": 37,
          "column": 35
        }
      },
      "14": {
        "start": {
          "line": 38,
          "column": 4
        },
        "end": {
          "line": 38,
          "column": 38
        }
      },
      "15": {
        "start": {
          "line": 39,
          "column": 4
        },
        "end": {
          "line": 39,
          "column": 20
        }
      },
      "16": {
        "start": {
          "line": 40,
          "column": 4
        },
        "end": {
          "line": 40,
          "column": 47
        }
      },
      "17": {
        "start": {
          "line": 42,
          "column": 63
        },
        "end": {
          "line": 46,
          "column": 1
        }
      },
      "18": {
        "start": {
          "line": 43,
          "column": 4
        },
        "end": {
          "line": 43,
          "column": 43
        }
      },
      "19": {
        "start": {
          "line": 44,
          "column": 4
        },
        "end": {
          "line": 44,
          "column": 17
        }
      },
      "20": {
        "start": {
          "line": 45,
          "column": 4
        },
        "end": {
          "line": 45,
          "column": 22
        }
      },
      "21": {
        "start": {
          "line": 46,
          "column": 2
        },
        "end": {
          "line": 51,
          "column": 1
        }
      },
      "22": {
        "start": {
          "line": 47,
          "column": 23
        },
        "end": {
          "line": 47,
          "column": 36
        }
      },
      "23": {
        "start": {
          "line": 48,
          "column": 4
        },
        "end": {
          "line": 48,
          "column": 39
        }
      },
      "24": {
        "start": {
          "line": 49,
          "column": 4
        },
        "end": {
          "line": 49,
          "column": 20
        }
      },
      "25": {
        "start": {
          "line": 50,
          "column": 4
        },
        "end": {
          "line": 50,
          "column": 48
        }
      },
      "26": {
        "start": {
          "line": 52,
          "column": 0
        },
        "end": {
          "line": 52,
          "column": 20
        }
      },
      "27": {
        "start": {
          "line": 57,
          "column": 8
        },
        "end": {
          "line": 57,
          "column": 21
        }
      },
      "28": {
        "start": {
          "line": 58,
          "column": 8
        },
        "end": {
          "line": 58,
          "column": 33
        }
      },
      "29": {
        "start": {
          "line": 59,
          "column": 8
        },
        "end": {
          "line": 59,
          "column": 27
        }
      },
      "30": {
        "start": {
          "line": 60,
          "column": 8
        },
        "end": {
          "line": 60,
          "column": 29
        }
      },
      "31": {
        "start": {
          "line": 61,
          "column": 8
        },
        "end": {
          "line": 61,
          "column": 29
        }
      },
      "32": {
        "start": {
          "line": 62,
          "column": 8
        },
        "end": {
          "line": 62,
          "column": 51
        }
      },
      "33": {
        "start": {
          "line": 63,
          "column": 8
        },
        "end": {
          "line": 63,
          "column": 24
        }
      },
      "34": {
        "start": {
          "line": 64,
          "column": 8
        },
        "end": {
          "line": 64,
          "column": 33
        }
      },
      "35": {
        "start": {
          "line": 65,
          "column": 8
        },
        "end": {
          "line": 65,
          "column": 42
        }
      },
      "36": {
        "start": {
          "line": 66,
          "column": 8
        },
        "end": {
          "line": 66,
          "column": 82
        }
      },
      "37": {
        "start": {
          "line": 67,
          "column": 8
        },
        "end": {
          "line": 73,
          "column": 11
        }
      },
      "38": {
        "start": {
          "line": 81,
          "column": 19
        },
        "end": {
          "line": 81,
          "column": 53
        }
      },
      "39": {
        "start": {
          "line": 83,
          "column": 8
        },
        "end": {
          "line": 98,
          "column": 9
        }
      },
      "40": {
        "start": {
          "line": 84,
          "column": 34
        },
        "end": {
          "line": 84,
          "column": 75
        }
      },
      "41": {
        "start": {
          "line": 85,
          "column": 12
        },
        "end": {
          "line": 97,
          "column": 15
        }
      },
      "42": {
        "start": {
          "line": 94,
          "column": 16
        },
        "end": {
          "line": 94,
          "column": 39
        }
      },
      "43": {
        "start": {
          "line": 95,
          "column": 16
        },
        "end": {
          "line": 95,
          "column": 40
        }
      },
      "44": {
        "start": {
          "line": 96,
          "column": 16
        },
        "end": {
          "line": 96,
          "column": 34
        }
      },
      "45": {
        "start": {
          "line": 101,
          "column": 8
        },
        "end": {
          "line": 106,
          "column": 11
        }
      },
      "46": {
        "start": {
          "line": 109,
          "column": 0
        },
        "end": {
          "line": 109,
          "column": 337
        }
      },
      "47": {
        "start": {
          "line": 109,
          "column": 69
        },
        "end": {
          "line": 109,
          "column": 334
        }
      },
      "48": {
        "start": {
          "line": 110,
          "column": 0
        },
        "end": {
          "line": 188,
          "column": 2603
        }
      },
      "49": {
        "start": {
          "line": 110,
          "column": 1141
        },
        "end": {
          "line": 166,
          "column": 5
        }
      },
      "50": {
        "start": {
          "line": 111,
          "column": 8
        },
        "end": {
          "line": 111,
          "column": 39
        }
      },
      "51": {
        "start": {
          "line": 112,
          "column": 8
        },
        "end": {
          "line": 112,
          "column": 35
        }
      },
      "52": {
        "start": {
          "line": 113,
          "column": 8
        },
        "end": {
          "line": 113,
          "column": 36
        }
      },
      "53": {
        "start": {
          "line": 114,
          "column": 8
        },
        "end": {
          "line": 114,
          "column": 26
        }
      },
      "54": {
        "start": {
          "line": 115,
          "column": 8
        },
        "end": {
          "line": 115,
          "column": 26
        }
      },
      "55": {
        "start": {
          "line": 116,
          "column": 8
        },
        "end": {
          "line": 116,
          "column": 39
        }
      },
      "56": {
        "start": {
          "line": 117,
          "column": 8
        },
        "end": {
          "line": 117,
          "column": 40
        }
      },
      "57": {
        "start": {
          "line": 118,
          "column": 8
        },
        "end": {
          "line": 118,
          "column": 127
        }
      },
      "58": {
        "start": {
          "line": 118,
          "column": 101
        },
        "end": {
          "line": 118,
          "column": 123
        }
      },
      "59": {
        "start": {
          "line": 119,
          "column": 8
        },
        "end": {
          "line": 119,
          "column": 50
        }
      },
      "60": {
        "start": {
          "line": 120,
          "column": 8
        },
        "end": {
          "line": 120,
          "column": 45
        }
      },
      "61": {
        "start": {
          "line": 121,
          "column": 8
        },
        "end": {
          "line": 121,
          "column": 29
        }
      },
      "62": {
        "start": {
          "line": 122,
          "column": 8
        },
        "end": {
          "line": 122,
          "column": 26
        }
      },
      "63": {
        "start": {
          "line": 123,
          "column": 8
        },
        "end": {
          "line": 123,
          "column": 36
        }
      },
      "64": {
        "start": {
          "line": 124,
          "column": 8
        },
        "end": {
          "line": 124,
          "column": 77
        }
      },
      "65": {
        "start": {
          "line": 125,
          "column": 8
        },
        "end": {
          "line": 125,
          "column": 26
        }
      },
      "66": {
        "start": {
          "line": 126,
          "column": 8
        },
        "end": {
          "line": 126,
          "column": 48
        }
      },
      "67": {
        "start": {
          "line": 127,
          "column": 8
        },
        "end": {
          "line": 127,
          "column": 46
        }
      },
      "68": {
        "start": {
          "line": 128,
          "column": 8
        },
        "end": {
          "line": 128,
          "column": 39
        }
      },
      "69": {
        "start": {
          "line": 129,
          "column": 8
        },
        "end": {
          "line": 129,
          "column": 26
        }
      },
      "70": {
        "start": {
          "line": 130,
          "column": 8
        },
        "end": {
          "line": 130,
          "column": 37
        }
      },
      "71": {
        "start": {
          "line": 131,
          "column": 8
        },
        "end": {
          "line": 131,
          "column": 53
        }
      },
      "72": {
        "start": {
          "line": 132,
          "column": 8
        },
        "end": {
          "line": 132,
          "column": 53
        }
      },
      "73": {
        "start": {
          "line": 133,
          "column": 8
        },
        "end": {
          "line": 133,
          "column": 79
        }
      },
      "74": {
        "start": {
          "line": 134,
          "column": 8
        },
        "end": {
          "line": 134,
          "column": 26
        }
      },
      "75": {
        "start": {
          "line": 135,
          "column": 8
        },
        "end": {
          "line": 135,
          "column": 48
        }
      },
      "76": {
        "start": {
          "line": 136,
          "column": 8
        },
        "end": {
          "line": 136,
          "column": 43
        }
      },
      "77": {
        "start": {
          "line": 137,
          "column": 8
        },
        "end": {
          "line": 137,
          "column": 32
        }
      },
      "78": {
        "start": {
          "line": 138,
          "column": 8
        },
        "end": {
          "line": 138,
          "column": 26
        }
      },
      "79": {
        "start": {
          "line": 139,
          "column": 8
        },
        "end": {
          "line": 139,
          "column": 48
        }
      },
      "80": {
        "start": {
          "line": 140,
          "column": 8
        },
        "end": {
          "line": 140,
          "column": 94
        }
      },
      "81": {
        "start": {
          "line": 141,
          "column": 8
        },
        "end": {
          "line": 141,
          "column": 26
        }
      },
      "82": {
        "start": {
          "line": 142,
          "column": 8
        },
        "end": {
          "line": 142,
          "column": 26
        }
      },
      "83": {
        "start": {
          "line": 143,
          "column": 8
        },
        "end": {
          "line": 143,
          "column": 48
        }
      },
      "84": {
        "start": {
          "line": 144,
          "column": 8
        },
        "end": {
          "line": 144,
          "column": 43
        }
      },
      "85": {
        "start": {
          "line": 145,
          "column": 8
        },
        "end": {
          "line": 145,
          "column": 33
        }
      },
      "86": {
        "start": {
          "line": 146,
          "column": 8
        },
        "end": {
          "line": 146,
          "column": 26
        }
      },
      "87": {
        "start": {
          "line": 147,
          "column": 8
        },
        "end": {
          "line": 147,
          "column": 48
        }
      },
      "88": {
        "start": {
          "line": 148,
          "column": 8
        },
        "end": {
          "line": 148,
          "column": 94
        }
      },
      "89": {
        "start": {
          "line": 149,
          "column": 8
        },
        "end": {
          "line": 149,
          "column": 26
        }
      },
      "90": {
        "start": {
          "line": 150,
          "column": 8
        },
        "end": {
          "line": 150,
          "column": 26
        }
      },
      "91": {
        "start": {
          "line": 151,
          "column": 8
        },
        "end": {
          "line": 151,
          "column": 53
        }
      },
      "92": {
        "start": {
          "line": 152,
          "column": 8
        },
        "end": {
          "line": 152,
          "column": 54
        }
      },
      "93": {
        "start": {
          "line": 153,
          "column": 8
        },
        "end": {
          "line": 153,
          "column": 34
        }
      },
      "94": {
        "start": {
          "line": 154,
          "column": 8
        },
        "end": {
          "line": 154,
          "column": 26
        }
      },
      "95": {
        "start": {
          "line": 155,
          "column": 8
        },
        "end": {
          "line": 155,
          "column": 54
        }
      },
      "96": {
        "start": {
          "line": 156,
          "column": 8
        },
        "end": {
          "line": 156,
          "column": 38
        }
      },
      "97": {
        "start": {
          "line": 157,
          "column": 8
        },
        "end": {
          "line": 157,
          "column": 26
        }
      },
      "98": {
        "start": {
          "line": 158,
          "column": 8
        },
        "end": {
          "line": 158,
          "column": 26
        }
      },
      "99": {
        "start": {
          "line": 159,
          "column": 8
        },
        "end": {
          "line": 159,
          "column": 41
        }
      },
      "100": {
        "start": {
          "line": 160,
          "column": 8
        },
        "end": {
          "line": 160,
          "column": 44
        }
      },
      "101": {
        "start": {
          "line": 161,
          "column": 8
        },
        "end": {
          "line": 161,
          "column": 32
        }
      },
      "102": {
        "start": {
          "line": 162,
          "column": 8
        },
        "end": {
          "line": 162,
          "column": 26
        }
      },
      "103": {
        "start": {
          "line": 163,
          "column": 8
        },
        "end": {
          "line": 163,
          "column": 26
        }
      },
      "104": {
        "start": {
          "line": 164,
          "column": 8
        },
        "end": {
          "line": 164,
          "column": 26
        }
      },
      "105": {
        "start": {
          "line": 165,
          "column": 8
        },
        "end": {
          "line": 165,
          "column": 26
        }
      },
      "106": {
        "start": {
          "line": 166,
          "column": 6
        },
        "end": {
          "line": 188,
          "column": 5
        }
      },
      "107": {
        "start": {
          "line": 167,
          "column": 20
        },
        "end": {
          "line": 167,
          "column": 38
        }
      },
      "108": {
        "start": {
          "line": 168,
          "column": 8
        },
        "end": {
          "line": 168,
          "column": 24
        }
      },
      "109": {
        "start": {
          "line": 169,
          "column": 8
        },
        "end": {
          "line": 169,
          "column": 51
        }
      },
      "110": {
        "start": {
          "line": 170,
          "column": 8
        },
        "end": {
          "line": 170,
          "column": 24
        }
      },
      "111": {
        "start": {
          "line": 171,
          "column": 8
        },
        "end": {
          "line": 171,
          "column": 110
        }
      },
      "112": {
        "start": {
          "line": 172,
          "column": 8
        },
        "end": {
          "line": 172,
          "column": 24
        }
      },
      "113": {
        "start": {
          "line": 173,
          "column": 8
        },
        "end": {
          "line": 173,
          "column": 44
        }
      },
      "114": {
        "start": {
          "line": 174,
          "column": 8
        },
        "end": {
          "line": 174,
          "column": 24
        }
      },
      "115": {
        "start": {
          "line": 175,
          "column": 8
        },
        "end": {
          "line": 175,
          "column": 34
        }
      },
      "116": {
        "start": {
          "line": 176,
          "column": 8
        },
        "end": {
          "line": 176,
          "column": 24
        }
      },
      "117": {
        "start": {
          "line": 177,
          "column": 8
        },
        "end": {
          "line": 177,
          "column": 124
        }
      },
      "118": {
        "start": {
          "line": 178,
          "column": 8
        },
        "end": {
          "line": 178,
          "column": 24
        }
      },
      "119": {
        "start": {
          "line": 179,
          "column": 8
        },
        "end": {
          "line": 179,
          "column": 46
        }
      },
      "120": {
        "start": {
          "line": 180,
          "column": 8
        },
        "end": {
          "line": 180,
          "column": 24
        }
      },
      "121": {
        "start": {
          "line": 181,
          "column": 8
        },
        "end": {
          "line": 181,
          "column": 48
        }
      },
      "122": {
        "start": {
          "line": 182,
          "column": 8
        },
        "end": {
          "line": 182,
          "column": 24
        }
      },
      "123": {
        "start": {
          "line": 183,
          "column": 8
        },
        "end": {
          "line": 183,
          "column": 37
        }
      },
      "124": {
        "start": {
          "line": 184,
          "column": 8
        },
        "end": {
          "line": 184,
          "column": 24
        }
      },
      "125": {
        "start": {
          "line": 185,
          "column": 8
        },
        "end": {
          "line": 185,
          "column": 38
        }
      },
      "126": {
        "start": {
          "line": 186,
          "column": 8
        },
        "end": {
          "line": 186,
          "column": 24
        }
      },
      "127": {
        "start": {
          "line": 187,
          "column": 8
        },
        "end": {
          "line": 187,
          "column": 57
        }
      },
      "128": {
        "start": {
          "line": 189,
          "column": 14
        },
        "end": {
          "line": 197,
          "column": 201
        }
      },
      "129": {
        "start": {
          "line": 189,
          "column": 29
        },
        "end": {
          "line": 197,
          "column": 195
        }
      },
      "130": {
        "start": {
          "line": 197,
          "column": 22
        },
        "end": {
          "line": 197,
          "column": 185
        }
      }
    },
    "fnMap": {
      "0": {
        "name": "CreateUserComponent_div_9_Template",
        "decl": {
          "start": {
            "line": 22,
            "column": 9
          },
          "end": {
            "line": 22,
            "column": 43
          }
        },
        "loc": {
          "start": {
            "line": 22,
            "column": 53
          },
          "end": {
            "line": 26,
            "column": 3
          }
        },
        "line": 22
      },
      "1": {
        "name": "CreateUserComponent_div_17_Template",
        "decl": {
          "start": {
            "line": 27,
            "column": 9
          },
          "end": {
            "line": 27,
            "column": 44
          }
        },
        "loc": {
          "start": {
            "line": 27,
            "column": 54
          },
          "end": {
            "line": 31,
            "column": 3
          }
        },
        "line": 27
      },
      "2": {
        "name": "CreateUserComponent_mat_option_22_Template",
        "decl": {
          "start": {
            "line": 32,
            "column": 9
          },
          "end": {
            "line": 32,
            "column": 51
          }
        },
        "loc": {
          "start": {
            "line": 32,
            "column": 61
          },
          "end": {
            "line": 41,
            "column": 3
          }
        },
        "line": 32
      },
      "3": {
        "name": "CreateUserComponent_mat_option_27_Template",
        "decl": {
          "start": {
            "line": 42,
            "column": 9
          },
          "end": {
            "line": 42,
            "column": 51
          }
        },
        "loc": {
          "start": {
            "line": 42,
            "column": 61
          },
          "end": {
            "line": 51,
            "column": 3
          }
        },
        "line": 42
      },
      "4": {
        "name": "(anonymous_4)",
        "decl": {
          "start": {
            "line": 54,
            "column": 4
          },
          "end": {
            "line": 54,
            "column": 5
          }
        },
        "loc": {
          "start": {
            "line": 56,
            "column": 60
          },
          "end": {
            "line": 74,
            "column": 5
          }
        },
        "line": 56
      },
      "5": {
        "name": "(anonymous_5)",
        "decl": {
          "start": {
            "line": 75,
            "column": 4
          },
          "end": {
            "line": 75,
            "column": 5
          }
        },
        "loc": {
          "start": {
            "line": 75,
            "column": 15
          },
          "end": {
            "line": 75,
            "column": 18
          }
        },
        "line": 75
      },
      "6": {
        "name": "(anonymous_6)",
        "decl": {
          "start": {
            "line": 76,
            "column": 4
          },
          "end": {
            "line": 76,
            "column": 5
          }
        },
        "loc": {
          "start": {
            "line": 76,
            "column": 18
          },
          "end": {
            "line": 76,
            "column": 21
          }
        },
        "line": 76
      },
      "7": {
        "name": "(anonymous_7)",
        "decl": {
          "start": {
            "line": 80,
            "column": 4
          },
          "end": {
            "line": 80,
            "column": 5
          }
        },
        "loc": {
          "start": {
            "line": 80,
            "column": 15
          },
          "end": {
            "line": 99,
            "column": 5
          }
        },
        "line": 80
      },
      "8": {
        "name": "(anonymous_8)",
        "decl": {
          "start": {
            "line": 93,
            "column": 27
          },
          "end": {
            "line": 93,
            "column": 28
          }
        },
        "loc": {
          "start": {
            "line": 93,
            "column": 34
          },
          "end": {
            "line": 97,
            "column": 13
          }
        },
        "line": 93
      },
      "9": {
        "name": "(anonymous_9)",
        "decl": {
          "start": {
            "line": 100,
            "column": 4
          },
          "end": {
            "line": 100,
            "column": 5
          }
        },
        "loc": {
          "start": {
            "line": 100,
            "column": 17
          },
          "end": {
            "line": 107,
            "column": 5
          }
        },
        "line": 100
      },
      "10": {
        "name": "CreateUserComponent_Factory",
        "decl": {
          "start": {
            "line": 109,
            "column": 36
          },
          "end": {
            "line": 109,
            "column": 63
          }
        },
        "loc": {
          "start": {
            "line": 109,
            "column": 67
          },
          "end": {
            "line": 109,
            "column": 336
          }
        },
        "line": 109
      },
      "11": {
        "name": "CreateUserComponent_Template",
        "decl": {
          "start": {
            "line": 110,
            "column": 1101
          },
          "end": {
            "line": 110,
            "column": 1129
          }
        },
        "loc": {
          "start": {
            "line": 110,
            "column": 1139
          },
          "end": {
            "line": 188,
            "column": 7
          }
        },
        "line": 110
      },
      "12": {
        "name": "CreateUserComponent_Template_form_ngSubmit_4_listener",
        "decl": {
          "start": {
            "line": 118,
            "column": 43
          },
          "end": {
            "line": 118,
            "column": 96
          }
        },
        "loc": {
          "start": {
            "line": 118,
            "column": 99
          },
          "end": {
            "line": 118,
            "column": 125
          }
        },
        "line": 118
      },
      "13": {
        "name": "(anonymous_13)",
        "decl": {
          "start": {
            "line": 189,
            "column": 15
          },
          "end": {
            "line": 189,
            "column": 16
          }
        },
        "loc": {
          "start": {
            "line": 189,
            "column": 27
          },
          "end": {
            "line": 197,
            "column": 197
          }
        },
        "line": 189
      },
      "14": {
        "name": "(anonymous_14)",
        "decl": {
          "start": {
            "line": 197,
            "column": 8
          },
          "end": {
            "line": 197,
            "column": 9
          }
        },
        "loc": {
          "start": {
            "line": 197,
            "column": 20
          },
          "end": {
            "line": 197,
            "column": 187
          }
        },
        "line": 197
      }
    },
    "branchMap": {
      "0": {
        "loc": {
          "start": {
            "line": 22,
            "column": 55
          },
          "end": {
            "line": 26,
            "column": 1
          }
        },
        "type": "if",
        "locations": [
          {
            "start": {
              "line": 22,
              "column": 55
            },
            "end": {
              "line": 26,
              "column": 1
            }
          },
          {
            "start": {
              "line": 22,
              "column": 55
            },
            "end": {
              "line": 26,
              "column": 1
            }
          }
        ],
        "line": 22
      },
      "1": {
        "loc": {
          "start": {
            "line": 27,
            "column": 56
          },
          "end": {
            "line": 31,
            "column": 1
          }
        },
        "type": "if",
        "locations": [
          {
            "start": {
              "line": 27,
              "column": 56
            },
            "end": {
              "line": 31,
              "column": 1
            }
          },
          {
            "start": {
              "line": 27,
              "column": 56
            },
            "end": {
              "line": 31,
              "column": 1
            }
          }
        ],
        "line": 27
      },
      "2": {
        "loc": {
          "start": {
            "line": 32,
            "column": 63
          },
          "end": {
            "line": 36,
            "column": 1
          }
        },
        "type": "if",
        "locations": [
          {
            "start": {
              "line": 32,
              "column": 63
            },
            "end": {
              "line": 36,
              "column": 1
            }
          },
          {
            "start": {
              "line": 32,
              "column": 63
            },
            "end": {
              "line": 36,
              "column": 1
            }
          }
        ],
        "line": 32
      },
      "3": {
        "loc": {
          "start": {
            "line": 36,
            "column": 2
          },
          "end": {
            "line": 41,
            "column": 1
          }
        },
        "type": "if",
        "locations": [
          {
            "start": {
              "line": 36,
              "column": 2
            },
            "end": {
              "line": 41,
              "column": 1
            }
          },
          {
            "start": {
              "line": 36,
              "column": 2
            },
            "end": {
              "line": 41,
              "column": 1
            }
          }
        ],
        "line": 36
      },
      "4": {
        "loc": {
          "start": {
            "line": 42,
            "column": 63
          },
          "end": {
            "line": 46,
            "column": 1
          }
        },
        "type": "if",
        "locations": [
          {
            "start": {
              "line": 42,
              "column": 63
            },
            "end": {
              "line": 46,
              "column": 1
            }
          },
          {
            "start": {
              "line": 42,
              "column": 63
            },
            "end": {
              "line": 46,
              "column": 1
            }
          }
        ],
        "line": 42
      },
      "5": {
        "loc": {
          "start": {
            "line": 46,
            "column": 2
          },
          "end": {
            "line": 51,
            "column": 1
          }
        },
        "type": "if",
        "locations": [
          {
            "start": {
              "line": 46,
              "column": 2
            },
            "end": {
              "line": 51,
              "column": 1
            }
          },
          {
            "start": {
              "line": 46,
              "column": 2
            },
            "end": {
              "line": 51,
              "column": 1
            }
          }
        ],
        "line": 46
      },
      "6": {
        "loc": {
          "start": {
            "line": 83,
            "column": 8
          },
          "end": {
            "line": 98,
            "column": 9
          }
        },
        "type": "if",
        "locations": [
          {
            "start": {
              "line": 83,
              "column": 8
            },
            "end": {
              "line": 98,
              "column": 9
            }
          },
          {
            "start": {
              "line": 83,
              "column": 8
            },
            "end": {
              "line": 98,
              "column": 9
            }
          }
        ],
        "line": 83
      },
      "7": {
        "loc": {
          "start": {
            "line": 90,
            "column": 38
          },
          "end": {
            "line": 90,
            "column": 96
          }
        },
        "type": "cond-expr",
        "locations": [
          {
            "start": {
              "line": 90,
              "column": 81
            },
            "end": {
              "line": 90,
              "column": 87
            }
          },
          {
            "start": {
              "line": 90,
              "column": 90
            },
            "end": {
              "line": 90,
              "column": 96
            }
          }
        ],
        "line": 90
      },
      "8": {
        "loc": {
          "start": {
            "line": 109,
            "column": 81
          },
          "end": {
            "line": 109,
            "column": 105
          }
        },
        "type": "binary-expr",
        "locations": [
          {
            "start": {
              "line": 109,
              "column": 81
            },
            "end": {
              "line": 109,
              "column": 82
            }
          },
          {
            "start": {
              "line": 109,
              "column": 86
            },
            "end": {
              "line": 109,
              "column": 105
            }
          }
        ],
        "line": 109
      },
      "9": {
        "loc": {
          "start": {
            "line": 110,
            "column": 1141
          },
          "end": {
            "line": 166,
            "column": 5
          }
        },
        "type": "if",
        "locations": [
          {
            "start": {
              "line": 110,
              "column": 1141
            },
            "end": {
              "line": 166,
              "column": 5
            }
          },
          {
            "start": {
              "line": 110,
              "column": 1141
            },
            "end": {
              "line": 166,
              "column": 5
            }
          }
        ],
        "line": 110
      },
      "10": {
        "loc": {
          "start": {
            "line": 166,
            "column": 6
          },
          "end": {
            "line": 188,
            "column": 5
          }
        },
        "type": "if",
        "locations": [
          {
            "start": {
              "line": 166,
              "column": 6
            },
            "end": {
              "line": 188,
              "column": 5
            }
          },
          {
            "start": {
              "line": 166,
              "column": 6
            },
            "end": {
              "line": 188,
              "column": 5
            }
          }
        ],
        "line": 166
      },
      "11": {
        "loc": {
          "start": {
            "line": 171,
            "column": 30
          },
          "end": {
            "line": 171,
            "column": 108
          }
        },
        "type": "binary-expr",
        "locations": [
          {
            "start": {
              "line": 171,
              "column": 30
            },
            "end": {
              "line": 171,
              "column": 66
            }
          },
          {
            "start": {
              "line": 171,
              "column": 70
            },
            "end": {
              "line": 171,
              "column": 108
            }
          }
        ],
        "line": 171
      },
      "12": {
        "loc": {
          "start": {
            "line": 177,
            "column": 30
          },
          "end": {
            "line": 177,
            "column": 122
          }
        },
        "type": "binary-expr",
        "locations": [
          {
            "start": {
              "line": 177,
              "column": 30
            },
            "end": {
              "line": 177,
              "column": 73
            }
          },
          {
            "start": {
              "line": 177,
              "column": 77
            },
            "end": {
              "line": 177,
              "column": 122
            }
          }
        ],
        "line": 177
      }
    },
    "s": {
      "0": 47,
      "1": 1,
      "2": 1,
      "3": 1,
      "4": 93,
      "5": 17,
      "6": 17,
      "7": 17,
      "8": 2076,
      "9": 24,
      "10": 24,
      "11": 24,
      "12": 2076,
      "13": 2052,
      "14": 2052,
      "15": 2052,
      "16": 2052,
      "17": 2076,
      "18": 24,
      "19": 24,
      "20": 24,
      "21": 2076,
      "22": 2052,
      "23": 2052,
      "24": 2052,
      "25": 2052,
      "26": 26,
      "27": 12,
      "28": 12,
      "29": 12,
      "30": 12,
      "31": 12,
      "32": 12,
      "33": 12,
      "34": 12,
      "35": 12,
      "36": 12,
      "37": 12,
      "38": 7,
      "39": 7,
      "40": 7,
      "41": 7,
      "42": 5,
      "43": 5,
      "44": 5,
      "45": 5,
      "46": 26,
      "47": 12,
      "48": 26,
      "49": 1038,
      "50": 12,
      "51": 12,
      "52": 12,
      "53": 12,
      "54": 12,
      "55": 12,
      "56": 12,
      "57": 12,
      "58": 7,
      "59": 12,
      "60": 12,
      "61": 12,
      "62": 12,
      "63": 12,
      "64": 12,
      "65": 12,
      "66": 12,
      "67": 12,
      "68": 12,
      "69": 12,
      "70": 12,
      "71": 12,
      "72": 12,
      "73": 12,
      "74": 12,
      "75": 12,
      "76": 12,
      "77": 12,
      "78": 12,
      "79": 12,
      "80": 12,
      "81": 12,
      "82": 12,
      "83": 12,
      "84": 12,
      "85": 12,
      "86": 12,
      "87": 12,
      "88": 12,
      "89": 12,
      "90": 12,
      "91": 12,
      "92": 12,
      "93": 12,
      "94": 12,
      "95": 12,
      "96": 12,
      "97": 12,
      "98": 12,
      "99": 12,
      "100": 12,
      "101": 12,
      "102": 12,
      "103": 12,
      "104": 12,
      "105": 12,
      "106": 1038,
      "107": 1026,
      "108": 1026,
      "109": 1026,
      "110": 1026,
      "111": 1026,
      "112": 1026,
      "113": 1026,
      "114": 1026,
      "115": 1026,
      "116": 1026,
      "117": 1026,
      "118": 1026,
      "119": 1026,
      "120": 1026,
      "121": 1026,
      "122": 1026,
      "123": 1026,
      "124": 1026,
      "125": 1026,
      "126": 1026,
      "127": 1026,
      "128": 26,
      "129": 26,
      "130": 0
    },
    "f": {
      "0": 47,
      "1": 93,
      "2": 2076,
      "3": 2076,
      "4": 12,
      "5": 12,
      "6": 2,
      "7": 7,
      "8": 5,
      "9": 5,
      "10": 12,
      "11": 1038,
      "12": 7,
      "13": 26,
      "14": 0
    },
    "b": {
      "0": [
        1,
        46
      ],
      "1": [
        17,
        76
      ],
      "2": [
        24,
        2052
      ],
      "3": [
        2052,
        24
      ],
      "4": [
        24,
[...]
    "hash": "def9d415313ed29fe2a9a77953fa05aefcd8c56f"
  },
  "C:\\xampp\\htdocs\\fakeID\\mean\\client\\fakeid\\src\\app\\app.module.ts": {
    "path": "C:\\xampp\\htdocs\\fakeID\\mean\\client\\fakeid\\src\\app\\app.module.ts",
    "statementMap": {
      "0": {
        "start": {
          "line": 28,
          "column": 0
        },
        "end": {
          "line": 38,
          "column": 3
        }
      },
      "1": {
        "start": {
          "line": 39,
          "column": 27
        },
        "end": {
          "line": 49,
          "column": 1
        }
      },
      "2": {
        "start": {
          "line": 52,
          "column": 0
        },
        "end": {
          "line": 52,
          "column": 85
        }
      },
      "3": {
        "start": {
          "line": 53,
          "column": 0
        },
        "end": {
          "line": 81,
          "column": 14
        }
      },
      "4": {
        "start": {
          "line": 53,
          "column": 80
        },
        "end": {
          "line": 53,
          "column": 110
        }
      },
      "5": {
        "start": {
          "line": 82,
          "column": 0
        },
        "end": {
          "line": 104,
          "column": 35
        }
      },
      "6": {
        "start": {
          "line": 82,
          "column": 15
        },
        "end": {
          "line": 104,
          "column": 29
        }
      },
      "7": {
        "start": {
          "line": 105,
          "column": 14
        },
        "end": {
          "line": 148,
          "column": 26
        }
      },
      "8": {
        "start": {
          "line": 105,
          "column": 29
        },
        "end": {
          "line": 148,
          "column": 20
        }
      }
    },
    "fnMap": {
      "0": {
        "name": "AppModule_Factory",
        "decl": {
          "start": {
            "line": 53,
            "column": 57
          },
          "end": {
            "line": 53,
            "column": 74
          }
        },
        "loc": {
          "start": {
            "line": 53,
            "column": 78
          },
          "end": {
            "line": 53,
            "column": 112
          }
        },
        "line": 53
      },
      "1": {
        "name": "(anonymous_1)",
        "decl": {
          "start": {
            "line": 82,
            "column": 1
          },
          "end": {
            "line": 82,
            "column": 2
          }
        },
        "loc": {
          "start": {
            "line": 82,
            "column": 13
          },
          "end": {
            "line": 104,
            "column": 31
          }
        },
        "line": 82
      },
      "2": {
        "name": "(anonymous_2)",
        "decl": {
          "start": {
            "line": 105,
            "column": 15
          },
          "end": {
            "line": 105,
            "column": 16
          }
        },
        "loc": {
          "start": {
            "line": 105,
            "column": 27
          },
          "end": {
            "line": 148,
            "column": 22
          }
        },
        "line": 105
      }
    },
    "branchMap": {
      "0": {
        "loc": {
          "start": {
            "line": 53,
            "column": 92
          },
          "end": {
            "line": 53,
            "column": 106
          }
        },
        "type": "binary-expr",
        "locations": [
          {
            "start": {
              "line": 53,
              "column": 92
            },
            "end": {
              "line": 53,
              "column": 93
            }
          },
          {
            "start": {
              "line": 53,
              "column": 97
            },
            "end": {
              "line": 53,
              "column": 106
            }
          }
        ],
        "line": 53
      },
      "1": {
        "loc": {
          "start": {
            "line": 82,
            "column": 15
          },
          "end": {
            "line": 104,
            "column": 28
          }
        },
        "type": "binary-expr",
        "locations": [
          {
            "start": {
              "line": 82,
              "column": 16
            },
            "end": {
              "line": 82,
              "column": 48
            }
          },
          {
            "start": {
              "line": 82,
              "column": 52
            },
            "end": {
              "line": 82,
              "column": 61
            }
          },
          {
            "start": {
              "line": 82,
              "column": 66
            },
            "end": {
              "line": 104,
              "column": 28
            }
          }
        ],
        "line": 82
      }
    },
    "s": {
      "0": 26,
      "1": 26,
      "2": 26,
      "3": 26,
      "4": 26,
      "5": 26,
      "6": 26,
      "7": 26,
      "8": 26
    },
    "f": {
      "0": 26,
      "1": 26,
      "2": 26
    },
    "b": {
      "0": [
        26,
        26
      ],
      "1": [
        26,
        0,
        26
      ]
    },
    "inputSourceMap": {
      "version": 3,
      "file": "app.module.js",
      "sourceRoot": "",
      "sources": [
        "C:\\xampp\\htdocs\\fakeID\\mean\\client\\fakeid\\src\\app\\app.module.ts"
      ],
      "names": [],
      "mappings": "AAAA,OAAO,EAAE,gBAAgB,EAAE,MAAM,sBAAsB,CAAC;AACxD,OAAO,EAAE,SAAS,EAAE,QAAQ,EAAE,MAAM,eAAe,CAAC;AACpD,OAAO,EAAE,WAAW,EAAE,mBAAmB,EAAE,MAAM,gBAAgB,CAAC;AAClE,OAAO,EAAE,iBAAiB,EAAE,MAAM,kCAAkC,CAAC;AACrE,OAAO,EAAE,eAAe,EAAE,MAAM,0BAA0B,CAAC;AAC3D,OAAO,EAAE,qBAAqB,EAAE,MAAM,iCAAiC,CAAC;AACxE,OAAO,EACL,WAAW,EACX,mBAAmB,EACnB,gBAAgB,EAChB,eAAe,GAChB,MAAM,wBAAwB,CAAC;AAChC,OAAO,EAAE,mBAAmB,EAAE,MAAM,8BAA8B,CAAC;AACnE,OAAO,EAAE,eAAe,EAAE,MAAM,0BAA0B,CAAC;AAC3D,OAAO,EAAE,kBAAkB,EAAE,MAAM,6BAA6B,CAAC;AACjE,OAAO,EAAE,kBAAkB,EAAE,MAAM,8BAA8B,CAAC;AAClE,OAAO,EAAE,cAAc,EAAE,MAAM,yBAAyB,CAAC;AACzD,OAAO,EAAE,aAAa,EAAE,MAAM,wBAAwB,CAAC;AACvD,OAAO,EAAE,cAAc,EAAE,MAAM,yBAAyB,CAAC;AACzD,OAAO,EAAE,eAAe,EAAE,MAAM,0BAA0B,CAAC;AAC3D,OAAO,EAAE,gBAAgB,EAAE,MAAM,2BAA2B,CAAA;AAC5D,OAAO,EAAE,aAAa,EAAE,MAAM,2BAA2B,CAAC;AAC1D,OAAO,EAAE,uBAAuB,EAAE,MAAM,sCAAsC,CAAC;AAC/E,OAAO,KAAK,MAAM,MAAM,QAAQ,CAAC;AACjC,OAAO,EAAE,gBAAgB,EAAE,MAAM,sBAAsB,CAAC;AACxD,OAAO,EAAE,YAAY,EAAE,MAAM,iBAAiB,CAAC;AAC/C,OAAO,EAAE,aAAa,EAAE,MAAM,kCAAkC,CAAC;AACjE,OAAO,EAAE,qBAAqB,EAAE,MAAM,kDAAkD,CAAC;AACzF,OAAO,EAAE,mBAAmB,EAAE,MAAM,2CAA2C,CAAC;AAChF,OAAO,EAAE,iBAAiB,EAAE,MAAM,uCAAuC,CAAC;AAC1E,OAAO,EAAE,iBAAiB,EAAE,MAAM,qCAAqC,CAAC;;AAExE,MAAM,CAAC,YAAY,CAAC,IAAI,EAAE;IACxB,cAAc,EAAE;QACd,EAAE,EAAE,OAAO;QACX,GAAG,EAAE,UAAU;QACf,CAAC,EAAE,YAAY;QACf,CAAC,EAAE,YAAY;QACf,EAAE,EAAE,aAAa;QACjB,GAAG,EAAE,mBAAmB;QACxB,IAAI,EAAE,oCAAoC;KAC3C;CACF,CAAC,CAAC;AAEH,MAAM,kBAAkB,GAAG;IACzB,KAAK,EAAE;QACL,SAAS,EAAE,YAAY;KACxB;IACD,OAAO,EAAE;QACP,SAAS,EAAE,YAAY;QACvB,cAAc,EAAE,WAAW;QAC3B,aAAa,EAAE,YAAY;QAC3B,kBAAkB,EAAE,WAAW;KAChC;CACF,CAAC;AA0CF,MAAM,OAAO,SAAS;;6CAAT,SAAS,cAFR,YAAY;iGAEb,SAAS,mBAZT;QACT;YACE,EAAE,OAAO,EAAE,eAAe,EAAE,QAAQ,EAAE,OAAO,EAAE;YAC/C,EAAE,OAAO,EAAE,SAAS,EAAE,QAAQ,EAAE,OAAO,EAAE;YACzC,EAAE,OAAO,EAAE,gBAAgB,EAAE,QAAQ,EAAE,kBAAkB,EAAE;YAC3D,EAAE,OAAO,EAAE,WAAW,EAAE,QAAQ,EAAE,iBAAiB,EAAE;SACtD;QACD,mBAAmB;QACnB,mBAAmB;KACpB,YArCQ;YACP,aAAa;YACb,gBAAgB;YAChB,gBAAgB;YAChB,aAAa;YACb,eAAe;YACf,WAAW;YACX,mBAAmB;YACnB,kBAAkB;YAClB,cAAc;YACd,uBAAuB;YACvB,eAAe;YACf,cAAc;YACd,eAAe;YACf,mBAAmB;YACnB,mBAAmB;YACnB,kBAAkB;YAClB,qBAAqB;YACrB,gBAAgB;SACjB;wFAqBU,SAAS,mBAnBlB,YAAY;QACZ,iBAAiB;QACjB,aAAa;QACb,mBAAmB;QACnB,iBAAiB;QACjB,qBAAqB,aAzBrB,aAAa;QACb,gBAAgB;QAChB,gBAAgB;QAChB,aAAa;QACb,eAAe;QACf,WAAW;QACX,mBAAmB;QACnB,kBAAkB;QAClB,cAAc;QACd,uBAAuB;QACvB,eAAe;QACf,cAAc;QACd,eAAe;QACf,mBAAmB;QACnB,mBAAmB;QACnB,kBAAkB;QAClB,qBAAqB;QACrB,gBAAgB;kDAsBP,SAAS;cAzCrB,QAAQ;eAAC;gBACR,OAAO,EAAE;oBACP,aAAa;oBACb,gBAAgB;oBAChB,gBAAgB;oBAChB,aAAa;oBACb,eAAe;oBACf,WAAW;oBACX,mBAAmB;oBACnB,kBAAkB;oBAClB,cAAc;oBACd,uBAAuB;oBACvB,eAAe;oBACf,cAAc;oBACd,eAAe;oBACf,mBAAmB;oBACnB,mBAAmB;oBACnB,kBAAkB;oBAClB,qBAAqB;oBACrB,gBAAgB;iBACjB;gBACD,YAAY,EAAE;oBACZ,YAAY;oBACZ,iBAAiB;oBACjB,aAAa;oBACb,mBAAmB;oBACnB,iBAAiB;oBACjB,qBAAqB;iBACtB;gBACD,SAAS,EAAE;oBACT;wBACE,EAAE,OAAO,EAAE,eAAe,EAAE,QAAQ,EAAE,OAAO,EAAE;wBAC/C,EAAE,OAAO,EAAE,SAAS,EAAE,QAAQ,EAAE,OAAO,EAAE;wBACzC,EAAE,OAAO,EAAE,gBAAgB,EAAE,QAAQ,EAAE,kBAAkB,EAAE;wBAC3D,EAAE,OAAO,EAAE,WAAW,EAAE,QAAQ,EAAE,iBAAiB,EAAE;qBACtD;oBACD,mBAAmB;oBACnB,mBAAmB;iBACpB;gBACD,SAAS,EAAE,CAAC,YAAY,CAAC;aAC1B",
      "sourcesContent": [
        "import { HttpClientModule } from '@angular/common/http';\r\nimport { LOCALE_ID, NgModule } from '@angular/core';\r\nimport { FormsModule, ReactiveFormsModule } from '@angular/forms';\r\nimport { MomentDateAdapter } from '@angular/material-moment-adapter';\r\nimport { MatButtonModule } from '@angular/material/button';\r\nimport { MatButtonToggleModule } from '@angular/material/button-toggle';\r\nimport {\r\n  DateAdapter,\r\n  MatNativeDateModule,\r\n  MAT_DATE_FORMATS,\r\n  MAT_DATE_LOCALE,\r\n} from '@angular/material/core';\r\nimport { MatDatepickerModule } from '@angular/material/datepicker';\r\nimport { MatDialogModule } from '@angular/material/dialog';\r\nimport { MatExpansionModule } from '@angular/material/expansion';\r\nimport { MatFormFieldModule } from '@angular/material/form-field';\r\nimport { MatInputModule } from '@angular/material/input';\r\nimport { MatMenuModule } from '@angular/material/menu';\r\nimport { MatRadioModule } from '@angular/material/radio';\r\nimport { MatSelectModule } from '@angular/material/select';\r\nimport { MatTooltipModule } from '@angular/material/tooltip'\r\nimport { BrowserModule } from '@angular/platform-browser';\r\nimport { BrowserAnimationsModule } from '@angular/platform-browser/animations';\r\nimport * as moment from 'moment';\r\nimport { AppRoutingModule } from './app-routing.module';\r\nimport { AppComponent } from './app.component';\r\nimport { MenuComponent } from './components/menu/menu.component';\r\nimport { NotificationComponent } from './components/notification/notification.component';\r\nimport { CreateUserComponent } from './pages/create-user/create-user.component';\r\nimport { EditUserComponent } from './pages/edit-user/edit-user.component';\r\nimport { OverviewComponent } from './pages/overview/overview.component';\r\n\r\nmoment.updateLocale('da', {\r\n  longDateFormat: {\r\n    LT: 'HH:mm',\r\n    LTS: 'HH:mm:ss',\r\n    L: 'DD-MM-YYYY',\r\n    l: 'DD-MM-YYYY',\r\n    LL: 'D-MMMM-YYYY',\r\n    LLL: 'D-MMMM-YYYY HH:mm',\r\n    LLLL: 'dddd [d.] D. MMMM YYYY [kl.] HH:mm',\r\n  },\r\n});\r\n\r\nconst CUSTOM_DATE_FORMAT = {\r\n  parse: {\r\n    dateInput: 'DD/MM/YYYY',\r\n  },\r\n  display: {\r\n    dateInput: 'DD-MM-YYYY',\r\n    monthYearLabel: 'MMMM YYYY',\r\n    dateA11yLabel: 'DD/MM/YYYY',\r\n    monthYearA11yLabel: 'MMMM YYYY',\r\n  },\r\n};\r\n@NgModule({\r\n  imports: [\r\n    BrowserModule,\r\n    AppRoutingModule,\r\n    HttpClientModule,\r\n    MatMenuModule,\r\n    MatButtonModule,\r\n    FormsModule,\r\n    ReactiveFormsModule,\r\n    MatFormFieldModule,\r\n    MatInputModule,\r\n    BrowserAnimationsModule,\r\n    MatSelectModule,\r\n    MatRadioModule,\r\n    MatDialogModule,\r\n    MatDatepickerModule,\r\n    MatNativeDateModule,\r\n    MatExpansionModule,\r\n    MatButtonToggleModule,\r\n    MatTooltipModule\r\n  ],\r\n  declarations: [\r\n    AppComponent,\r\n    OverviewComponent,\r\n    MenuComponent,\r\n    CreateUserComponent,\r\n    EditUserComponent,\r\n    NotificationComponent,\r\n  ],\r\n  providers: [\r\n    [\r\n      { provide: MAT_DATE_LOCALE, useValue: 'da-DK' },\r\n      { provide: LOCALE_ID, useValue: 'da-DK' },\r\n      { provide: MAT_DATE_FORMATS, useValue: CUSTOM_DATE_FORMAT },\r\n      { provide: DateAdapter, useClass: MomentDateAdapter },\r\n    ],\r\n    MatDatepickerModule,\r\n    MatNativeDateModule,\r\n  ],\r\n  bootstrap: [AppComponent],\r\n})\r\nexport class AppModule {}\r\n"
      ]
    },
    "_coverageSchema": "332fd63041d2c1bcb487cc26dd0d5f7d97098a6c",
    "hash": "6d867d1f590e5806535d52d2b9a834520499145a"
  },
  "C:\\xampp\\htdocs\\fakeID\\mean\\client\\fakeid\\src\\main.ts": {
    "path": "C:\\xampp\\htdocs\\fakeID\\mean\\client\\fakeid\\src\\main.ts",
    "statementMap": {
      "0": {
        "start": {
          "line": 5,
          "column": 0
        },
        "end": {
          "line": 7,
          "column": 1
        }
      },
      "1": {
        "start": {
          "line": 6,
          "column": 4
        },
        "end": {
          "line": 6,
          "column": 21
        }
      },
      "2": {
        "start": {
          "line": 8,
          "column": 0
        },
        "end": {
          "line": 9,
          "column": 38
        }
      },
      "3": {
        "start": {
          "line": 9,
          "column": 18
        },
        "end": {
          "line": 9,
          "column": 36
        }
      }
    },
    "fnMap": {
      "0": {
        "name": "(anonymous_0)",
        "decl": {
          "start": {
            "line": 9,
            "column": 11
          },
          "end": {
            "line": 9,
            "column": 12
          }
        },
        "loc": {
          "start": {
            "line": 9,
            "column": 18
          },
          "end": {
            "line": 9,
            "column": 36
          }
        },
        "line": 9
      }
    },
    "branchMap": {
      "0": {
        "loc": {
          "start": {
            "line": 5,
            "column": 0
          },
          "end": {
            "line": 7,
            "column": 1
          }
        },
        "type": "if",
        "locations": [
          {
            "start": {
              "line": 5,
              "column": 0
            },
            "end": {
              "line": 7,
              "column": 1
            }
          },
          {
            "start": {
              "line": 5,
              "column": 0
            },
            "end": {
              "line": 7,
              "column": 1
            }
          }
        ],
        "line": 5
      }
    },
    "s": {
      "0": 26,
      "1": 0,
      "2": 26,
      "3": 0
    },
    "f": {
      "0": 0
    },
    "b": {
      "0": [
        0,
        26
      ]
    },
    "inputSourceMap": {
      "version": 3,
      "file": "main.js",
      "sourceRoot": "",
      "sources": [
        "C:\\xampp\\htdocs\\fakeID\\mean\\client\\fakeid\\src\\main.ts"
      ],
      "names": [],
      "mappings": "AAAA,OAAO,EAAE,cAAc,EAAE,MAAM,eAAe,CAAC;AAI/C,OAAO,EAAE,WAAW,EAAE,MAAM,4BAA4B,CAAC;;;AAEzD,IAAI,WAAW,CAAC,UAAU,EAAE;IAC1B,cAAc,EAAE,CAAC;CAClB;AAED,qCAAwB,gBAAgB,+BAAW;KAChD,KAAK,CAAC,GAAG,CAAC,EAAE,CAAC,OAAO,CAAC,KAAK,CAAC,GAAG,CAAC,CAAC,CAAC",
      "sourcesContent": [
        "import { enableProdMode } from '@angular/core';\nimport { platformBrowserDynamic } from '@angular/platform-browser-dynamic';\n\nimport { AppModule } from './app/app.module';\nimport { environment } from './environments/environment';\n\nif (environment.production) {\n  enableProdMode();\n}\n\nplatformBrowserDynamic().bootstrapModule(AppModule)\n  .catch(err => console.error(err));\n"
      ]
    },
    "_coverageSchema": "332fd63041d2c1bcb487cc26dd0d5f7d97098a6c",
    "hash": "0f9a980335be4d5d91a603bd4e5d3b16ce5986d3"
  },
  "C:/xampp/htdocs/fakeID/mean/client/fakeid/karma.conf.js": {
    "path": "C:/xampp/htdocs/fakeID/mean/client/fakeid/karma.conf.js",
    "statementMap": {},
    "fnMap": {},
    "branchMap": {},
    "s": {},
    "f": {},
    "b": {}
  },
  "C:/xampp/htdocs/fakeID/mean/client/fakeid/server.js": {
    "path": "C:/xampp/htdocs/fakeID/mean/client/fakeid/server.js",
    "statementMap": {},
    "fnMap": {},
    "branchMap": {},
    "s": {},
    "f": {},
    "b": {}
  },
  "C:/xampp/htdocs/fakeID/mean/client/fakeid/cypress/coverage.webpack.js": {
    "path": "C:/xampp/htdocs/fakeID/mean/client/fakeid/cypress/coverage.webpack.js",
    "statementMap": {},
    "fnMap": {},
    "branchMap": {},
    "s": {},
    "f": {},
    "b": {}
  },
  "C:/xampp/htdocs/fakeID/mean/client/fakeid/cypress/integration/create.spec.js": {
    "path": "C:/xampp/htdocs/fakeID/mean/client/fakeid/cypress/integration/create.spec.js",
    "statementMap": {},
    "fnMap": {},
    "branchMap": {},
    "s": {},
    "f": {},
    "b": {}
  },
  "C:/xampp/htdocs/fakeID/mean/client/fakeid/cypress/integration/edit.spec.js": {
    "path": "C:/xampp/htdocs/fakeID/mean/client/fakeid/cypress/integration/edit.spec.js",
    "statementMap": {},
    "fnMap": {},
    "branchMap": {},
    "s": {},
    "f": {},
    "b": {}
  },
  "C:/xampp/htdocs/fakeID/mean/client/fakeid/cypress/integration/filters.spec.js": {
    "path": "C:/xampp/htdocs/fakeID/mean/client/fakeid/cypress/integration/filters.spec.js",
    "statementMap": {},
    "fnMap": {},
    "branchMap": {},
    "s": {},
    "f": {},
    "b": {}
  },
  "C:/xampp/htdocs/fakeID/mean/client/fakeid/cypress/integration/menu.spec.js": {
    "path": "C:/xampp/htdocs/fakeID/mean/client/fakeid/cypress/integration/menu.spec.js",
    "statementMap": {},
    "fnMap": {},
    "branchMap": {},
    "s": {},
    "f": {},
    "b": {}
  },
  "C:/xampp/htdocs/fakeID/mean/client/fakeid/cypress/integration/overview.spec.js": {
    "path": "C:/xampp/htdocs/fakeID/mean/client/fakeid/cypress/integration/overview.spec.js",
    "statementMap": {},
    "fnMap": {},
    "branchMap": {},
    "s": {},
    "f": {},
    "b": {}
  },
  "C:/xampp/htdocs/fakeID/mean/client/fakeid/cypress/integration/searchUser.spec.js": {
    "path": "C:/xampp/htdocs/fakeID/mean/client/fakeid/cypress/integration/searchUser.spec.js",
    "statementMap": {},
    "fnMap": {},
    "branchMap": {},
    "s": {},
    "f": {},
    "b": {}
  },
  "C:/xampp/htdocs/fakeID/mean/client/fakeid/cypress/integration/sortUsers.spec.js": {
    "path": "C:/xampp/htdocs/fakeID/mean/client/fakeid/cypress/integration/sortUsers.spec.js",
    "statementMap": {},
    "fnMap": {},
    "branchMap": {},
    "s": {},
    "f": {},
    "b": {}
  },
  "C:/xampp/htdocs/fakeID/mean/client/fakeid/cypress/plugins/cy-ts-preprocessor.js": {
    "path": "C:/xampp/htdocs/fakeID/mean/client/fakeid/cypress/plugins/cy-ts-preprocessor.js",
    "statementMap": {},
    "fnMap": {},
    "branchMap": {},
    "s": {},
    "f": {},
    "b": {}
  },
  "C:/xampp/htdocs/fakeID/mean/client/fakeid/cypress/plugins/index.js": {
    "path": "C:/xampp/htdocs/fakeID/mean/client/fakeid/cypress/plugins/index.js",
    "statementMap": {},
    "fnMap": {},
    "branchMap": {},
    "s": {},
    "f": {},
    "b": {}
  },
  "C:/xampp/htdocs/fakeID/mean/client/fakeid/cypress/support/commands.js": {
    "path": "C:/xampp/htdocs/fakeID/mean/client/fakeid/cypress/support/commands.js",
    "statementMap": {},
    "fnMap": {},
    "branchMap": {},
    "s": {},
    "f": {},
    "b": {}
  },
  "C:/xampp/htdocs/fakeID/mean/client/fakeid/cypress/support/index.js": {
    "path": "C:/xampp/htdocs/fakeID/mean/client/fakeid/cypress/support/index.js",
    "statementMap": {},
    "fnMap": {},
    "branchMap": {},
    "s": {},
    "f": {},
    "b": {}
  },
  "C:/xampp/htdocs/fakeID/mean/client/fakeid/src/test.ts": {
    "path": "C:/xampp/htdocs/fakeID/mean/client/fakeid/src/test.ts",
    "statementMap": {},
    "fnMap": {},
    "branchMap": {},
    "s": {},
    "f": {},
    "b": {}
  },
  "C:/xampp/htdocs/fakeID/mean/client/fakeid/cypress/integration/spec.ts": {
    "path": "C:/xampp/htdocs/fakeID/mean/client/fakeid/cypress/integration/spec.ts",
    "statementMap": {},
    "fnMap": {},
    "branchMap": {},
    "s": {},
    "f": {},
    "b": {}
  },
  "C:/xampp/htdocs/fakeID/mean/client/fakeid/src/environments/environment.prod.ts": {
    "path": "C:/xampp/htdocs/fakeID/mean/client/fakeid/src/environments/environment.prod.ts",
    "statementMap": {},
    "fnMap": {},
    "branchMap": {},
    "s": {},
    "f": {},
    "b": {}
  }
}
