{"C:\\xampp\\htdocs\\fakeID\\lamp\\cypress\\integration\\displayallUsers.spec.js": {"path":"C:\\xampp\\htdocs\\fakeID\\lamp\\cypress\\integration\\displayallUsers.spec.js","statementMap":{"0":{"start":{"line":1,"column":0},"end":{"line":5,"column":3}},"1":{"start":{"line":2,"column":18},"end":{"line":2,"column":51}},"2":{"start":{"line":3,"column":2},"end":{"line":3,"column":20}},"3":{"start":{"line":4,"column":2},"end":{"line":4,"column":24}},"4":{"start":{"line":7,"column":0},"end":{"line":11,"column":3}},"5":{"start":{"line":8,"column":2},"end":{"line":10,"column":5}},"6":{"start":{"line":9,"column":4},"end":{"line":9,"column":67}},"7":{"start":{"line":13,"column":0},"end":{"line":17,"column":3}},"8":{"start":{"line":14,"column":2},"end":{"line":16,"column":5}},"9":{"start":{"line":15,"column":4},"end":{"line":15,"column":70}}},"fnMap":{"0":{"name":"(anonymous_0)","decl":{"start":{"line":1,"column":12},"end":{"line":1,"column":13}},"loc":{"start":{"line":1,"column":18},"end":{"line":5,"column":1}},"line":1},"1":{"name":"(anonymous_1)","decl":{"start":{"line":7,"column":61},"end":{"line":7,"column":62}},"loc":{"start":{"line":7,"column":67},"end":{"line":11,"column":1}},"line":7},"2":{"name":"(anonymous_2)","decl":{"start":{"line":8,"column":40},"end":{"line":8,"column":41}},"loc":{"start":{"line":8,"column":46},"end":{"line":10,"column":3}},"line":8},"3":{"name":"(anonymous_3)","decl":{"start":{"line":13,"column":38},"end":{"line":13,"column":39}},"loc":{"start":{"line":13,"column":44},"end":{"line":17,"column":1}},"line":13},"4":{"name":"(anonymous_4)","decl":{"start":{"line":14,"column":49},"end":{"line":14,"column":50}},"loc":{"start":{"line":14,"column":55},"end":{"line":16,"column":3}},"line":14}},"branchMap":{},"s":{"0":1,"1":1,"2":1,"3":1,"4":1,"5":1,"6":1,"7":1,"8":1,"9":1},"f":{"0":1,"1":1,"2":1,"3":1,"4":1},"b":{},"_coverageSchema":"1a1c01bbd47fc00a2c39e90264f33305004495a9","hash":"19a8722c963c8b676a4a8cf0a01802b34e59a37a"}
,"C:\\xampp\\htdocs\\fakeID\\lamp\\cypress\\support\\commands.js": {"path":"C:\\xampp\\htdocs\\fakeID\\lamp\\cypress\\support\\commands.js","statementMap":{},"fnMap":{},"branchMap":{},"s":{},"f":{},"b":{},"_coverageSchema":"1a1c01bbd47fc00a2c39e90264f33305004495a9","hash":"6e34013b540d61cc6d51aba924ecf50d6dd21d7a"}
,"C:\\xampp\\htdocs\\fakeID\\lamp\\cypress\\support\\index.js": {"path":"C:\\xampp\\htdocs\\fakeID\\lamp\\cypress\\support\\index.js","statementMap":{},"fnMap":{},"branchMap":{},"s":{},"f":{},"b":{},"_coverageSchema":"1a1c01bbd47fc00a2c39e90264f33305004495a9","hash":"a6455152d5f9ec3c6a5998ee1d7309f4e7ca994f"}
}
