{
  "C:\\xampp\\htdocs\\fakeID\\mern\\client\\fakeid\\src\\components\\Sorters.js": {
    "path": "C:\\xampp\\htdocs\\fakeID\\mern\\client\\fakeid\\src\\components\\Sorters.js",
    "statementMap": {
      "0": {
        "start": {
          "line": 4,
          "column": 34
        },
        "end": {
          "line": 7,
          "column": 6
        }
      },
      "1": {
        "start": {
          "line": 9,
          "column": 4
        },
        "end": {
          "line": 11,
          "column": 15
        }
      },
      "2": {
        "start": {
          "line": 10,
          "column": 8
        },
        "end": {
          "line": 10,
          "column": 28
        }
      },
      "3": {
        "start": {
          "line": 14,
          "column": 23
        },
        "end": {
          "line": 16,
          "column": 5
        }
      },
      "4": {
        "start": {
          "line": 15,
          "column": 8
        },
        "end": {
          "line": 15,
          "column": 85
        }
      },
      "5": {
        "start": {
          "line": 15,
          "column": 29
        },
        "end": {
          "line": 15,
          "column": 83
        }
      },
      "6": {
        "start": {
          "line": 18,
          "column": 4
        },
        "end": {
          "line": 28,
          "column": 5
        }
      }
    },
    "fnMap": {
      "0": {
        "name": "Sorters",
        "decl": {
          "start": {
            "line": 3,
            "column": 24
          },
          "end": {
            "line": 3,
            "column": 31
          }
        },
        "loc": {
          "start": {
            "line": 3,
            "column": 38
          },
          "end": {
            "line": 30,
            "column": 1
          }
        },
        "line": 3
      },
      "1": {
        "name": "(anonymous_1)",
        "decl": {
          "start": {
            "line": 9,
            "column": 14
          },
          "end": {
            "line": 9,
            "column": 15
          }
        },
        "loc": {
          "start": {
            "line": 9,
            "column": 20
          },
          "end": {
            "line": 11,
            "column": 5
          }
        },
        "line": 9
      },
      "2": {
        "name": "(anonymous_2)",
        "decl": {
          "start": {
            "line": 14,
            "column": 23
          },
          "end": {
            "line": 14,
            "column": 24
          }
        },
        "loc": {
          "start": {
            "line": 14,
            "column": 34
          },
          "end": {
            "line": 16,
            "column": 5
          }
        },
        "line": 14
      },
      "3": {
        "name": "(anonymous_3)",
        "decl": {
          "start": {
            "line": 15,
            "column": 18
          },
          "end": {
            "line": 15,
            "column": 19
          }
        },
        "loc": {
          "start": {
            "line": 15,
            "column": 29
          },
          "end": {
            "line": 15,
            "column": 83
          }
        },
        "line": 15
      }
    },
    "branchMap": {},
    "s": {
      "0": 4,
      "1": 4,
      "2": 2,
      "3": 4,
      "4": 0,
      "5": 0,
      "6": 4
    },
    "f": {
      "0": 4,
      "1": 2,
      "2": 0,
      "3": 0
    },
    "b": {},
    "_coverageSchema": "1a1c01bbd47fc00a2c39e90264f33305004495a9",
    "hash": "ba530fa2f6bb8af44692318269265cb867183353"
  },
  "C:\\xampp\\htdocs\\fakeID\\mern\\client\\fakeid\\src\\components\\SearchBar.js": {
    "path": "C:\\xampp\\htdocs\\fakeID\\mern\\client\\fakeid\\src\\components\\SearchBar.js",
    "statementMap": {
      "0": {
        "start": {
          "line": 5,
          "column": 46
        },
        "end": {
          "line": 5,
          "column": 56
        }
      },
      "1": {
        "start": {
          "line": 8,
          "column": 25
        },
        "end": {
          "line": 10,
          "column": 5
        }
      },
      "2": {
        "start": {
          "line": 9,
          "column": 8
        },
        "end": {
          "line": 9,
          "column": 36
        }
      },
      "3": {
        "start": {
          "line": 12,
          "column": 4
        },
        "end": {
          "line": 17,
          "column": 5
        }
      },
      "4": {
        "start": {
          "line": 14,
          "column": 87
        },
        "end": {
          "line": 14,
          "column": 122
        }
      }
    },
    "fnMap": {
      "0": {
        "name": "SearchBar",
        "decl": {
          "start": {
            "line": 4,
            "column": 24
          },
          "end": {
            "line": 4,
            "column": 33
          }
        },
        "loc": {
          "start": {
            "line": 4,
            "column": 41
          },
          "end": {
            "line": 18,
            "column": 1
          }
        },
        "line": 4
      },
      "1": {
        "name": "(anonymous_1)",
        "decl": {
          "start": {
            "line": 8,
            "column": 25
          },
          "end": {
            "line": 8,
            "column": 26
          }
        },
        "loc": {
          "start": {
            "line": 8,
            "column": 31
          },
          "end": {
            "line": 10,
            "column": 5
          }
        },
        "line": 8
      },
      "2": {
        "name": "(anonymous_2)",
        "decl": {
          "start": {
            "line": 14,
            "column": 76
          },
          "end": {
            "line": 14,
            "column": 77
          }
        },
        "loc": {
          "start": {
            "line": 14,
            "column": 87
          },
          "end": {
            "line": 14,
            "column": 122
          }
        },
        "line": 14
      }
    },
    "branchMap": {},
    "s": {
      "0": 4,
      "1": 4,
      "2": 0,
      "3": 4,
      "4": 0
    },
    "f": {
      "0": 4,
      "1": 0,
      "2": 0
    },
    "b": {},
    "_coverageSchema": "1a1c01bbd47fc00a2c39e90264f33305004495a9",
    "hash": "cc447d316cb57b0964190762aa9d9a67cd0d614f"
  },
  "C:\\xampp\\htdocs\\fakeID\\mern\\client\\fakeid\\src\\components\\Filters.js": {
    "path": "C:\\xampp\\htdocs\\fakeID\\mern\\client\\fakeid\\src\\components\\Filters.js",
    "statementMap": {
      "0": {
        "start": {
          "line": 6,
          "column": 32
        },
        "end": {
          "line": 15,
          "column": 4
        }
      },
      "1": {
        "start": {
          "line": 17,
          "column": 2
        },
        "end": {
          "line": 20,
          "column": 16
        }
      },
      "2": {
        "start": {
          "line": 18,
          "column": 4
        },
        "end": {
          "line": 18,
          "column": 28
        }
      },
      "3": {
        "start": {
          "line": 22,
          "column": 23
        },
        "end": {
          "line": 94,
          "column": 3
        }
      },
      "4": {
        "start": {
          "line": 24,
          "column": 4
        },
        "end": {
          "line": 30,
          "column": 5
        }
      },
      "5": {
        "start": {
          "line": 25,
          "column": 6
        },
        "end": {
          "line": 29,
          "column": 10
        }
      },
      "6": {
        "start": {
          "line": 25,
          "column": 31
        },
        "end": {
          "line": 29,
          "column": 7
        }
      },
      "7": {
        "start": {
          "line": 32,
          "column": 4
        },
        "end": {
          "line": 38,
          "column": 5
        }
      },
      "8": {
        "start": {
          "line": 33,
          "column": 6
        },
        "end": {
          "line": 37,
          "column": 10
        }
      },
      "9": {
        "start": {
          "line": 33,
          "column": 31
        },
        "end": {
          "line": 37,
          "column": 7
        }
      },
      "10": {
        "start": {
          "line": 40,
          "column": 4
        },
        "end": {
          "line": 46,
          "column": 5
        }
      },
      "11": {
        "start": {
          "line": 41,
          "column": 6
        },
        "end": {
          "line": 45,
          "column": 10
        }
      },
      "12": {
        "start": {
          "line": 41,
          "column": 31
        },
        "end": {
          "line": 45,
          "column": 7
        }
      },
      "13": {
        "start": {
          "line": 48,
          "column": 4
        },
        "end": {
          "line": 54,
          "column": 5
        }
      },
      "14": {
        "start": {
          "line": 49,
          "column": 6
        },
        "end": {
          "line": 53,
          "column": 10
        }
      },
      "15": {
        "start": {
          "line": 49,
          "column": 31
        },
        "end": {
          "line": 53,
          "column": 7
        }
      },
      "16": {
        "start": {
          "line": 56,
          "column": 4
        },
        "end": {
          "line": 62,
          "column": 5
        }
      },
      "17": {
        "start": {
          "line": 57,
          "column": 6
        },
        "end": {
          "line": 61,
          "column": 10
        }
      },
      "18": {
        "start": {
          "line": 57,
          "column": 31
        },
        "end": {
          "line": 61,
          "column": 7
        }
      },
      "19": {
        "start": {
          "line": 64,
          "column": 4
        },
        "end": {
          "line": 70,
          "column": 5
        }
      },
      "20": {
        "start": {
          "line": 65,
          "column": 6
        },
        "end": {
          "line": 69,
          "column": 10
        }
      },
      "21": {
        "start": {
          "line": 65,
          "column": 31
        },
        "end": {
          "line": 69,
          "column": 7
        }
      },
      "22": {
        "start": {
          "line": 72,
          "column": 4
        },
        "end": {
          "line": 78,
          "column": 5
        }
      },
      "23": {
        "start": {
          "line": 73,
          "column": 6
        },
        "end": {
          "line": 77,
          "column": 10
        }
      },
      "24": {
        "start": {
          "line": 73,
          "column": 31
        },
        "end": {
          "line": 77,
          "column": 7
        }
      },
      "25": {
        "start": {
          "line": 80,
          "column": 4
        },
        "end": {
          "line": 86,
          "column": 5
        }
      },
      "26": {
        "start": {
          "line": 81,
          "column": 6
        },
        "end": {
          "line": 85,
          "column": 10
        }
      },
      "27": {
        "start": {
          "line": 81,
          "column": 31
        },
        "end": {
          "line": 85,
          "column": 7
        }
      },
      "28": {
        "start": {
          "line": 87,
          "column": 4
        },
        "end": {
          "line": 93,
          "column": 5
        }
      },
      "29": {
        "start": {
          "line": 88,
          "column": 6
        },
        "end": {
          "line": 92,
          "column": 10
        }
      },
      "30": {
        "start": {
          "line": 88,
          "column": 31
        },
        "end": {
          "line": 92,
          "column": 7
        }
      },
      "31": {
        "start": {
          "line": 96,
          "column": 2
        },
        "end": {
          "line": 217,
          "column": 4
        }
      },
      "32": {
        "start": {
          "line": 107,
          "column": 31
        },
        "end": {
          "line": 107,
          "column": 53
        }
      },
      "33": {
        "start": {
          "line": 118,
          "column": 28
        },
        "end": {
          "line": 118,
          "column": 52
        }
      },
      "34": {
        "start": {
          "line": 129,
          "column": 29
        },
        "end": {
          "line": 129,
          "column": 53
        }
      },
      "35": {
        "start": {
          "line": 145,
          "column": 29
        },
        "end": {
          "line": 145,
          "column": 56
        }
      },
      "36": {
        "start": {
          "line": 157,
          "column": 16
        },
        "end": {
          "line": 157,
          "column": 41
        }
      },
      "37": {
        "start": {
          "line": 169,
          "column": 29
        },
        "end": {
          "line": 169,
          "column": 56
        }
      },
      "38": {
        "start": {
          "line": 185,
          "column": 29
        },
        "end": {
          "line": 185,
          "column": 54
        }
      },
      "39": {
        "start": {
          "line": 197,
          "column": 16
        },
        "end": {
          "line": 197,
          "column": 39
        }
      },
      "40": {
        "start": {
          "line": 209,
          "column": 29
        },
        "end": {
          "line": 209,
          "column": 49
        }
      }
    },
    "fnMap": {
      "0": {
        "name": "Filters",
        "decl": {
          "start": {
            "line": 5,
            "column": 24
          },
          "end": {
            "line": 5,
            "column": 31
          }
        },
        "loc": {
          "start": {
            "line": 5,
            "column": 39
          },
          "end": {
            "line": 218,
            "column": 1
          }
        },
        "line": 5
      },
      "1": {
        "name": "(anonymous_1)",
        "decl": {
          "start": {
            "line": 17,
            "column": 12
          },
          "end": {
            "line": 17,
            "column": 13
          }
        },
        "loc": {
          "start": {
            "line": 17,
            "column": 18
          },
          "end": {
            "line": 20,
            "column": 3
          }
        },
        "line": 17
      },
      "2": {
        "name": "(anonymous_2)",
        "decl": {
          "start": {
            "line": 22,
            "column": 23
          },
          "end": {
            "line": 22,
            "column": 24
          }
        },
        "loc": {
          "start": {
            "line": 22,
            "column": 33
          },
          "end": {
            "line": 94,
            "column": 3
          }
        },
        "line": 22
      },
      "3": {
        "name": "(anonymous_3)",
        "decl": {
          "start": {
            "line": 25,
            "column": 17
          },
          "end": {
            "line": 25,
            "column": 18
          }
        },
        "loc": {
          "start": {
            "line": 25,
            "column": 31
          },
          "end": {
            "line": 29,
            "column": 7
          }
        },
        "line": 25
      },
      "4": {
        "name": "(anonymous_4)",
        "decl": {
          "start": {
            "line": 33,
            "column": 17
          },
          "end": {
            "line": 33,
            "column": 18
          }
        },
        "loc": {
          "start": {
            "line": 33,
            "column": 31
          },
          "end": {
            "line": 37,
            "column": 7
          }
        },
        "line": 33
      },
      "5": {
        "name": "(anonymous_5)",
        "decl": {
          "start": {
            "line": 41,
            "column": 17
          },
          "end": {
            "line": 41,
            "column": 18
          }
        },
        "loc": {
          "start": {
            "line": 41,
            "column": 31
          },
          "end": {
            "line": 45,
            "column": 7
          }
        },
        "line": 41
      },
      "6": {
        "name": "(anonymous_6)",
        "decl": {
          "start": {
            "line": 49,
            "column": 17
          },
          "end": {
            "line": 49,
            "column": 18
          }
        },
        "loc": {
          "start": {
            "line": 49,
            "column": 31
          },
          "end": {
            "line": 53,
            "column": 7
          }
        },
        "line": 49
      },
      "7": {
        "name": "(anonymous_7)",
        "decl": {
          "start": {
            "line": 57,
            "column": 17
          },
          "end": {
            "line": 57,
            "column": 18
          }
        },
        "loc": {
          "start": {
            "line": 57,
            "column": 31
          },
          "end": {
            "line": 61,
            "column": 7
          }
        },
        "line": 57
      },
      "8": {
        "name": "(anonymous_8)",
        "decl": {
          "start": {
            "line": 65,
            "column": 17
          },
          "end": {
            "line": 65,
            "column": 18
          }
        },
        "loc": {
          "start": {
            "line": 65,
            "column": 31
          },
          "end": {
            "line": 69,
            "column": 7
          }
        },
        "line": 65
      },
      "9": {
        "name": "(anonymous_9)",
        "decl": {
          "start": {
            "line": 73,
            "column": 17
          },
          "end": {
            "line": 73,
            "column": 18
          }
        },
        "loc": {
          "start": {
            "line": 73,
            "column": 31
          },
          "end": {
            "line": 77,
            "column": 7
          }
        },
        "line": 73
      },
      "10": {
        "name": "(anonymous_10)",
        "decl": {
          "start": {
            "line": 81,
            "column": 17
          },
          "end": {
            "line": 81,
            "column": 18
          }
        },
        "loc": {
          "start": {
            "line": 81,
            "column": 31
          },
          "end": {
            "line": 85,
            "column": 7
          }
        },
        "line": 81
      },
      "11": {
        "name": "(anonymous_11)",
        "decl": {
          "start": {
            "line": 88,
            "column": 17
          },
          "end": {
            "line": 88,
            "column": 18
          }
        },
        "loc": {
          "start": {
            "line": 88,
            "column": 31
          },
          "end": {
            "line": 92,
            "column": 7
          }
        },
        "line": 88
      },
      "12": {
        "name": "(anonymous_12)",
        "decl": {
          "start": {
            "line": 107,
            "column": 25
          },
          "end": {
            "line": 107,
            "column": 26
          }
        },
        "loc": {
          "start": {
            "line": 107,
            "column": 31
          },
          "end": {
            "line": 107,
            "column": 53
          }
        },
        "line": 107
      },
      "13": {
        "name": "(anonymous_13)",
        "decl": {
          "start": {
            "line": 118,
            "column": 23
          },
          "end": {
            "line": 118,
            "column": 24
          }
        },
        "loc": {
          "start": {
            "line": 118,
            "column": 28
          },
          "end": {
            "line": 118,
            "column": 52
          }
        },
        "line": 118
      },
      "14": {
        "name": "(anonymous_14)",
        "decl": {
          "start": {
            "line": 129,
            "column": 23
          },
          "end": {
            "line": 129,
            "column": 24
          }
        },
        "loc": {
          "start": {
            "line": 129,
            "column": 29
          },
          "end": {
            "line": 129,
            "column": 53
          }
        },
        "line": 129
      },
      "15": {
        "name": "(anonymous_15)",
        "decl": {
          "start": {
            "line": 145,
            "column": 23
          },
          "end": {
            "line": 145,
            "column": 24
          }
        },
        "loc": {
          "start": {
            "line": 145,
            "column": 29
          },
          "end": {
            "line": 145,
            "column": 56
          }
        },
        "line": 145
      },
      "16": {
        "name": "(anonymous_16)",
        "decl": {
          "start": {
            "line": 156,
            "column": 23
          },
          "end": {
            "line": 156,
            "column": 24
          }
        },
        "loc": {
          "start": {
            "line": 156,
            "column": 29
          },
          "end": {
            "line": 158,
            "column": 15
          }
        },
        "line": 156
      },
      "17": {
        "name": "(anonymous_17)",
        "decl": {
          "start": {
            "line": 169,
            "column": 23
          },
          "end": {
            "line": 169,
            "column": 24
          }
        },
        "loc": {
          "start": {
            "line": 169,
            "column": 29
          },
          "end": {
            "line": 169,
            "column": 56
          }
        },
        "line": 169
      },
      "18": {
        "name": "(anonymous_18)",
        "decl": {
          "start": {
            "line": 185,
            "column": 23
          },
          "end": {
            "line": 185,
            "column": 24
          }
        },
        "loc": {
          "start": {
            "line": 185,
            "column": 29
          },
          "end": {
            "line": 185,
            "column": 54
          }
        },
        "line": 185
      },
      "19": {
        "name": "(anonymous_19)",
        "decl": {
          "start": {
            "line": 196,
            "column": 23
          },
          "end": {
            "line": 196,
            "column": 24
          }
        },
        "loc": {
          "start": {
            "line": 196,
            "column": 29
          },
          "end": {
            "line": 198,
            "column": 15
          }
        },
        "line": 196
      },
      "20": {
        "name": "(anonymous_20)",
        "decl": {
          "start": {
            "line": 209,
            "column": 23
          },
          "end": {
            "line": 209,
            "column": 24
          }
        },
        "loc": {
          "start": {
            "line": 209,
            "column": 29
          },
          "end": {
            "line": 209,
            "column": 49
          }
        },
        "line": 209
      }
    },
    "branchMap": {
      "0": {
        "loc": {
          "start": {
            "line": 24,
            "column": 4
          },
          "end": {
            "line": 30,
            "column": 5
          }
        },
        "type": "if",
        "locations": [
          {
            "start": {
              "line": 24,
              "column": 4
            },
            "end": {
              "line": 30,
              "column": 5
            }
          },
          {
            "start": {
              "line": 24,
              "column": 4
            },
            "end": {
              "line": 30,
              "column": 5
            }
          }
        ],
        "line": 24
      },
      "1": {
        "loc": {
          "start": {
            "line": 32,
            "column": 4
          },
          "end": {
            "line": 38,
            "column": 5
          }
        },
        "type": "if",
        "locations": [
          {
            "start": {
              "line": 32,
              "column": 4
            },
            "end": {
              "line": 38,
              "column": 5
            }
          },
          {
            "start": {
              "line": 32,
              "column": 4
            },
            "end": {
              "line": 38,
              "column": 5
            }
          }
        ],
        "line": 32
      },
      "2": {
        "loc": {
          "start": {
            "line": 40,
            "column": 4
          },
          "end": {
            "line": 46,
            "column": 5
          }
        },
        "type": "if",
        "locations": [
          {
            "start": {
              "line": 40,
              "column": 4
            },
            "end": {
              "line": 46,
              "column": 5
            }
          },
          {
            "start": {
              "line": 40,
              "column": 4
            },
            "end": {
              "line": 46,
              "column": 5
            }
          }
        ],
        "line": 40
      },
      "3": {
        "loc": {
          "start": {
            "line": 48,
            "column": 4
          },
          "end": {
            "line": 54,
            "column": 5
          }
        },
        "type": "if",
        "locations": [
          {
            "start": {
              "line": 48,
              "column": 4
            },
            "end": {
              "line": 54,
              "column": 5
            }
          },
          {
            "start": {
              "line": 48,
              "column": 4
            },
            "end": {
              "line": 54,
              "column": 5
            }
          }
        ],
        "line": 48
      },
      "4": {
        "loc": {
          "start": {
            "line": 56,
            "column": 4
          },
          "end": {
            "line": 62,
            "column": 5
          }
        },
        "type": "if",
        "locations": [
          {
            "start": {
              "line": 56,
              "column": 4
            },
            "end": {
              "line": 62,
              "column": 5
            }
          },
          {
            "start": {
              "line": 56,
              "column": 4
            },
            "end": {
              "line": 62,
              "column": 5
            }
          }
        ],
        "line": 56
      },
      "5": {
        "loc": {
          "start": {
            "line": 64,
            "column": 4
          },
          "end": {
            "line": 70,
            "column": 5
          }
        },
        "type": "if",
        "locations": [
          {
            "start": {
              "line": 64,
              "column": 4
            },
            "end": {
              "line": 70,
              "column": 5
            }
          },
          {
            "start": {
              "line": 64,
              "column": 4
            },
            "end": {
              "line": 70,
              "column": 5
            }
          }
        ],
        "line": 64
      },
      "6": {
        "loc": {
          "start": {
            "line": 72,
            "column": 4
          },
          "end": {
            "line": 78,
            "column": 5
          }
        },
        "type": "if",
        "locations": [
          {
            "start": {
              "line": 72,
              "column": 4
            },
            "end": {
              "line": 78,
              "column": 5
            }
          },
          {
            "start": {
              "line": 72,
              "column": 4
            },
            "end": {
              "line": 78,
              "column": 5
            }
          }
        ],
        "line": 72
      },
      "7": {
        "loc": {
          "start": {
            "line": 80,
            "column": 4
          },
          "end": {
            "line": 86,
            "column": 5
          }
        },
        "type": "if",
        "locations": [
          {
            "start": {
              "line": 80,
              "column": 4
            },
            "end": {
              "line": 86,
              "column": 5
            }
          },
          {
            "start": {
              "line": 80,
              "column": 4
            },
            "end": {
              "line": 86,
              "column": 5
            }
          }
        ],
        "line": 80
      },
      "8": {
        "loc": {
          "start": {
            "line": 87,
            "column": 4
          },
          "end": {
            "line": 93,
            "column": 5
          }
        },
        "type": "if",
        "locations": [
          {
            "start": {
              "line": 87,
              "column": 4
            },
            "end": {
              "line": 93,
              "column": 5
            }
          },
          {
            "start": {
              "line": 87,
              "column": 4
            },
            "end": {
              "line": 93,
              "column": 5
            }
          }
        ],
        "line": 87
      }
    },
    "s": {
      "0": 4,
      "1": 4,
      "2": 2,
      "3": 4,
      "4": 0,
      "5": 0,
      "6": 0,
      "7": 0,
      "8": 0,
      "9": 0,
      "10": 0,
      "11": 0,
      "12": 0,
      "13": 0,
      "14": 0,
      "15": 0,
      "16": 0,
      "17": 0,
      "18": 0,
      "19": 0,
      "20": 0,
      "21": 0,
      "22": 0,
      "23": 0,
      "24": 0,
      "25": 0,
      "26": 0,
      "27": 0,
      "28": 0,
      "29": 0,
      "30": 0,
      "31": 4,
      "32": 0,
      "33": 0,
      "34": 0,
      "35": 0,
      "36": 0,
      "37": 0,
      "38": 0,
      "39": 0,
      "40": 0
    },
    "f": {
      "0": 4,
      "1": 2,
      "2": 0,
      "3": 0,
      "4": 0,
      "5": 0,
      "6": 0,
      "7": 0,
      "8": 0,
      "9": 0,
      "10": 0,
      "11": 0,
      "12": 0,
      "13": 0,
      "14": 0,
      "15": 0,
      "16": 0,
      "17": 0,
      "18": 0,
      "19": 0,
      "20": 0
    },
    "b": {
      "0": [
        0,
        0
      ],
      "1": [
        0,
        0
      ],
      "2": [
        0,
        0
      ],
      "3": [
        0,
        0
      ],
      "4": [
        0,
        0
      ],
      "5": [
        0,
        0
      ],
      "6": [
        0,
        0
      ],
      "7": [
        0,
        0
      ],
      "8": [
        0,
        0
      ]
    },
    "_coverageSchema": "1a1c01bbd47fc00a2c39e90264f33305004495a9",
    "hash": "fffbc87c32a1a02ba1538cded5d2e34b73646ef8"
  },
  "C:\\xampp\\htdocs\\fakeID\\mern\\client\\fakeid\\src\\pages\\Overview.js": {
    "path": "C:\\xampp\\htdocs\\fakeID\\mern\\client\\fakeid\\src\\pages\\Overview.js",
    "statementMap": {
      "0": {
        "start": {
          "line": 10,
          "column": 16
        },
        "end": {
          "line": 10,
          "column": 69
        }
      },
      "1": {
        "start": {
          "line": 10,
          "column": 44
        },
        "end": {
          "line": 10,
          "column": 68
        }
      },
      "2": {
        "start": {
          "line": 11,
          "column": 2
        },
        "end": {
          "line": 11,
          "column": 17
        }
      },
      "3": {
        "start": {
          "line": 15,
          "column": 14
        },
        "end": {
          "line": 15,
          "column": 65
        }
      },
      "4": {
        "start": {
          "line": 15,
          "column": 42
        },
        "end": {
          "line": 15,
          "column": 64
        }
      },
      "5": {
        "start": {
          "line": 16,
          "column": 2
        },
        "end": {
          "line": 16,
          "column": 15
        }
      },
      "6": {
        "start": {
          "line": 20,
          "column": 17
        },
        "end": {
          "line": 20,
          "column": 59
        }
      },
      "7": {
        "start": {
          "line": 20,
          "column": 45
        },
        "end": {
          "line": 20,
          "column": 58
        }
      },
      "8": {
        "start": {
          "line": 21,
          "column": 2
        },
        "end": {
          "line": 21,
          "column": 18
        }
      },
      "9": {
        "start": {
          "line": 25,
          "column": 15
        },
        "end": {
          "line": 25,
          "column": 58
        }
      },
      "10": {
        "start": {
          "line": 25,
          "column": 43
        },
        "end": {
          "line": 25,
          "column": 57
        }
      },
      "11": {
        "start": {
          "line": 26,
          "column": 2
        },
        "end": {
          "line": 26,
          "column": 16
        }
      },
      "12": {
        "start": {
          "line": 30,
          "column": 18
        },
        "end": {
          "line": 30,
          "column": 70
        }
      },
      "13": {
        "start": {
          "line": 30,
          "column": 46
        },
        "end": {
          "line": 30,
          "column": 69
        }
      },
      "14": {
        "start": {
          "line": 31,
          "column": 2
        },
        "end": {
          "line": 31,
          "column": 19
        }
      },
      "15": {
        "start": {
          "line": 35,
          "column": 21
        },
        "end": {
          "line": 35,
          "column": 59
        }
      },
      "16": {
        "start": {
          "line": 35,
          "column": 49
        },
        "end": {
          "line": 35,
          "column": 58
        }
      },
      "17": {
        "start": {
          "line": 36,
          "column": 2
        },
        "end": {
          "line": 36,
          "column": 22
        }
      },
      "18": {
        "start": {
          "line": 40,
          "column": 18
        },
        "end": {
          "line": 40,
          "column": 79
        }
      },
      "19": {
        "start": {
          "line": 40,
          "column": 46
        },
        "end": {
          "line": 40,
          "column": 78
        }
      },
      "20": {
        "start": {
          "line": 41,
          "column": 2
        },
        "end": {
          "line": 41,
          "column": 19
        }
      },
      "21": {
        "start": {
          "line": 45,
          "column": 21
        },
        "end": {
          "line": 45,
          "column": 82
        }
      },
      "22": {
        "start": {
          "line": 45,
          "column": 49
        },
        "end": {
          "line": 45,
          "column": 81
        }
      },
      "23": {
        "start": {
          "line": 46,
          "column": 2
        },
        "end": {
          "line": 46,
          "column": 22
        }
      },
      "24": {
        "start": {
          "line": 50,
          "column": 22
        },
        "end": {
          "line": 50,
          "column": 37
        }
      },
      "25": {
        "start": {
          "line": 51,
          "column": 2
        },
        "end": {
          "line": 51,
          "column": 46
        }
      },
      "26": {
        "start": {
          "line": 52,
          "column": 2
        },
        "end": {
          "line": 52,
          "column": 26
        }
      },
      "27": {
        "start": {
          "line": 56,
          "column": 32
        },
        "end": {
          "line": 56,
          "column": 46
        }
      },
      "28": {
        "start": {
          "line": 57,
          "column": 28
        },
        "end": {
          "line": 57,
          "column": 38
        }
      },
      "29": {
        "start": {
          "line": 58,
          "column": 44
        },
        "end": {
          "line": 58,
          "column": 54
        }
      },
      "30": {
        "start": {
          "line": 59,
          "column": 32
        },
        "end": {
          "line": 63,
          "column": 4
        }
      },
      "31": {
        "start": {
          "line": 66,
          "column": 14
        },
        "end": {
          "line": 66,
          "column": 43
        }
      },
      "32": {
        "start": {
          "line": 69,
          "column": 2
        },
        "end": {
          "line": 82,
          "column": 12
        }
      },
      "33": {
        "start": {
          "line": 70,
          "column": 21
        },
        "end": {
          "line": 70,
          "column": 25
        }
      },
      "34": {
        "start": {
          "line": 71,
          "column": 23
        },
        "end": {
          "line": 79,
          "column": 5
        }
      },
      "35": {
        "start": {
          "line": 72,
          "column": 23
        },
        "end": {
          "line": 72,
          "column": 50
        }
      },
      "36": {
        "start": {
          "line": 73,
          "column": 19
        },
        "end": {
          "line": 73,
          "column": 40
        }
      },
      "37": {
        "start": {
          "line": 74,
          "column": 6
        },
        "end": {
          "line": 78,
          "column": 7
        }
      },
      "38": {
        "start": {
          "line": 75,
          "column": 8
        },
        "end": {
          "line": 75,
          "column": 23
        }
      },
      "39": {
        "start": {
          "line": 76,
          "column": 8
        },
        "end": {
          "line": 76,
          "column": 30
        }
      },
      "40": {
        "start": {
          "line": 77,
          "column": 8
        },
        "end": {
          "line": 77,
          "column": 26
        }
      },
      "41": {
        "start": {
          "line": 80,
          "column": 4
        },
        "end": {
          "line": 80,
          "column": 17
        }
      },
      "42": {
        "start": {
          "line": 81,
          "column": 4
        },
        "end": {
          "line": 81,
          "column": 38
        }
      },
      "43": {
        "start": {
          "line": 81,
          "column": 18
        },
        "end": {
          "line": 81,
          "column": 36
        }
      },
      "44": {
        "start": {
          "line": 84,
          "column": 2
        },
        "end": {
          "line": 86,
          "column": 3
        }
      },
      "45": {
        "start": {
          "line": 85,
          "column": 4
        },
        "end": {
          "line": 85,
          "column": 49
        }
      },
      "46": {
        "start": {
          "line": 88,
          "column": 23
        },
        "end": {
          "line": 98,
          "column": 3
        }
      },
      "47": {
        "start": {
          "line": 89,
          "column": 4
        },
        "end": {
          "line": 92,
          "column": 5
        }
      },
      "48": {
        "start": {
          "line": 90,
          "column": 6
        },
        "end": {
          "line": 90,
          "column": 29
        }
      },
      "49": {
        "start": {
          "line": 91,
          "column": 6
        },
        "end": {
          "line": 91,
          "column": 13
        }
      },
      "50": {
        "start": {
          "line": 93,
          "column": 4
        },
        "end": {
          "line": 93,
          "column": 46
        }
      },
      "51": {
        "start": {
          "line": 94,
          "column": 17
        },
        "end": {
          "line": 96,
          "column": 5
        }
      },
      "52": {
        "start": {
          "line": 95,
          "column": 6
        },
        "end": {
          "line": 95,
          "column": 52
        }
      },
      "53": {
        "start": {
          "line": 97,
          "column": 4
        },
        "end": {
          "line": 97,
          "column": 28
        }
      },
      "54": {
        "start": {
          "line": 99,
          "column": 21
        },
        "end": {
          "line": 123,
          "column": 3
        }
      },
      "55": {
        "start": {
          "line": 103,
          "column": 4
        },
        "end": {
          "line": 108,
          "column": 5
        }
      },
      "56": {
        "start": {
          "line": 105,
          "column": 6
        },
        "end": {
          "line": 107,
          "column": 9
        }
      },
      "57": {
        "start": {
          "line": 106,
          "column": 8
        },
        "end": {
          "line": 106,
          "column": 29
        }
      },
      "58": {
        "start": {
          "line": 109,
          "column": 4
        },
        "end": {
          "line": 118,
          "column": 5
        }
      },
      "59": {
        "start": {
          "line": 111,
          "column": 6
        },
        "end": {
          "line": 117,
          "column": 9
        }
      },
      "60": {
        "start": {
          "line": 112,
          "column": 8
        },
        "end": {
          "line": 116,
          "column": 9
        }
      },
      "61": {
        "start": {
          "line": 113,
          "column": 10
        },
        "end": {
          "line": 113,
          "column": 20
        }
      },
      "62": {
        "start": {
          "line": 115,
          "column": 10
        },
        "end": {
          "line": 115,
          "column": 19
        }
      },
      "63": {
        "start": {
          "line": 119,
          "column": 4
        },
        "end": {
          "line": 121,
          "column": 5
        }
      },
      "64": {
        "start": {
          "line": 120,
          "column": 6
        },
        "end": {
          "line": 120,
          "column": 25
        }
      },
      "65": {
        "start": {
          "line": 122,
          "column": 4
        },
        "end": {
          "line": 122,
          "column": 32
        }
      },
      "66": {
        "start": {
          "line": 125,
          "column": 22
        },
        "end": {
          "line": 140,
          "column": 3
        }
      },
      "67": {
        "start": {
          "line": 127,
          "column": 4
        },
        "end": {
          "line": 139,
          "column": 5
        }
      },
      "68": {
        "start": {
          "line": 128,
          "column": 6
        },
        "end": {
          "line": 132,
          "column": 9
        }
      },
      "69": {
        "start": {
          "line": 134,
          "column": 6
        },
        "end": {
          "line": 138,
          "column": 9
        }
      },
      "70": {
        "start": {
          "line": 142,
          "column": 23
        },
        "end": {
          "line": 173,
          "column": 3
        }
      },
      "71": {
        "start": {
          "line": 143,
          "column": 4
        },
        "end": {
          "line": 143,
          "column": 33
        }
      },
      "72": {
        "start": {
          "line": 144,
          "column": 24
        },
        "end": {
          "line": 144,
          "column": 29
        }
      },
      "73": {
        "start": {
          "line": 145,
          "column": 4
        },
        "end": {
          "line": 145,
          "column": 27
        }
      },
      "74": {
        "start": {
          "line": 147,
          "column": 4
        },
        "end": {
          "line": 149,
          "column": 5
        }
      },
      "75": {
        "start": {
          "line": 148,
          "column": 6
        },
        "end": {
          "line": 148,
          "column": 47
        }
      },
      "76": {
        "start": {
          "line": 150,
          "column": 4
        },
        "end": {
          "line": 152,
          "column": 5
        }
      },
      "77": {
        "start": {
          "line": 151,
          "column": 6
        },
        "end": {
          "line": 151,
          "column": 49
        }
      },
      "78": {
        "start": {
          "line": 154,
          "column": 4
        },
        "end": {
          "line": 156,
          "column": 5
        }
      },
      "79": {
        "start": {
          "line": 155,
          "column": 6
        },
        "end": {
          "line": 155,
          "column": 50
        }
      },
      "80": {
        "start": {
          "line": 158,
          "column": 4
        },
        "end": {
          "line": 160,
          "column": 5
        }
      },
      "81": {
        "start": {
          "line": 159,
          "column": 6
        },
        "end": {
          "line": 159,
          "column": 53
        }
      },
      "82": {
        "start": {
          "line": 162,
          "column": 4
        },
        "end": {
          "line": 164,
          "column": 5
        }
      },
      "83": {
        "start": {
          "line": 163,
          "column": 6
        },
        "end": {
          "line": 163,
          "column": 46
        }
      },
      "84": {
        "start": {
          "line": 166,
          "column": 4
        },
        "end": {
          "line": 168,
          "column": 5
        }
      },
      "85": {
        "start": {
          "line": 167,
          "column": 6
        },
        "end": {
          "line": 167,
          "column": 48
        }
      },
      "86": {
        "start": {
          "line": 170,
          "column": 4
        },
        "end": {
          "line": 170,
          "column": 31
        }
      },
      "87": {
        "start": {
          "line": 171,
          "column": 4
        },
        "end": {
          "line": 171,
          "column": 34
        }
      },
      "88": {
        "start": {
          "line": 172,
          "column": 4
        },
        "end": {
          "line": 172,
          "column": 35
        }
      },
      "89": {
        "start": {
          "line": 175,
          "column": 2
        },
        "end": {
          "line": 206,
          "column": 4
        }
      },
      "90": {
        "start": {
          "line": 192,
          "column": 10
        },
        "end": {
          "line": 202,
          "column": 12
        }
      }
    },
    "fnMap": {
      "0": {
        "name": "getFemales",
        "decl": {
          "start": {
            "line": 9,
            "column": 16
          },
          "end": {
            "line": 9,
            "column": 26
          }
        },
        "loc": {
          "start": {
            "line": 9,
            "column": 34
          },
          "end": {
            "line": 12,
            "column": 1
          }
        },
        "line": 9
      },
      "1": {
        "name": "(anonymous_1)",
        "decl": {
          "start": {
            "line": 10,
            "column": 34
          },
          "end": {
            "line": 10,
            "column": 35
          }
        },
        "loc": {
          "start": {
            "line": 10,
            "column": 44
          },
          "end": {
            "line": 10,
            "column": 68
          }
        },
        "line": 10
      },
      "2": {
        "name": "getMales",
        "decl": {
          "start": {
            "line": 14,
            "column": 16
          },
          "end": {
            "line": 14,
            "column": 24
          }
        },
        "loc": {
          "start": {
            "line": 14,
            "column": 32
          },
          "end": {
            "line": 17,
            "column": 1
          }
        },
        "line": 14
      },
      "3": {
        "name": "(anonymous_3)",
        "decl": {
          "start": {
            "line": 15,
            "column": 32
          },
          "end": {
            "line": 15,
            "column": 33
          }
        },
        "loc": {
          "start": {
            "line": 15,
            "column": 42
          },
          "end": {
            "line": 15,
            "column": 64
          }
        },
        "line": 15
      },
      "4": {
        "name": "getChildren",
        "decl": {
          "start": {
            "line": 19,
            "column": 16
          },
          "end": {
            "line": 19,
            "column": 27
          }
        },
        "loc": {
          "start": {
            "line": 19,
            "column": 35
          },
          "end": {
            "line": 22,
            "column": 1
          }
        },
        "line": 19
      },
      "5": {
        "name": "(anonymous_5)",
        "decl": {
          "start": {
            "line": 20,
            "column": 35
          },
          "end": {
            "line": 20,
            "column": 36
          }
        },
        "loc": {
          "start": {
            "line": 20,
            "column": 45
          },
          "end": {
            "line": 20,
            "column": 58
          }
        },
        "line": 20
      },
      "6": {
        "name": "getAdults",
        "decl": {
          "start": {
            "line": 24,
            "column": 16
          },
          "end": {
            "line": 24,
            "column": 25
          }
        },
        "loc": {
          "start": {
            "line": 24,
            "column": 33
          },
          "end": {
            "line": 27,
            "column": 1
          }
        },
        "line": 24
      },
      "7": {
        "name": "(anonymous_7)",
        "decl": {
          "start": {
            "line": 25,
            "column": 33
          },
          "end": {
            "line": 25,
            "column": 34
          }
        },
        "loc": {
          "start": {
            "line": 25,
            "column": 43
          },
          "end": {
            "line": 25,
            "column": 57
          }
        },
        "line": 25
      },
      "8": {
        "name": "getEmployees",
        "decl": {
          "start": {
            "line": 29,
            "column": 16
          },
          "end": {
            "line": 29,
            "column": 28
          }
        },
        "loc": {
          "start": {
            "line": 29,
            "column": 36
          },
          "end": {
            "line": 32,
            "column": 1
          }
        },
        "line": 29
      },
      "9": {
        "name": "(anonymous_9)",
        "decl": {
          "start": {
            "line": 30,
            "column": 36
          },
          "end": {
            "line": 30,
            "column": 37
          }
        },
        "loc": {
          "start": {
            "line": 30,
            "column": 46
          },
          "end": {
            "line": 30,
            "column": 69
          }
        },
        "line": 30
      },
      "10": {
        "name": "getNotEmployees",
        "decl": {
          "start": {
            "line": 34,
            "column": 16
          },
          "end": {
            "line": 34,
            "column": 31
          }
        },
        "loc": {
          "start": {
            "line": 34,
            "column": 39
          },
          "end": {
            "line": 37,
            "column": 1
          }
        },
        "line": 34
      },
      "11": {
        "name": "(anonymous_11)",
        "decl": {
          "start": {
            "line": 35,
            "column": 39
          },
          "end": {
            "line": 35,
            "column": 40
          }
        },
        "loc": {
          "start": {
            "line": 35,
            "column": 49
          },
          "end": {
            "line": 35,
            "column": 58
          }
        },
        "line": 35
      },
      "12": {
        "name": "getUnkown",
        "decl": {
          "start": {
            "line": 39,
            "column": 16
          },
          "end": {
            "line": 39,
            "column": 25
          }
        },
        "loc": {
          "start": {
            "line": 39,
            "column": 33
          },
          "end": {
            "line": 42,
            "column": 1
          }
        },
        "line": 39
      },
      "13": {
        "name": "(anonymous_13)",
        "decl": {
          "start": {
            "line": 40,
            "column": 36
          },
          "end": {
            "line": 40,
            "column": 37
          }
        },
        "loc": {
          "start": {
            "line": 40,
            "column": 46
          },
          "end": {
            "line": 40,
            "column": 78
          }
        },
        "line": 40
      },
      "14": {
        "name": "getMarried",
        "decl": {
          "start": {
            "line": 44,
            "column": 16
          },
          "end": {
            "line": 44,
            "column": 26
          }
        },
        "loc": {
          "start": {
            "line": 44,
            "column": 34
          },
          "end": {
            "line": 47,
            "column": 1
          }
        },
        "line": 44
      },
      "15": {
        "name": "(anonymous_15)",
        "decl": {
          "start": {
            "line": 45,
            "column": 39
          },
          "end": {
            "line": 45,
            "column": 40
          }
        },
        "loc": {
          "start": {
            "line": 45,
            "column": 49
          },
          "end": {
            "line": 45,
            "column": 81
          }
        },
        "line": 45
      },
      "16": {
        "name": "testMaleEmployee",
        "decl": {
          "start": {
            "line": 49,
            "column": 16
          },
          "end": {
            "line": 49,
            "column": 32
          }
        },
        "loc": {
          "start": {
            "line": 49,
            "column": 40
          },
          "end": {
            "line": 53,
            "column": 1
          }
        },
        "line": 49
      },
      "17": {
        "name": "Overview",
        "decl": {
          "start": {
            "line": 55,
            "column": 24
          },
          "end": {
            "line": 55,
            "column": 32
          }
        },
        "loc": {
          "start": {
            "line": 55,
            "column": 35
          },
          "end": {
            "line": 207,
            "column": 1
          }
        },
        "line": 55
      },
      "18": {
        "name": "(anonymous_18)",
        "decl": {
          "start": {
            "line": 69,
            "column": 12
          },
          "end": {
            "line": 69,
            "column": 13
          }
        },
        "loc": {
          "start": {
            "line": 69,
            "column": 18
          },
          "end": {
            "line": 82,
            "column": 3
          }
        },
        "line": 69
      },
      "19": {
        "name": "(anonymous_19)",
        "decl": {
          "start": {
            "line": 71,
            "column": 23
          },
          "end": {
            "line": 71,
            "column": 24
          }
        },
        "loc": {
          "start": {
            "line": 71,
            "column": 35
          },
          "end": {
            "line": 79,
            "column": 5
          }
        },
        "line": 71
      },
      "20": {
        "name": "(anonymous_20)",
        "decl": {
          "start": {
            "line": 81,
            "column": 11
          },
          "end": {
            "line": 81,
            "column": 12
          }
        },
        "loc": {
          "start": {
            "line": 81,
            "column": 18
          },
          "end": {
            "line": 81,
            "column": 36
          }
        },
        "line": 81
      },
      "21": {
        "name": "(anonymous_21)",
        "decl": {
          "start": {
            "line": 88,
            "column": 23
          },
          "end": {
            "line": 88,
            "column": 24
          }
        },
        "loc": {
          "start": {
            "line": 88,
            "column": 41
          },
          "end": {
            "line": 98,
            "column": 3
          }
        },
        "line": 88
      },
      "22": {
        "name": "(anonymous_22)",
        "decl": {
          "start": {
            "line": 94,
            "column": 35
          },
          "end": {
            "line": 94,
            "column": 36
          }
        },
        "loc": {
          "start": {
            "line": 95,
            "column": 6
          },
          "end": {
            "line": 95,
            "column": 52
          }
        },
        "line": 95
      },
      "23": {
        "name": "(anonymous_23)",
        "decl": {
          "start": {
            "line": 99,
            "column": 21
          },
          "end": {
            "line": 99,
            "column": 22
          }
        },
        "loc": {
          "start": {
            "line": 99,
            "column": 33
          },
          "end": {
            "line": 123,
            "column": 3
          }
        },
        "line": 99
      },
      "24": {
        "name": "(anonymous_24)",
        "decl": {
          "start": {
            "line": 105,
            "column": 44
          },
          "end": {
            "line": 105,
            "column": 45
          }
        },
        "loc": {
          "start": {
            "line": 105,
            "column": 54
          },
          "end": {
            "line": 107,
            "column": 7
          }
        },
        "line": 105
      },
      "25": {
        "name": "(anonymous_25)",
        "decl": {
          "start": {
            "line": 111,
            "column": 44
          },
          "end": {
            "line": 111,
            "column": 45
          }
        },
        "loc": {
          "start": {
            "line": 111,
            "column": 54
          },
          "end": {
            "line": 117,
            "column": 7
          }
        },
        "line": 111
      },
      "26": {
        "name": "(anonymous_26)",
        "decl": {
          "start": {
            "line": 125,
            "column": 22
          },
          "end": {
            "line": 125,
            "column": 23
          }
        },
        "loc": {
          "start": {
            "line": 125,
            "column": 28
          },
          "end": {
            "line": 140,
            "column": 3
          }
        },
        "line": 125
      },
      "27": {
        "name": "(anonymous_27)",
        "decl": {
          "start": {
            "line": 142,
            "column": 23
          },
          "end": {
            "line": 142,
            "column": 24
          }
        },
        "loc": {
          "start": {
            "line": 142,
            "column": 36
          },
          "end": {
            "line": 173,
            "column": 3
          }
        },
        "line": 142
      },
      "28": {
        "name": "(anonymous_28)",
        "decl": {
          "start": {
            "line": 191,
            "column": 28
          },
          "end": {
            "line": 191,
            "column": 29
          }
        },
        "loc": {
          "start": {
            "line": 191,
            "column": 38
          },
          "end": {
            "line": 203,
            "column": 9
          }
        },
        "line": 191
      }
    },
    "branchMap": {
      "0": {
        "loc": {
          "start": {
            "line": 74,
            "column": 6
          },
          "end": {
            "line": 78,
            "column": 7
          }
        },
        "type": "if",
        "locations": [
          {
            "start": {
              "line": 74,
              "column": 6
            },
            "end": {
              "line": 78,
              "column": 7
            }
          },
          {
            "start": {
              "line": 74,
              "column": 6
            },
            "end": {
              "line": 78,
              "column": 7
            }
          }
        ],
        "line": 74
      },
      "1": {
        "loc": {
          "start": {
            "line": 84,
            "column": 2
          },
          "end": {
            "line": 86,
            "column": 3
          }
        },
        "type": "if",
        "locations": [
          {
            "start": {
              "line": 84,
              "column": 2
            },
            "end": {
              "line": 86,
              "column": 3
            }
          },
          {
            "start": {
              "line": 84,
              "column": 2
            },
            "end": {
              "line": 86,
              "column": 3
            }
          }
        ],
        "line": 84
      },
      "2": {
        "loc": {
          "start": {
            "line": 89,
            "column": 4
          },
          "end": {
            "line": 92,
            "column": 5
          }
        },
        "type": "if",
        "locations": [
          {
            "start": {
              "line": 89,
              "column": 4
            },
            "end": {
              "line": 92,
              "column": 5
            }
          },
          {
            "start": {
              "line": 89,
              "column": 4
            },
            "end": {
              "line": 92,
              "column": 5
            }
          }
        ],
        "line": 89
      },
      "3": {
        "loc": {
          "start": {
            "line": 103,
            "column": 4
          },
          "end": {
            "line": 108,
            "column": 5
          }
        },
        "type": "if",
        "locations": [
          {
            "start": {
              "line": 103,
              "column": 4
            },
            "end": {
              "line": 108,
              "column": 5
            }
          },
          {
            "start": {
              "line": 103,
              "column": 4
            },
            "end": {
              "line": 108,
              "column": 5
            }
          }
        ],
        "line": 103
      },
      "4": {
        "loc": {
          "start": {
            "line": 109,
            "column": 4
          },
          "end": {
            "line": 118,
            "column": 5
          }
        },
        "type": "if",
        "locations": [
          {
            "start": {
              "line": 109,
              "column": 4
            },
            "end": {
              "line": 118,
              "column": 5
            }
          },
          {
            "start": {
              "line": 109,
              "column": 4
            },
            "end": {
              "line": 118,
              "column": 5
            }
          }
        ],
        "line": 109
      },
      "5": {
        "loc": {
          "start": {
            "line": 112,
            "column": 8
          },
          "end": {
            "line": 116,
            "column": 9
          }
        },
        "type": "if",
        "locations": [
          {
            "start": {
              "line": 112,
              "column": 8
            },
            "end": {
              "line": 116,
              "column": 9
            }
          },
          {
            "start": {
              "line": 112,
              "column": 8
            },
            "end": {
              "line": 116,
              "column": 9
            }
          }
        ],
        "line": 112
      },
      "6": {
        "loc": {
          "start": {
            "line": 119,
            "column": 4
          },
          "end": {
            "line": 121,
            "column": 5
          }
        },
        "type": "if",
        "locations": [
          {
            "start": {
              "line": 119,
              "column": 4
            },
            "end": {
              "line": 121,
              "column": 5
            }
          },
          {
            "start": {
              "line": 119,
              "column": 4
            },
            "end": {
              "line": 121,
              "column": 5
            }
          }
        ],
        "line": 119
      },
      "7": {
        "loc": {
          "start": {
            "line": 119,
            "column": 8
          },
          "end": {
            "line": 119,
            "column": 43
          }
        },
        "type": "binary-expr",
        "locations": [
          {
            "start": {
              "line": 119,
              "column": 8
            },
            "end": {
              "line": 119,
              "column": 23
            }
          },
          {
            "start": {
              "line": 119,
              "column": 27
            },
            "end": {
              "line": 119,
              "column": 43
            }
          }
        ],
        "line": 119
      },
      "8": {
        "loc": {
          "start": {
            "line": 127,
            "column": 4
          },
          "end": {
            "line": 139,
            "column": 5
          }
        },
        "type": "if",
        "locations": [
          {
            "start": {
              "line": 127,
              "column": 4
            },
            "end": {
              "line": 139,
              "column": 5
            }
          },
          {
            "start": {
              "line": 127,
              "column": 4
            },
            "end": {
              "line": 139,
              "column": 5
            }
          }
        ],
        "line": 127
      },
      "9": {
        "loc": {
          "start": {
            "line": 147,
            "column": 4
          },
          "end": {
            "line": 149,
            "column": 5
          }
        },
        "type": "if",
        "locations": [
          {
            "start": {
              "line": 147,
              "column": 4
            },
            "end": {
              "line": 149,
              "column": 5
            }
          },
          {
            "start": {
              "line": 147,
              "column": 4
            },
            "end": {
              "line": 149,
              "column": 5
            }
          }
        ],
        "line": 147
      },
      "10": {
        "loc": {
          "start": {
            "line": 150,
            "column": 4
          },
          "end": {
            "line": 152,
            "column": 5
          }
        },
        "type": "if",
        "locations": [
          {
            "start": {
              "line": 150,
              "column": 4
            },
            "end": {
              "line": 152,
              "column": 5
            }
          },
          {
            "start": {
              "line": 150,
              "column": 4
            },
            "end": {
              "line": 152,
              "column": 5
            }
          }
        ],
        "line": 150
      },
      "11": {
        "loc": {
          "start": {
            "line": 154,
            "column": 4
          },
          "end": {
            "line": 156,
            "column": 5
          }
        },
        "type": "if",
        "locations": [
          {
            "start": {
              "line": 154,
              "column": 4
            },
            "end": {
              "line": 156,
              "column": 5
            }
          },
          {
            "start": {
              "line": 154,
              "column": 4
            },
            "end": {
              "line": 156,
              "column": 5
            }
          }
        ],
        "line": 154
      },
      "12": {
        "loc": {
          "start": {
            "line": 158,
            "column": 4
          },
          "end": {
            "line": 160,
            "column": 5
          }
        },
        "type": "if",
        "locations": [
          {
            "start": {
              "line": 158,
              "column": 4
            },
            "end": {
              "line": 160,
              "column": 5
            }
          },
          {
            "start": {
              "line": 158,
              "column": 4
            },
            "end": {
              "line": 160,
              "column": 5
            }
          }
        ],
        "line": 158
      },
      "13": {
        "loc": {
          "start": {
            "line": 162,
            "column": 4
          },
          "end": {
            "line": 164,
            "column": 5
          }
        },
        "type": "if",
        "locations": [
          {
            "start": {
              "line": 162,
              "column": 4
            },
            "end": {
              "line": 164,
              "column": 5
            }
          },
          {
            "start": {
              "line": 162,
              "column": 4
            },
            "end": {
              "line": 164,
              "column": 5
            }
          }
        ],
        "line": 162
      },
      "14": {
        "loc": {
          "start": {
            "line": 166,
            "column": 4
          },
          "end": {
            "line": 168,
            "column": 5
          }
        },
        "type": "if",
        "locations": [
          {
            "start": {
              "line": 166,
              "column": 4
            },
            "end": {
              "line": 168,
              "column": 5
            }
          },
          {
            "start": {
              "line": 166,
              "column": 4
            },
            "end": {
              "line": 168,
              "column": 5
            }
          }
        ],
        "line": 166
      },
      "15": {
        "loc": {
          "start": {
            "line": 195,
            "column": 18
          },
          "end": {
            "line": 195,
            "column": 51
          }
        },
        "type": "cond-expr",
        "locations": [
          {
            "start": {
              "line": 195,
              "column": 34
            },
            "end": {
              "line": 195,
              "column": 41
            }
          },
          {
            "start": {
              "line": 195,
              "column": 44
            },
            "end": {
              "line": 195,
              "column": 51
            }
          }
        ],
        "line": 195
      },
      "16": {
        "loc": {
          "start": {
            "line": 196,
            "column": 18
          },
          "end": {
            "line": 196,
            "column": 44
          }
        },
        "type": "cond-expr",
        "locations": [
          {
            "start": {
              "line": 196,
              "column": 29
            },
            "end": {
              "line": 196,
              "column": 39
            }
          },
          {
            "start": {
              "line": 196,
              "column": 42
            },
            "end": {
              "line": 196,
              "column": 44
            }
          }
        ],
        "line": 196
      }
    },
    "s": {
      "0": 0,
      "1": 0,
      "2": 0,
      "3": 0,
      "4": 0,
      "5": 0,
      "6": 0,
      "7": 0,
      "8": 0,
      "9": 0,
      "10": 0,
      "11": 0,
      "12": 0,
      "13": 0,
      "14": 0,
      "15": 0,
      "16": 0,
      "17": 0,
      "18": 0,
      "19": 0,
      "20": 0,
      "21": 0,
      "22": 0,
      "23": 0,
      "24": 0,
      "25": 0,
      "26": 0,
      "27": 20,
      "28": 20,
      "29": 20,
      "30": 20,
      "31": 20,
      "32": 20,
      "33": 2,
      "34": 2,
      "35": 2,
      "36": 2,
      "37": 2,
      "38": 2,
      "39": 2,
      "40": 2,
      "41": 2,
      "42": 2,
      "43": 2,
      "44": 20,
      "45": 12,
      "46": 8,
      "47": 0,
      "48": 0,
      "49": 0,
      "50": 0,
      "51": 0,
      "52": 0,
      "53": 0,
      "54": 8,
      "55": 2,
      "56": 0,
      "57": 0,
      "58": 2,
      "59": 0,
      "60": 0,
      "61": 0,
      "62": 0,
      "63": 2,
      "64": 2,
      "65": 2,
      "66": 8,
      "67": 0,
      "68": 0,
      "69": 0,
      "70": 8,
      "71": 2,
      "72": 2,
      "73": 2,
      "74": 2,
      "75": 0,
      "76": 2,
      "77": 0,
      "78": 2,
      "79": 0,
      "80": 2,
      "81": 0,
      "82": 2,
      "83": 0,
      "84": 2,
      "85": 0,
      "86": 2,
      "87": 2,
      "88": 2,
      "89": 8,
      "90": 88
    },
    "f": {
      "0": 0,
      "1": 0,
      "2": 0,
      "3": 0,
      "4": 0,
      "5": 0,
      "6": 0,
      "7": 0,
      "8": 0,
      "9": 0,
      "10": 0,
      "11": 0,
      "12": 0,
      "13": 0,
      "14": 0,
      "15": 0,
      "16": 0,
      "17": 20,
      "18": 2,
      "19": 2,
      "20": 2,
      "21": 0,
      "22": 0,
      "23": 2,
      "24": 0,
      "25": 0,
      "26": 0,
      "27": 2,
      "28": 88
    },
    "b": {
      "0": [
        2,
        0
      ],
      "1": [
        12,
        8
      ],
      "2": [
        0,
        0
      ],
      "3": [
        0,
        2
      ],
      "4": [
        0,
        2
      ],
      "5": [
        0,
        0
      ],
      "6": [
        2,
        0
      ],
      "7": [
        2,
        2
      ],
      "8": [
        0,
        0
      ],
      "9": [
        0,
        2
      ],
      "10": [
        0,
        2
      ],
      "11": [
        0,
        2
      ],
      "12": [
        0,
        2
      ],
      "13": [
        0,
        2
      ],
      "14": [
        0,
        2
      ],
      "15": [
        24,
        64
      ],
      "16": [
        8,
        80
      ]
    },
    "_coverageSchema": "1a1c01bbd47fc00a2c39e90264f33305004495a9",
    "hash": "85d004f96360dbfa608bee2e61c13c2718368413"
  },
  "C:\\xampp\\htdocs\\fakeID\\mern\\client\\fakeid\\src\\components\\Notification.js": {
    "path": "C:\\xampp\\htdocs\\fakeID\\mern\\client\\fakeid\\src\\components\\Notification.js",
    "statementMap": {
      "0": {
        "start": {
          "line": 6,
          "column": 4
        },
        "end": {
          "line": 10,
          "column": 5
        }
      }
    },
    "fnMap": {
      "0": {
        "name": "Notification",
        "decl": {
          "start": {
            "line": 5,
            "column": 24
          },
          "end": {
            "line": 5,
            "column": 36
          }
        },
        "loc": {
          "start": {
            "line": 5,
            "column": 55
          },
          "end": {
            "line": 12,
            "column": 1
          }
        },
        "line": 5
      }
    },
    "branchMap": {},
    "s": {
      "0": 0
    },
    "f": {
      "0": 0
    },
    "b": {},
    "_coverageSchema": "1a1c01bbd47fc00a2c39e90264f33305004495a9",
    "hash": "746f437ff82fc7a82dd84f0022a511bd8656e427"
  },
  "C:\\xampp\\htdocs\\fakeID\\mern\\client\\fakeid\\src\\pages\\CreateUser.js": {
    "path": "C:\\xampp\\htdocs\\fakeID\\mern\\client\\fakeid\\src\\pages\\CreateUser.js",
    "statementMap": {
      "0": {
        "start": {
          "line": 9,
          "column": 19
        },
        "end": {
          "line": 9,
          "column": 31
        }
      },
      "1": {
        "start": {
          "line": 10,
          "column": 34
        },
        "end": {
          "line": 10,
          "column": 44
        }
      },
      "2": {
        "start": {
          "line": 11,
          "column": 46
        },
        "end": {
          "line": 11,
          "column": 56
        }
      },
      "3": {
        "start": {
          "line": 13,
          "column": 16
        },
        "end": {
          "line": 13,
          "column": 45
        }
      },
      "4": {
        "start": {
          "line": 15,
          "column": 23
        },
        "end": {
          "line": 47,
          "column": 5
        }
      },
      "5": {
        "start": {
          "line": 16,
          "column": 8
        },
        "end": {
          "line": 16,
          "column": 30
        }
      },
      "6": {
        "start": {
          "line": 17,
          "column": 8
        },
        "end": {
          "line": 43,
          "column": 9
        }
      },
      "7": {
        "start": {
          "line": 18,
          "column": 29
        },
        "end": {
          "line": 24,
          "column": 14
        }
      },
      "8": {
        "start": {
          "line": 25,
          "column": 25
        },
        "end": {
          "line": 25,
          "column": 46
        }
      },
      "9": {
        "start": {
          "line": 26,
          "column": 12
        },
        "end": {
          "line": 37,
          "column": 13
        }
      },
      "10": {
        "start": {
          "line": 27,
          "column": 15
        },
        "end": {
          "line": 30,
          "column": 17
        }
      },
      "11": {
        "start": {
          "line": 32,
          "column": 16
        },
        "end": {
          "line": 35,
          "column": 18
        }
      },
      "12": {
        "start": {
          "line": 36,
          "column": 16
        },
        "end": {
          "line": 36,
          "column": 39
        }
      },
      "13": {
        "start": {
          "line": 39,
          "column": 12
        },
        "end": {
          "line": 42,
          "column": 14
        }
      },
      "14": {
        "start": {
          "line": 44,
          "column": 8
        },
        "end": {
          "line": 46,
          "column": 16
        }
      },
      "15": {
        "start": {
          "line": 45,
          "column": 12
        },
        "end": {
          "line": 45,
          "column": 33
        }
      },
      "16": {
        "start": {
          "line": 49,
          "column": 25
        },
        "end": {
          "line": 63,
          "column": 5
        }
      },
      "17": {
        "start": {
          "line": 50,
          "column": 8
        },
        "end": {
          "line": 50,
          "column": 24
        }
      },
      "18": {
        "start": {
          "line": 51,
          "column": 8
        },
        "end": {
          "line": 61,
          "column": 9
        }
      },
      "19": {
        "start": {
          "line": 52,
          "column": 26
        },
        "end": {
          "line": 52,
          "column": 54
        }
      },
      "20": {
        "start": {
          "line": 53,
          "column": 21
        },
        "end": {
          "line": 53,
          "column": 63
        }
      },
      "21": {
        "start": {
          "line": 54,
          "column": 21
        },
        "end": {
          "line": 54,
          "column": 68
        }
      },
      "22": {
        "start": {
          "line": 55,
          "column": 21
        },
        "end": {
          "line": 55,
          "column": 66
        }
      },
      "23": {
        "start": {
          "line": 57,
          "column": 12
        },
        "end": {
          "line": 57,
          "column": 35
        }
      },
      "24": {
        "start": {
          "line": 58,
          "column": 12
        },
        "end": {
          "line": 58,
          "column": 31
        }
      },
      "25": {
        "start": {
          "line": 59,
          "column": 12
        },
        "end": {
          "line": 59,
          "column": 74
        }
      },
[...]
        },
        "type": "if",
        "locations": [
          {
            "start": {
              "line": 49,
              "column": 8
            },
            "end": {
              "line": 49,
              "column": 53
            }
          },
          {
            "start": {
              "line": 49,
              "column": 8
            },
            "end": {
              "line": 49,
              "column": 53
            }
          }
        ],
        "line": 49
      },
      "9": {
        "loc": {
          "start": {
            "line": 61,
            "column": 7
          },
          "end": {
            "line": 65,
            "column": 8
          }
        },
        "type": "if",
        "locations": [
          {
            "start": {
              "line": 61,
              "column": 7
            },
            "end": {
              "line": 65,
              "column": 8
            }
          },
          {
            "start": {
              "line": 61,
              "column": 7
            },
            "end": {
              "line": 65,
              "column": 8
            }
          }
        ],
        "line": 61
      },
      "10": {
        "loc": {
          "start": {
            "line": 61,
            "column": 10
          },
          "end": {
            "line": 61,
            "column": 42
          }
        },
        "type": "binary-expr",
        "locations": [
          {
            "start": {
              "line": 61,
              "column": 10
            },
            "end": {
              "line": 61,
              "column": 25
            }
          },
          {
            "start": {
              "line": 61,
              "column": 30
            },
            "end": {
              "line": 61,
              "column": 42
            }
          }
        ],
        "line": 61
      },
      "11": {
        "loc": {
          "start": {
            "line": 66,
            "column": 7
          },
          "end": {
            "line": 70,
            "column": 8
          }
        },
        "type": "if",
        "locations": [
          {
            "start": {
              "line": 66,
              "column": 7
            },
            "end": {
              "line": 70,
              "column": 8
            }
          },
          {
            "start": {
              "line": 66,
              "column": 7
            },
            "end": {
              "line": 70,
              "column": 8
            }
          }
        ],
        "line": 66
      },
      "12": {
        "loc": {
          "start": {
            "line": 66,
            "column": 10
          },
          "end": {
            "line": 66,
            "column": 74
          }
        },
        "type": "binary-expr",
        "locations": [
          {
            "start": {
              "line": 66,
              "column": 10
            },
            "end": {
              "line": 66,
              "column": 40
            }
          },
          {
            "start": {
              "line": 66,
              "column": 44
            },
            "end": {
              "line": 66,
              "column": 74
            }
          }
        ],
        "line": 66
      },
      "13": {
        "loc": {
          "start": {
            "line": 71,
            "column": 7
          },
          "end": {
            "line": 75,
            "column": 8
          }
        },
        "type": "if",
        "locations": [
          {
            "start": {
              "line": 71,
              "column": 7
            },
            "end": {
              "line": 75,
              "column": 8
            }
          },
          {
            "start": {
              "line": 71,
              "column": 7
            },
            "end": {
              "line": 75,
              "column": 8
            }
          }
        ],
        "line": 71
      },
      "14": {
        "loc": {
          "start": {
            "line": 73,
            "column": 8
          },
          "end": {
            "line": 73,
            "column": 92
          }
        },
        "type": "cond-expr",
        "locations": [
          {
            "start": {
              "line": 73,
              "column": 41
            },
            "end": {
              "line": 73,
              "column": 66
            }
          },
          {
            "start": {
              "line": 73,
              "column": 69
            },
            "end": {
              "line": 73,
              "column": 92
            }
          }
        ],
        "line": 73
      },
      "15": {
        "loc": {
          "start": {
            "line": 78,
            "column": 4
          },
          "end": {
            "line": 80,
            "column": 5
          }
        },
        "type": "if",
        "locations": [
          {
            "start": {
              "line": 78,
              "column": 4
            },
            "end": {
              "line": 80,
              "column": 5
            }
          },
          {
            "start": {
              "line": 78,
              "column": 4
            },
            "end": {
              "line": 80,
              "column": 5
            }
          }
        ],
        "line": 78
      },
      "16": {
        "loc": {
          "start": {
            "line": 78,
            "column": 7
          },
          "end": {
            "line": 78,
            "column": 23
          }
        },
        "type": "binary-expr",
        "locations": [
          {
            "start": {
              "line": 78,
              "column": 7
            },
            "end": {
              "line": 78,
              "column": 14
            }
          },
          {
            "start": {
              "line": 78,
              "column": 18
            },
            "end": {
              "line": 78,
              "column": 23
            }
          }
        ],
        "line": 78
      },
      "17": {
        "loc": {
          "start": {
            "line": 89,
            "column": 13
          },
          "end": {
            "line": 91,
            "column": 17
          }
        },
        "type": "cond-expr",
        "locations": [
          {
            "start": {
              "line": 90,
              "column": 12
            },
            "end": {
              "line": 90,
              "column": 46
            }
          },
          {
            "start": {
              "line": 91,
              "column": 13
            },
            "end": {
              "line": 91,
              "column": 17
            }
          }
        ],
        "line": 89
      },
      "18": {
        "loc": {
          "start": {
            "line": 95,
            "column": 39
          },
          "end": {
            "line": 95,
            "column": 62
          }
        },
        "type": "cond-expr",
        "locations": [
          {
            "start": {
              "line": 95,
              "column": 49
            },
            "end": {
              "line": 95,
              "column": 57
            }
          },
          {
            "start": {
              "line": 95,
              "column": 60
            },
            "end": {
              "line": 95,
              "column": 62
            }
          }
        ],
        "line": 95
      },
      "19": {
        "loc": {
          "start": {
            "line": 96,
            "column": 39
          },
          "end": {
            "line": 96,
            "column": 63
          }
        },
        "type": "cond-expr",
        "locations": [
          {
            "start": {
              "line": 96,
              "column": 50
            },
            "end": {
              "line": 96,
              "column": 58
            }
          },
          {
            "start": {
              "line": 96,
              "column": 61
            },
            "end": {
              "line": 96,
              "column": 63
            }
          }
        ],
        "line": 96
      },
      "20": {
        "loc": {
          "start": {
            "line": 100,
            "column": 13
          },
          "end": {
            "line": 107,
            "column": 22
          }
        },
        "type": "cond-expr",
        "locations": [
          {
            "start": {
              "line": 101,
              "column": 16
            },
            "end": {
              "line": 103,
              "column": 22
            }
          },
          {
            "start": {
              "line": 105,
              "column": 12
            },
            "end": {
              "line": 107,
              "column": 22
            }
          }
        ],
        "line": 100
      }
    },
    "s": {
      "0": 16,
      "1": 16,
      "2": 16,
      "3": 16,
      "4": 16,
      "5": 16,
      "6": 16,
      "7": 2,
      "8": 2,
      "9": 2,
      "10": 2,
      "11": 2,
      "12": 2,
      "13": 2,
      "14": 2,
      "15": 0,
      "16": 16,
      "17": 2,
      "18": 2,
      "19": 2,
      "20": 2,
      "21": 16,
      "22": 0,
      "23": 0,
      "24": 0,
      "25": 0,
      "26": 0,
      "27": 0,
      "28": 0,
      "29": 0,
      "30": 0,
      "31": 0,
      "32": 0,
      "33": 0,
      "34": 0,
      "35": 0,
      "36": 0,
      "37": 0,
      "38": 0,
      "39": 0,
      "40": 16,
      "41": 0,
      "42": 0,
      "43": 0,
      "44": 0,
      "45": 0,
      "46": 0,
      "47": 0,
      "48": 0,
      "49": 0,
      "50": 0,
      "51": 0,
      "52": 0,
      "53": 0,
      "54": 0,
      "55": 0,
      "56": 0,
      "57": 0,
      "58": 0,
      "59": 0,
      "60": 16,
      "61": 8,
      "62": 8,
      "63": 0,
      "64": 0,
      "65": 0,
      "66": 8,
      "67": 0,
      "68": 2
    },
    "f": {
      "0": 16,
      "1": 2,
      "2": 2,
      "3": 0,
      "4": 2,
      "5": 0,
      "6": 0,
      "7": 0,
      "8": 0,
      "9": 0,
      "10": 2
    },
    "b": {
      "0": [
        2,
        0
      ],
      "1": [
        0,
        0
      ],
      "2": [
        0,
        0
      ],
      "3": [
        0,
        0
      ],
      "4": [
        0,
        0
      ],
      "5": [
        0,
        0
      ],
      "6": [
        0,
        0
      ],
      "7": [
        0,
        0
      ],
      "8": [
        0,
        0
      ],
      "9": [
        0,
        0
      ],
      "10": [
        0,
        0
      ],
      "11": [
        0,
        0
      ],
      "12": [
        0,
        0
      ],
      "13": [
        0,
        0
      ],
      "14": [
        0,
        0
      ],
      "15": [
        8,
        8
      ],
      "16": [
        16,
        8
      ],
      "17": [
        0,
        8
      ],
      "18": [
        4,
        4
      ],
      "19": [
        4,
        4
      ],
      "20": [
        4,
        4
      ]
    },
    "_coverageSchema": "1a1c01bbd47fc00a2c39e90264f33305004495a9",
    "hash": "129eb9469360b7969f1b8748f23d47aa2a0ebafd"
  },
  "C:\\xampp\\htdocs\\fakeID\\mern\\client\\fakeid\\src\\components\\InfoIcon.js": {
    "path": "C:\\xampp\\htdocs\\fakeID\\mern\\client\\fakeid\\src\\components\\InfoIcon.js",
    "statementMap": {
      "0": {
        "start": {
          "line": 4,
          "column": 4
        },
        "end": {
          "line": 17,
          "column": 5
        }
      }
    },
    "fnMap": {
      "0": {
        "name": "InfoIcon",
        "decl": {
          "start": {
            "line": 3,
            "column": 24
          },
          "end": {
            "line": 3,
            "column": 32
          }
        },
        "loc": {
          "start": {
            "line": 3,
            "column": 34
          },
          "end": {
            "line": 18,
            "column": 1
          }
        },
        "line": 3
      }
    },
    "branchMap": {},
    "s": {
      "0": 4
    },
    "f": {
      "0": 4
    },
    "b": {},
    "_coverageSchema": "1a1c01bbd47fc00a2c39e90264f33305004495a9",
    "hash": "71cd766dd75f23cb82f330243677bece4a965c88"
  },
  "C:\\xampp\\htdocs\\fakeID\\mern\\client\\fakeid\\src\\components\\Header.js": {
    "path": "C:\\xampp\\htdocs\\fakeID\\mern\\client\\fakeid\\src\\components\\Header.js",
    "statementMap": {
      "0": {
        "start": {
          "line": 18,
          "column": 4
        },
        "end": {
          "line": 55,
          "column": 5
        }
      },
      "1": {
        "start": {
          "line": 49,
          "column": 47
        },
        "end": {
          "line": 49,
          "column": 71
        }
      }
    },
    "fnMap": {
      "0": {
        "name": "Header",
        "decl": {
          "start": {
            "line": 16,
            "column": 24
          },
          "end": {
            "line": 16,
            "column": 30
          }
        },
        "loc": {
          "start": {
            "line": 16,
            "column": 32
          },
          "end": {
            "line": 56,
            "column": 1
          }
        },
        "line": 16
      },
      "1": {
        "name": "(anonymous_1)",
        "decl": {
          "start": {
            "line": 49,
            "column": 31
          },
          "end": {
            "line": 49,
            "column": 32
          }
        },
        "loc": {
          "start": {
            "line": 49,
            "column": 47
          },
          "end": {
            "line": 49,
            "column": 71
          }
        },
        "line": 49
      }
    },
    "branchMap": {},
    "s": {
      "0": 4,
      "1": 4
    },
    "f": {
      "0": 4,
      "1": 4
    },
    "b": {},
    "_coverageSchema": "1a1c01bbd47fc00a2c39e90264f33305004495a9",
    "hash": "133245eeaa44c30ed9f695d9ad4cf12476d490ab"
  },
  "C:\\xampp\\htdocs\\fakeID\\mern\\client\\fakeid\\src\\App.js": {
    "path": "C:\\xampp\\htdocs\\fakeID\\mern\\client\\fakeid\\src\\App.js",
    "statementMap": {
      "0": {
        "start": {
          "line": 5,
          "column": 2
        },
        "end": {
          "line": 9,
          "column": 4
        }
      }
    },
    "fnMap": {
      "0": {
        "name": "App",
        "decl": {
          "start": {
            "line": 4,
            "column": 9
          },
          "end": {
            "line": 4,
            "column": 12
          }
        },
        "loc": {
          "start": {
            "line": 4,
            "column": 15
          },
          "end": {
            "line": 10,
            "column": 1
          }
        },
        "line": 4
      }
    },
    "branchMap": {},
    "s": {
      "0": 4
    },
    "f": {
      "0": 4
    },
    "b": {},
    "_coverageSchema": "1a1c01bbd47fc00a2c39e90264f33305004495a9",
    "hash": "171afe63d793bbe52b42b9f8f8483760012428e3"
  },
  "C:\\xampp\\htdocs\\fakeID\\mern\\client\\fakeid\\src\\reportWebVitals.js": {
    "path": "C:\\xampp\\htdocs\\fakeID\\mern\\client\\fakeid\\src\\reportWebVitals.js",
    "statementMap": {
      "0": {
        "start": {
          "line": 1,
          "column": 24
        },
        "end": {
          "line": 11,
          "column": 1
        }
      },
      "1": {
        "start": {
          "line": 2,
          "column": 2
        },
        "end": {
          "line": 10,
          "column": 3
        }
      },
      "2": {
        "start": {
          "line": 3,
          "column": 4
        },
        "end": {
          "line": 9,
          "column": 7
        }
      },
      "3": {
        "start": {
          "line": 4,
          "column": 6
        },
        "end": {
          "line": 4,
          "column": 26
        }
      },
      "4": {
        "start": {
          "line": 5,
          "column": 6
        },
        "end": {
          "line": 5,
          "column": 26
        }
      },
      "5": {
        "start": {
          "line": 6,
          "column": 6
        },
        "end": {
          "line": 6,
          "column": 26
        }
      },
      "6": {
        "start": {
          "line": 7,
          "column": 6
        },
        "end": {
          "line": 7,
          "column": 26
        }
      },
      "7": {
        "start": {
          "line": 8,
          "column": 6
        },
        "end": {
          "line": 8,
          "column": 27
        }
      }
    },
    "fnMap": {
      "0": {
        "name": "(anonymous_0)",
        "decl": {
          "start": {
            "line": 1,
            "column": 24
          },
          "end": {
            "line": 1,
            "column": 25
          }
        },
        "loc": {
          "start": {
            "line": 1,
            "column": 39
          },
          "end": {
            "line": 11,
            "column": 1
          }
        },
        "line": 1
      },
      "1": {
        "name": "(anonymous_1)",
        "decl": {
          "start": {
            "line": 3,
            "column": 30
          },
          "end": {
            "line": 3,
            "column": 31
          }
        },
        "loc": {
          "start": {
            "line": 3,
            "column": 79
          },
          "end": {
            "line": 9,
            "column": 5
          }
        },
        "line": 3
      }
    },
    "branchMap": {
      "0": {
        "loc": {
          "start": {
            "line": 2,
            "column": 2
          },
          "end": {
            "line": 10,
            "column": 3
          }
        },
        "type": "if",
        "locations": [
          {
            "start": {
              "line": 2,
              "column": 2
            },
            "end": {
              "line": 10,
              "column": 3
            }
          },
          {
            "start": {
              "line": 2,
              "column": 2
            },
            "end": {
              "line": 10,
              "column": 3
            }
          }
        ],
        "line": 2
      },
      "1": {
        "loc": {
          "start": {
            "line": 2,
            "column": 6
          },
          "end": {
            "line": 2,
            "column": 52
          }
        },
        "type": "binary-expr",
        "locations": [
          {
            "start": {
              "line": 2,
              "column": 6
            },
            "end": {
              "line": 2,
              "column": 17
            }
          },
          {
            "start": {
              "line": 2,
              "column": 21
            },
            "end": {
              "line": 2,
              "column": 52
            }
          }
        ],
        "line": 2
      }
    },
    "s": {
      "0": 2,
      "1": 2,
      "2": 0,
      "3": 0,
      "4": 0,
      "5": 0,
      "6": 0,
      "7": 0
    },
    "f": {
      "0": 2,
      "1": 0
    },
    "b": {
      "0": [
        0,
        2
      ],
      "1": [
        2,
        0
      ]
    },
    "_coverageSchema": "1a1c01bbd47fc00a2c39e90264f33305004495a9",
    "hash": "afe2bbb0b27afa7869194012df2b407842718bcb"
  },
  "C:\\xampp\\htdocs\\fakeID\\mern\\client\\fakeid\\src\\index.js": {
    "path": "C:\\xampp\\htdocs\\fakeID\\mern\\client\\fakeid\\src\\index.js",
    "statementMap": {
      "0": {
        "start": {
          "line": 7,
          "column": 0
        },
        "end": {
          "line": 12,
          "column": 2
        }
      },
      "1": {
        "start": {
          "line": 17,
          "column": 0
        },
        "end": {
          "line": 17,
          "column": 18
        }
      }
    },
    "fnMap": {},
    "branchMap": {},
    "s": {
      "0": 2,
      "1": 2
    },
    "f": {},
    "b": {},
    "_coverageSchema": "1a1c01bbd47fc00a2c39e90264f33305004495a9",
    "hash": "3bb10d3a2244f4442cdb1125e4d1aa885811e6fa"
  }
}