{
  "C:\\xampp\\htdocs\\fakeID\\mern\\client\\fakeid\\src\\components\\Sorters.js": {
    "path": "C:\\xampp\\htdocs\\fakeID\\mern\\client\\fakeid\\src\\components\\Sorters.js",
    "statementMap": {
      "0": {
        "start": {
          "line": 4,
          "column": 34
        },
        "end": {
          "line": 7,
          "column": 6
        }
      },
      "1": {
        "start": {
          "line": 9,
          "column": 4
        },
        "end": {
          "line": 11,
          "column": 15
        }
      },
      "2": {
        "start": {
          "line": 10,
          "column": 8
        },
        "end": {
          "line": 10,
          "column": 28
        }
      },
      "3": {
        "start": {
          "line": 14,
          "column": 23
        },
        "end": {
          "line": 16,
          "column": 5
        }
      },
      "4": {
        "start": {
          "line": 15,
          "column": 8
        },
        "end": {
          "line": 15,
          "column": 85
        }
      },
      "5": {
        "start": {
          "line": 15,
          "column": 29
        },
        "end": {
          "line": 15,
          "column": 83
        }
      },
      "6": {
        "start": {
          "line": 18,
          "column": 4
        },
        "end": {
          "line": 28,
          "column": 5
        }
      }
    },
    "fnMap": {
      "0": {
        "name": "Sorters",
        "decl": {
          "start": {
            "line": 3,
            "column": 24
          },
          "end": {
            "line": 3,
            "column": 31
          }
        },
        "loc": {
          "start": {
            "line": 3,
            "column": 38
          },
          "end": {
            "line": 30,
            "column": 1
          }
        },
        "line": 3
      },
      "1": {
        "name": "(anonymous_1)",
        "decl": {
          "start": {
            "line": 9,
            "column": 14
          },
          "end": {
            "line": 9,
            "column": 15
          }
        },
        "loc": {
          "start": {
            "line": 9,
            "column": 20
          },
          "end": {
            "line": 11,
            "column": 5
          }
        },
        "line": 9
      },
      "2": {
        "name": "(anonymous_2)",
        "decl": {
          "start": {
            "line": 14,
            "column": 23
          },
          "end": {
            "line": 14,
            "column": 24
          }
        },
        "loc": {
          "start": {
            "line": 14,
            "column": 34
          },
          "end": {
            "line": 16,
            "column": 5
          }
        },
        "line": 14
      },
      "3": {
        "name": "(anonymous_3)",
        "decl": {
          "start": {
            "line": 15,
            "column": 18
          },
          "end": {
            "line": 15,
            "column": 19
          }
        },
        "loc": {
          "start": {
            "line": 15,
            "column": 29
          },
          "end": {
            "line": 15,
            "column": 83
          }
        },
        "line": 15
      }
    },
    "branchMap": {},
    "s": {
      "0": 474,
      "1": 474,
      "2": 170,
      "3": 474,
      "4": 4,
      "5": 4,
      "6": 474
    },
    "f": {
      "0": 474,
      "1": 170,
      "2": 4,
      "3": 4
    },
    "b": {},
    "_coverageSchema": "1a1c01bbd47fc00a2c39e90264f33305004495a9",
    "hash": "ba530fa2f6bb8af44692318269265cb867183353"
  },
  "C:\\xampp\\htdocs\\fakeID\\mern\\client\\fakeid\\src\\components\\SearchBar.js": {
    "path": "C:\\xampp\\htdocs\\fakeID\\mern\\client\\fakeid\\src\\components\\SearchBar.js",
    "statementMap": {
      "0": {
        "start": {
          "line": 5,
          "column": 46
        },
        "end": {
          "line": 5,
          "column": 56
        }
      },
      "1": {
        "start": {
          "line": 8,
          "column": 25
        },
        "end": {
          "line": 10,
          "column": 5
        }
      },
      "2": {
        "start": {
          "line": 9,
          "column": 8
        },
        "end": {
          "line": 9,
          "column": 36
        }
      },
      "3": {
        "start": {
          "line": 12,
          "column": 4
        },
        "end": {
          "line": 17,
          "column": 5
        }
      },
      "4": {
        "start": {
          "line": 14,
          "column": 87
        },
        "end": {
          "line": 14,
          "column": 122
        }
      }
    },
    "fnMap": {
      "0": {
        "name": "SearchBar",
        "decl": {
          "start": {
            "line": 4,
            "column": 24
          },
          "end": {
            "line": 4,
            "column": 33
          }
        },
        "loc": {
          "start": {
            "line": 4,
            "column": 41
          },
          "end": {
            "line": 18,
            "column": 1
          }
        },
        "line": 4
      },
      "1": {
        "name": "(anonymous_1)",
        "decl": {
          "start": {
            "line": 8,
            "column": 25
          },
          "end": {
            "line": 8,
            "column": 26
          }
        },
        "loc": {
          "start": {
            "line": 8,
            "column": 31
          },
          "end": {
            "line": 10,
            "column": 5
          }
        },
        "line": 8
      },
      "2": {
        "name": "(anonymous_2)",
        "decl": {
          "start": {
            "line": 14,
            "column": 76
          },
          "end": {
            "line": 14,
            "column": 77
          }
        },
        "loc": {
          "start": {
            "line": 14,
            "column": 87
          },
          "end": {
            "line": 14,
            "column": 122
          }
        },
        "line": 14
      }
    },
    "branchMap": {},
    "s": {
      "0": 494,
      "1": 494,
      "2": 4,
      "3": 494,
      "4": 14
    },
    "f": {
      "0": 494,
      "1": 4,
      "2": 14
    },
    "b": {},
    "_coverageSchema": "1a1c01bbd47fc00a2c39e90264f33305004495a9",
    "hash": "cc447d316cb57b0964190762aa9d9a67cd0d614f"
  },
  "C:\\xampp\\htdocs\\fakeID\\mern\\client\\fakeid\\src\\components\\Filters.js": {
    "path": "C:\\xampp\\htdocs\\fakeID\\mern\\client\\fakeid\\src\\components\\Filters.js",
    "statementMap": {
      "0": {
        "start": {
          "line": 6,
          "column": 32
        },
        "end": {
          "line": 15,
          "column": 4
        }
      },
      "1": {
        "start": {
          "line": 17,
          "column": 2
        },
        "end": {
          "line": 20,
          "column": 16
        }
      },
      "2": {
        "start": {
          "line": 18,
          "column": 4
        },
        "end": {
          "line": 18,
          "column": 28
        }
      },
      "3": {
        "start": {
          "line": 22,
          "column": 23
        },
        "end": {
          "line": 94,
          "column": 3
        }
      },
      "4": {
        "start": {
          "line": 24,
          "column": 4
        },
        "end": {
          "line": 30,
          "column": 5
        }
      },
      "5": {
        "start": {
          "line": 25,
          "column": 6
        },
        "end": {
          "line": 29,
          "column": 10
        }
      },
      "6": {
        "start": {
          "line": 25,
          "column": 31
        },
        "end": {
          "line": 29,
          "column": 7
        }
      },
      "7": {
        "start": {
          "line": 32,
          "column": 4
        },
        "end": {
          "line": 38,
          "column": 5
        }
      },
      "8": {
        "start": {
          "line": 33,
          "column": 6
        },
        "end": {
          "line": 37,
          "column": 10
        }
      },
      "9": {
        "start": {
          "line": 33,
          "column": 31
        },
        "end": {
          "line": 37,
          "column": 7
        }
      },
      "10": {
        "start": {
          "line": 40,
          "column": 4
        },
        "end": {
          "line": 46,
          "column": 5
        }
      },
      "11": {
        "start": {
          "line": 41,
          "column": 6
        },
        "end": {
          "line": 45,
          "column": 10
        }
      },
      "12": {
        "start": {
          "line": 41,
          "column": 31
        },
        "end": {
          "line": 45,
          "column": 7
        }
      },
      "13": {
        "start": {
          "line": 48,
          "column": 4
        },
        "end": {
          "line": 54,
          "column": 5
        }
      },
      "14": {
        "start": {
          "line": 49,
          "column": 6
        },
        "end": {
          "line": 53,
          "column": 10
        }
      },
      "15": {
        "start": {
          "line": 49,
          "column": 31
        },
        "end": {
          "line": 53,
          "column": 7
        }
      },
      "16": {
        "start": {
          "line": 56,
          "column": 4
        },
        "end": {
          "line": 62,
          "column": 5
        }
      },
      "17": {
        "start": {
          "line": 57,
          "column": 6
        },
        "end": {
          "line": 61,
          "column": 10
        }
      },
      "18": {
        "start": {
          "line": 57,
          "column": 31
        },
        "end": {
          "line": 61,
          "column": 7
        }
      },
      "19": {
        "start": {
          "line": 64,
          "column": 4
        },
        "end": {
          "line": 70,
          "column": 5
        }
      },
      "20": {
        "start": {
          "line": 65,
          "column": 6
        },
        "end": {
          "line": 69,
          "column": 10
        }
      },
      "21": {
        "start": {
          "line": 65,
          "column": 31
        },
        "end": {
          "line": 69,
          "column": 7
        }
      },
      "22": {
        "start": {
          "line": 72,
          "column": 4
        },
        "end": {
          "line": 78,
          "column": 5
        }
      },
      "23": {
        "start": {
          "line": 73,
          "column": 6
        },
        "end": {
          "line": 77,
          "column": 10
        }
      },
      "24": {
        "start": {
          "line": 73,
          "column": 31
        },
        "end": {
          "line": 77,
          "column": 7
        }
      },
      "25": {
        "start": {
          "line": 80,
          "column": 4
        },
        "end": {
          "line": 86,
          "column": 5
        }
      },
      "26": {
        "start": {
          "line": 81,
          "column": 6
        },
        "end": {
          "line": 85,
          "column": 10
        }
      },
      "27": {
        "start": {
          "line": 81,
          "column": 31
        },
        "end": {
          "line": 85,
          "column": 7
        }
      },
      "28": {
        "start": {
          "line": 87,
          "column": 4
        },
        "end": {
          "line": 93,
          "column": 5
        }
      },
      "29": {
        "start": {
          "line": 88,
          "column": 6
        },
        "end": {
          "line": 92,
          "column": 10
        }
      },
      "30": {
        "start": {
          "line": 88,
          "column": 31
        },
        "end": {
          "line": 92,
          "column": 7
        }
      },
      "31": {
        "start": {
          "line": 96,
          "column": 2
        },
        "end": {
          "line": 217,
          "column": 4
        }
      },
      "32": {
        "start": {
          "line": 107,
          "column": 31
        },
        "end": {
          "line": 107,
          "column": 53
        }
      },
      "33": {
        "start": {
          "line": 118,
          "column": 28
        },
        "end": {
          "line": 118,
          "column": 52
        }
      },
      "34": {
        "start": {
          "line": 129,
          "column": 29
        },
        "end": {
          "line": 129,
          "column": 53
        }
      },
      "35": {
        "start": {
          "line": 145,
          "column": 29
        },
        "end": {
          "line": 145,
          "column": 56
        }
      },
      "36": {
        "start": {
          "line": 157,
          "column": 16
        },
        "end": {
          "line": 157,
          "column": 41
        }
      },
      "37": {
        "start": {
          "line": 169,
          "column": 29
        },
        "end": {
          "line": 169,
          "column": 56
        }
      },
      "38": {
        "start": {
          "line": 185,
          "column": 29
        },
        "end": {
          "line": 185,
          "column": 54
        }
      },
      "39": {
        "start": {
          "line": 197,
          "column": 16
        },
        "end": {
          "line": 197,
          "column": 39
        }
      },
      "40": {
        "start": {
          "line": 209,
          "column": 29
        },
        "end": {
          "line": 209,
          "column": 49
        }
      }
    },
    "fnMap": {
      "0": {
        "name": "Filters",
        "decl": {
          "start": {
            "line": 5,
            "column": 24
          },
          "end": {
            "line": 5,
            "column": 31
          }
        },
        "loc": {
          "start": {
            "line": 5,
            "column": 39
          },
          "end": {
            "line": 218,
            "column": 1
          }
        },
        "line": 5
      },
      "1": {
        "name": "(anonymous_1)",
        "decl": {
          "start": {
            "line": 17,
            "column": 12
          },
          "end": {
            "line": 17,
            "column": 13
          }
        },
        "loc": {
          "start": {
            "line": 17,
            "column": 18
          },
          "end": {
            "line": 20,
            "column": 3
          }
        },
        "line": 17
      },
      "2": {
        "name": "(anonymous_2)",
        "decl": {
          "start": {
            "line": 22,
            "column": 23
          },
          "end": {
            "line": 22,
            "column": 24
          }
        },
        "loc": {
          "start": {
            "line": 22,
            "column": 33
          },
          "end": {
            "line": 94,
            "column": 3
          }
        },
        "line": 22
      },
      "3": {
        "name": "(anonymous_3)",
        "decl": {
          "start": {
            "line": 25,
            "column": 17
          },
          "end": {
            "line": 25,
            "column": 18
          }
        },
        "loc": {
          "start": {
            "line": 25,
            "column": 31
          },
          "end": {
            "line": 29,
            "column": 7
          }
        },
        "line": 25
      },
      "4": {
        "name": "(anonymous_4)",
        "decl": {
          "start": {
            "line": 33,
            "column": 17
          },
          "end": {
            "line": 33,
            "column": 18
          }
        },
        "loc": {
          "start": {
            "line": 33,
            "column": 31
          },
          "end": {
            "line": 37,
            "column": 7
          }
        },
        "line": 33
      },
      "5": {
        "name": "(anonymous_5)",
        "decl": {
          "start": {
            "line": 41,
            "column": 17
          },
          "end": {
            "line": 41,
            "column": 18
          }
        },
        "loc": {
          "start": {
            "line": 41,
            "column": 31
          },
          "end": {
            "line": 45,
            "column": 7
          }
        },
        "line": 41
      },
      "6": {
        "name": "(anonymous_6)",
        "decl": {
          "start": {
            "line": 49,
            "column": 17
          },
          "end": {
            "line": 49,
            "column": 18
          }
        },
        "loc": {
          "start": {
            "line": 49,
            "column": 31
          },
          "end": {
            "line": 53,
            "column": 7
          }
        },
        "line": 49
      },
      "7": {
        "name": "(anonymous_7)",
        "decl": {
          "start": {
            "line": 57,
            "column": 17
          },
          "end": {
            "line": 57,
            "column": 18
          }
        },
        "loc": {
          "start": {
            "line": 57,
            "column": 31
          },
          "end": {
            "line": 61,
            "column": 7
          }
        },
        "line": 57
      },
      "8": {
        "name": "(anonymous_8)",
        "decl": {
          "start": {
            "line": 65,
            "column": 17
          },
          "end": {
            "line": 65,
            "column": 18
          }
        },
        "loc": {
          "start": {
            "line": 65,
            "column": 31
          },
          "end": {
            "line": 69,
            "column": 7
          }
        },
        "line": 65
      },
      "9": {
        "name": "(anonymous_9)",
        "decl": {
          "start": {
            "line": 73,
            "column": 17
          },
          "end": {
            "line": 73,
            "column": 18
          }
        },
        "loc": {
          "start": {
            "line": 73,
            "column": 31
          },
          "end": {
            "line": 77,
            "column": 7
          }
        },
        "line": 73
      },
      "10": {
        "name": "(anonymous_10)",
        "decl": {
          "start": {
            "line": 81,
            "column": 17
          },
          "end": {
            "line": 81,
            "column": 18
          }
        },
        "loc": {
          "start": {
            "line": 81,
            "column": 31
          },
          "end": {
            "line": 85,
            "column": 7
          }
        },
        "line": 81
      },
      "11": {
        "name": "(anonymous_11)",
        "decl": {
          "start": {
            "line": 88,
            "column": 17
          },
          "end": {
            "line": 88,
            "column": 18
          }
        },
        "loc": {
          "start": {
            "line": 88,
            "column": 31
          },
          "end": {
            "line": 92,
            "column": 7
          }
        },
        "line": 88
      },
      "12": {
        "name": "(anonymous_12)",
        "decl": {
          "start": {
            "line": 107,
            "column": 25
          },
          "end": {
            "line": 107,
            "column": 26
          }
        },
        "loc": {
          "start": {
            "line": 107,
            "column": 31
          },
          "end": {
            "line": 107,
            "column": 53
          }
        },
        "line": 107
      },
      "13": {
        "name": "(anonymous_13)",
        "decl": {
          "start": {
            "line": 118,
            "column": 23
          },
          "end": {
            "line": 118,
            "column": 24
          }
        },
        "loc": {
          "start": {
            "line": 118,
            "column": 28
          },
          "end": {
            "line": 118,
            "column": 52
          }
        },
        "line": 118
      },
      "14": {
        "name": "(anonymous_14)",
        "decl": {
          "start": {
            "line": 129,
            "column": 23
          },
          "end": {
            "line": 129,
            "column": 24
          }
        },
        "loc": {
          "start": {
            "line": 129,
            "column": 29
          },
          "end": {
            "line": 129,
            "column": 53
          }
        },
        "line": 129
      },
      "15": {
        "name": "(anonymous_15)",
        "decl": {
          "start": {
            "line": 145,
            "column": 23
          },
          "end": {
            "line": 145,
            "column": 24
          }
        },
        "loc": {
          "start": {
            "line": 145,
            "column": 29
          },
          "end": {
            "line": 145,
            "column": 56
          }
        },
        "line": 145
      },
      "16": {
        "name": "(anonymous_16)",
        "decl": {
          "start": {
            "line": 156,
            "column": 23
          },
          "end": {
            "line": 156,
            "column": 24
          }
        },
        "loc": {
          "start": {
            "line": 156,
            "column": 29
          },
          "end": {
            "line": 158,
            "column": 15
          }
        },
        "line": 156
      },
      "17": {
        "name": "(anonymous_17)",
        "decl": {
          "start": {
            "line": 169,
            "column": 23
          },
          "end": {
            "line": 169,
            "column": 24
          }
        },
        "loc": {
          "start": {
            "line": 169,
            "column": 29
          },
          "end": {
            "line": 169,
            "column": 56
          }
        },
        "line": 169
      },
      "18": {
        "name": "(anonymous_18)",
        "decl": {
          "start": {
            "line": 185,
            "column": 23
          },
          "end": {
            "line": 185,
            "column": 24
          }
        },
        "loc": {
          "start": {
            "line": 185,
            "column": 29
          },
          "end": {
            "line": 185,
            "column": 54
          }
        },
        "line": 185
      },
      "19": {
        "name": "(anonymous_19)",
        "decl": {
          "start": {
            "line": 196,
            "column": 23
          },
          "end": {
            "line": 196,
            "column": 24
          }
        },
        "loc": {
          "start": {
            "line": 196,
            "column": 29
          },
          "end": {
            "line": 198,
            "column": 15
          }
        },
        "line": 196
      },
      "20": {
        "name": "(anonymous_20)",
        "decl": {
          "start": {
            "line": 209,
            "column": 23
          },
          "end": {
            "line": 209,
            "column": 24
          }
        },
        "loc": {
          "start": {
            "line": 209,
            "column": 29
          },
          "end": {
            "line": 209,
            "column": 49
          }
        },
        "line": 209
      }
    },
    "branchMap": {
      "0": {
        "loc": {
          "start": {
            "line": 24,
            "column": 4
          },
          "end": {
            "line": 30,
            "column": 5
          }
        },
        "type": "if",
        "locations": [
          {
            "start": {
              "line": 24,
              "column": 4
            },
            "end": {
              "line": 30,
              "column": 5
            }
          },
          {
            "start": {
              "line": 24,
              "column": 4
            },
            "end": {
              "line": 30,
              "column": 5
            }
          }
        ],
        "line": 24
      },
      "1": {
        "loc": {
          "start": {
            "line": 32,
            "column": 4
          },
          "end": {
            "line": 38,
            "column": 5
          }
        },
        "type": "if",
        "locations": [
          {
            "start": {
              "line": 32,
              "column": 4
            },
            "end": {
              "line": 38,
              "column": 5
            }
          },
          {
            "start": {
              "line": 32,
              "column": 4
            },
            "end": {
              "line": 38,
              "column": 5
            }
          }
        ],
        "line": 32
      },
      "2": {
        "loc": {
          "start": {
            "line": 40,
            "column": 4
          },
          "end": {
            "line": 46,
            "column": 5
          }
        },
        "type": "if",
        "locations": [
          {
            "start": {
              "line": 40,
              "column": 4
            },
            "end": {
              "line": 46,
              "column": 5
            }
          },
          {
            "start": {
              "line": 40,
              "column": 4
            },
            "end": {
              "line": 46,
              "column": 5
            }
          }
        ],
        "line": 40
      },
      "3": {
        "loc": {
          "start": {
            "line": 48,
            "column": 4
          },
          "end": {
            "line": 54,
            "column": 5
          }
        },
        "type": "if",
        "locations": [
          {
            "start": {
              "line": 48,
              "column": 4
            },
            "end": {
              "line": 54,
              "column": 5
            }
          },
          {
            "start": {
              "line": 48,
              "column": 4
            },
            "end": {
              "line": 54,
              "column": 5
            }
          }
        ],
        "line": 48
      },
      "4": {
        "loc": {
          "start": {
            "line": 56,
            "column": 4
          },
          "end": {
            "line": 62,
            "column": 5
          }
        },
        "type": "if",
        "locations": [
          {
            "start": {
              "line": 56,
              "column": 4
            },
            "end": {
              "line": 62,
              "column": 5
            }
          },
          {
            "start": {
              "line": 56,
              "column": 4
            },
            "end": {
              "line": 62,
              "column": 5
            }
          }
        ],
        "line": 56
      },
      "5": {
        "loc": {
          "start": {
            "line": 64,
            "column": 4
          },
          "end": {
            "line": 70,
            "column": 5
          }
        },
        "type": "if",
        "locations": [
          {
            "start": {
              "line": 64,
              "column": 4
            },
            "end": {
              "line": 70,
              "column": 5
            }
          },
          {
            "start": {
              "line": 64,
              "column": 4
            },
            "end": {
              "line": 70,
              "column": 5
            }
          }
        ],
        "line": 64
      },
      "6": {
        "loc": {
          "start": {
            "line": 72,
            "column": 4
          },
          "end": {
            "line": 78,
            "column": 5
          }
        },
        "type": "if",
        "locations": [
          {
            "start": {
              "line": 72,
              "column": 4
            },
            "end": {
              "line": 78,
              "column": 5
            }
          },
          {
            "start": {
              "line": 72,
              "column": 4
            },
            "end": {
              "line": 78,
              "column": 5
            }
          }
        ],
        "line": 72
      },
      "7": {
        "loc": {
          "start": {
            "line": 80,
            "column": 4
          },
          "end": {
            "line": 86,
            "column": 5
          }
        },
        "type": "if",
        "locations": [
          {
            "start": {
              "line": 80,
              "column": 4
            },
            "end": {
              "line": 86,
              "column": 5
            }
          },
          {
            "start": {
              "line": 80,
              "column": 4
            },
            "end": {
              "line": 86,
              "column": 5
            }
          }
        ],
        "line": 80
      },
      "8": {
        "loc": {
          "start": {
            "line": 87,
            "column": 4
          },
          "end": {
            "line": 93,
            "column": 5
          }
        },
        "type": "if",
        "locations": [
          {
            "start": {
              "line": 87,
              "column": 4
            },
            "end": {
              "line": 93,
              "column": 5
            }
          },
          {
            "start": {
              "line": 87,
              "column": 4
            },
            "end": {
              "line": 93,
              "column": 5
            }
          }
        ],
        "line": 87
      }
    },
    "s": {
      "0": 562,
      "1": 562,
      "2": 214,
      "3": 562,
      "4": 48,
      "5": 11,
      "6": 11,
      "7": 48,
      "8": 3,
      "9": 3,
      "10": 48,
      "11": 7,
      "12": 7,
      "13": 48,
      "14": 5,
      "15": 5,
      "16": 48,
      "17": 6,
      "18": 6,
      "19": 48,
      "20": 2,
      "21": 2,
      "22": 48,
      "23": 5,
      "24": 5,
      "25": 48,
      "26": 6,
      "27": 6,
      "28": 48,
      "29": 3,
      "30": 3,
      "31": 562,
      "32": 6,
      "33": 11,
      "34": 3,
      "35": 3,
      "36": 7,
      "37": 5,
      "38": 5,
      "39": 2,
      "40": 6
    },
    "f": {
      "0": 562,
      "1": 214,
      "2": 48,
      "3": 11,
      "4": 3,
      "5": 7,
      "6": 5,
      "7": 6,
      "8": 2,
      "9": 5,
      "10": 6,
      "11": 3,
      "12": 6,
      "13": 11,
      "14": 3,
      "15": 3,
      "16": 7,
      "17": 5,
      "18": 5,
      "19": 2,
      "20": 6
    },
    "b": {
      "0": [
        11,
        37
      ],
      "1": [
        3,
        45
      ],
      "2": [
        7,
        41
      ],
      "3": [
        5,
        43
      ],
      "4": [
        6,
        42
      ],
      "5": [
        2,
        46
      ],
      "6": [
        5,
        43
      ],
      "7": [
        6,
        42
      ],
      "8": [
        3,
        45
      ]
    },
    "_coverageSchema": "1a1c01bbd47fc00a2c39e90264f33305004495a9",
    "hash": "fffbc87c32a1a02ba1538cded5d2e34b73646ef8"
  },
  "C:\\xampp\\htdocs\\fakeID\\mern\\client\\fakeid\\src\\pages\\Overview.js": {
    "path": "C:\\xampp\\htdocs\\fakeID\\mern\\client\\fakeid\\src\\pages\\Overview.js",
    "statementMap": {
      "0": {
        "start": {
          "line": 10,
          "column": 16
        },
        "end": {
          "line": 10,
          "column": 69
        }
      },
      "1": {
        "start": {
          "line": 10,
          "column": 44
        },
        "end": {
          "line": 10,
          "column": 68
        }
      },
      "2": {
        "start": {
          "line": 11,
          "column": 2
        },
        "end": {
          "line": 11,
          "column": 17
        }
      },
      "3": {
        "start": {
          "line": 15,
          "column": 14
        },
        "end": {
          "line": 15,
          "column": 65
        }
      },
      "4": {
        "start": {
          "line": 15,
          "column": 42
        },
        "end": {
          "line": 15,
          "column": 64
        }
      },
      "5": {
        "start": {
          "line": 16,
          "column": 2
        },
        "end": {
          "line": 16,
          "column": 15
        }
      },
      "6": {
        "start": {
          "line": 20,
          "column": 17
        },
        "end": {
          "line": 20,
          "column": 59
        }
      },
      "7": {
        "start": {
          "line": 20,
          "column": 45
        },
        "end": {
          "line": 20,
          "column": 58
        }
      },
      "8": {
        "start": {
          "line": 21,
          "column": 2
        },
        "end": {
          "line": 21,
          "column": 18
        }
      },
      "9": {
        "start": {
          "line": 25,
          "column": 15
        },
        "end": {
          "line": 25,
          "column": 58
        }
      },
      "10": {
        "start": {
          "line": 25,
          "column": 43
        },
        "end": {
          "line": 25,
          "column": 57
        }
      },
      "11": {
        "start": {
          "line": 26,
          "column": 2
        },
        "end": {
          "line": 26,
          "column": 16
        }
      },
      "12": {
        "start": {
          "line": 30,
          "column": 18
        },
        "end": {
          "line": 30,
          "column": 70
        }
      },
      "13": {
        "start": {
          "line": 30,
          "column": 46
        },
        "end": {
          "line": 30,
          "column": 69
        }
      },
      "14": {
        "start": {
          "line": 31,
          "column": 2
        },
        "end": {
          "line": 31,
          "column": 19
        }
      },
      "15": {
        "start": {
          "line": 35,
          "column": 21
        },
        "end": {
          "line": 35,
          "column": 59
        }
      },
      "16": {
        "start": {
          "line": 35,
          "column": 49
        },
        "end": {
          "line": 35,
          "column": 58
        }
      },
      "17": {
        "start": {
          "line": 36,
          "column": 2
        },
        "end": {
          "line": 36,
          "column": 22
        }
      },
      "18": {
        "start": {
          "line": 56,
          "column": 32
        },
        "end": {
          "line": 56,
          "column": 46
        }
      },
      "19": {
        "start": {
          "line": 57,
          "column": 28
        },
        "end": {
          "line": 57,
          "column": 38
        }
      },
      "20": {
        "start": {
          "line": 58,
          "column": 44
        },
        "end": {
          "line": 58,
          "column": 54
        }
      },
      "21": {
        "start": {
          "line": 59,
          "column": 32
        },
        "end": {
          "line": 63,
          "column": 4
        }
      },
      "22": {
        "start": {
          "line": 65,
          "column": 14
        },
        "end": {
          "line": 65,
          "column": 43
        }
      },
      "23": {
        "start": {
          "line": 68,
          "column": 2
        },
        "end": {
          "line": 80,
          "column": 12
        }
      },
      "24": {
        "start": {
          "line": 69,
          "column": 21
        },
        "end": {
          "line": 69,
          "column": 25
        }
      },
      "25": {
        "start": {
          "line": 70,
          "column": 23
        },
        "end": {
          "line": 77,
          "column": 5
        }
      },
      "26": {
        "start": {
          "line": 71,
          "column": 23
        },
        "end": {
          "line": 71,
          "column": 50
        }
      },
      "27": {
        "start": {
          "line": 72,
          "column": 19
        },
        "end": {
          "line": 72,
          "column": 40
        }
      },
      "28": {
        "start": {
          "line": 74,
          "column": 6
        },
        "end": {
          "line": 74,
          "column": 21
        }
      },
      "29": {
        "start": {
          "line": 75,
          "column": 6
        },
        "end": {
          "line": 75,
          "column": 28
        }
      },
      "30": {
        "start": {
          "line": 76,
          "column": 6
        },
        "end": {
          "line": 76,
          "column": 24
        }
      },
      "31": {
        "start": {
          "line": 78,
          "column": 4
        },
        "end": {
          "line": 78,
          "column": 17
        }
      },
      "32": {
        "start": {
          "line": 79,
          "column": 4
        },
        "end": {
          "line": 79,
          "column": 38
        }
      },
      "33": {
        "start": {
          "line": 79,
          "column": 18
        },
        "end": {
          "line": 79,
          "column": 36
        }
      },
      "34": {
        "start": {
          "line": 82,
          "column": 2
        },
        "end": {
          "line": 84,
          "column": 3
        }
      },
      "35": {
        "start": {
          "line": 83,
          "column": 4
        },
        "end": {
          "line": 83,
          "column": 49
        }
      },
      "36": {
        "start": {
          "line": 86,
          "column": 23
        },
        "end": {
          "line": 96,
          "column": 3
        }
      },
      "37": {
        "start": {
          "line": 87,
          "column": 4
        },
        "end": {
          "line": 90,
          "column": 5
        }
      },
      "38": {
        "start": {
          "line": 88,
          "column": 6
        },
        "end": {
          "line": 88,
          "column": 29
        }
      },
      "39": {
        "start": {
          "line": 89,
          "column": 6
        },
        "end": {
          "line": 89,
          "column": 13
        }
      },
      "40": {
        "start": {
          "line": 91,
          "column": 4
        },
        "end": {
          "line": 91,
          "column": 46
        }
      },
      "41": {
        "start": {
          "line": 92,
          "column": 17
        },
        "end": {
          "line": 94,
          "column": 5
        }
      },
      "42": {
        "start": {
          "line": 93,
          "column": 6
        },
        "end": {
          "line": 93,
          "column": 52
        }
      },
      "43": {
        "start": {
          "line": 95,
          "column": 4
        },
        "end": {
          "line": 95,
          "column": 28
        }
      },
      "44": {
        "start": {
          "line": 97,
          "column": 21
        },
        "end": {
          "line": 121,
          "column": 3
        }
      },
      "45": {
        "start": {
          "line": 101,
          "column": 4
        },
        "end": {
          "line": 106,
          "column": 5
        }
      },
      "46": {
        "start": {
          "line": 103,
          "column": 6
        },
        "end": {
          "line": 105,
          "column": 9
        }
      },
      "47": {
        "start": {
          "line": 104,
          "column": 8
        },
        "end": {
          "line": 104,
          "column": 29
        }
      },
      "48": {
        "start": {
          "line": 107,
          "column": 4
        },
        "end": {
          "line": 116,
          "column": 5
        }
      },
      "49": {
        "start": {
          "line": 109,
          "column": 6
        },
        "end": {
          "line": 115,
          "column": 9
        }
      },
      "50": {
        "start": {
          "line": 110,
          "column": 8
        },
        "end": {
          "line": 114,
          "column": 9
        }
      },
      "51": {
        "start": {
          "line": 111,
          "column": 10
        },
        "end": {
          "line": 111,
          "column": 20
        }
      },
      "52": {
        "start": {
          "line": 113,
          "column": 10
        },
        "end": {
          "line": 113,
          "column": 19
        }
      },
      "53": {
        "start": {
          "line": 117,
          "column": 4
        },
        "end": {
          "line": 119,
          "column": 5
        }
      },
      "54": {
        "start": {
          "line": 118,
          "column": 6
        },
        "end": {
          "line": 118,
          "column": 25
        }
      },
      "55": {
        "start": {
          "line": 120,
          "column": 4
        },
        "end": {
          "line": 120,
          "column": 32
        }
      },
      "56": {
        "start": {
          "line": 123,
          "column": 22
        },
        "end": {
          "line": 138,
          "column": 3
        }
      },
      "57": {
        "start": {
          "line": 125,
          "column": 4
        },
        "end": {
          "line": 137,
          "column": 5
        }
      },
      "58": {
        "start": {
          "line": 126,
          "column": 6
        },
        "end": {
          "line": 130,
          "column": 9
        }
      },
      "59": {
        "start": {
          "line": 132,
          "column": 6
        },
        "end": {
          "line": 136,
          "column": 9
        }
      },
      "60": {
        "start": {
          "line": 140,
          "column": 23
        },
        "end": {
          "line": 171,
          "column": 3
        }
      },
      "61": {
        "start": {
          "line": 141,
          "column": 4
        },
        "end": {
          "line": 141,
          "column": 33
        }
      },
      "62": {
        "start": {
          "line": 142,
          "column": 24
        },
        "end": {
          "line": 142,
          "column": 29
        }
      },
      "63": {
        "start": {
          "line": 143,
          "column": 4
        },
        "end": {
          "line": 143,
          "column": 27
        }
      },
      "64": {
        "start": {
          "line": 145,
          "column": 4
        },
        "end": {
          "line": 147,
          "column": 5
        }
      },
      "65": {
        "start": {
          "line": 146,
          "column": 6
        },
        "end": {
          "line": 146,
          "column": 47
        }
      },
      "66": {
        "start": {
          "line": 148,
          "column": 4
        },
        "end": {
          "line": 150,
          "column": 5
        }
      },
      "67": {
        "start": {
          "line": 149,
          "column": 6
        },
        "end": {
          "line": 149,
          "column": 49
        }
      },
      "68": {
        "start": {
          "line": 152,
          "column": 4
        },
        "end": {
          "line": 154,
          "column": 5
        }
      },
      "69": {
        "start": {
          "line": 153,
          "column": 6
        },
        "end": {
          "line": 153,
          "column": 50
        }
      },
      "70": {
        "start": {
          "line": 156,
          "column": 4
        },
        "end": {
          "line": 158,
          "column": 5
        }
      },
      "71": {
        "start": {
          "line": 157,
          "column": 6
        },
        "end": {
          "line": 157,
          "column": 53
        }
      },
      "72": {
        "start": {
          "line": 160,
          "column": 4
        },
        "end": {
          "line": 162,
          "column": 5
        }
      },
      "73": {
        "start": {
          "line": 161,
          "column": 6
        },
        "end": {
          "line": 161,
          "column": 46
        }
      },
      "74": {
        "start": {
          "line": 164,
          "column": 4
        },
        "end": {
          "line": 166,
          "column": 5
        }
      },
      "75": {
        "start": {
          "line": 165,
          "column": 6
        },
        "end": {
          "line": 165,
          "column": 48
        }
      },
      "76": {
        "start": {
          "line": 168,
          "column": 4
        },
        "end": {
          "line": 168,
          "column": 31
        }
      },
      "77": {
        "start": {
          "line": 169,
          "column": 4
        },
        "end": {
          "line": 169,
          "column": 34
        }
      },
      "78": {
        "start": {
          "line": 170,
          "column": 4
        },
        "end": {
          "line": 170,
          "column": 35
        }
      },
      "79": {
        "start": {
          "line": 173,
          "column": 2
        },
        "end": {
          "line": 204,
          "column": 4
        }
      },
      "80": {
        "start": {
          "line": 190,
          "column": 10
        },
        "end": {
          "line": 200,
          "column": 12
        }
      }
    },
    "fnMap": {
      "0": {
        "name": "getFemales",
        "decl": {
          "start": {
            "line": 9,
            "column": 16
          },
          "end": {
            "line": 9,
            "column": 26
          }
        },
        "loc": {
          "start": {
            "line": 9,
            "column": 34
          },
          "end": {
            "line": 12,
            "column": 1
          }
        },
        "line": 9
      },
      "1": {
        "name": "(anonymous_1)",
        "decl": {
          "start": {
            "line": 10,
            "column": 34
          },
          "end": {
            "line": 10,
            "column": 35
          }
        },
        "loc": {
          "start": {
            "line": 10,
            "column": 44
          },
          "end": {
            "line": 10,
            "column": 68
          }
        },
        "line": 10
      },
      "2": {
        "name": "getMales",
        "decl": {
          "start": {
            "line": 14,
            "column": 16
          },
          "end": {
            "line": 14,
            "column": 24
          }
        },
        "loc": {
          "start": {
            "line": 14,
            "column": 32
          },
          "end": {
            "line": 17,
            "column": 1
          }
        },
        "line": 14
      },
      "3": {
        "name": "(anonymous_3)",
        "decl": {
          "start": {
            "line": 15,
            "column": 32
          },
          "end": {
            "line": 15,
            "column": 33
          }
        },
        "loc": {
          "start": {
            "line": 15,
            "column": 42
          },
          "end": {
            "line": 15,
            "column": 64
          }
        },
        "line": 15
      },
      "4": {
        "name": "getChildren",
        "decl": {
          "start": {
            "line": 19,
            "column": 16
          },
          "end": {
            "line": 19,
            "column": 27
          }
        },
        "loc": {
          "start": {
            "line": 19,
            "column": 35
          },
          "end": {
            "line": 22,
            "column": 1
          }
        },
        "line": 19
      },
      "5": {
        "name": "(anonymous_5)",
        "decl": {
          "start": {
            "line": 20,
            "column": 35
          },
          "end": {
            "line": 20,
            "column": 36
          }
        },
        "loc": {
          "start": {
            "line": 20,
            "column": 45
          },
          "end": {
            "line": 20,
            "column": 58
          }
        },
        "line": 20
      },
      "6": {
        "name": "getAdults",
        "decl": {
          "start": {
            "line": 24,
            "column": 16
          },
          "end": {
            "line": 24,
            "column": 25
          }
        },
        "loc": {
          "start": {
            "line": 24,
            "column": 33
          },
          "end": {
            "line": 27,
            "column": 1
          }
        },
        "line": 24
      },
      "7": {
        "name": "(anonymous_7)",
        "decl": {
          "start": {
            "line": 25,
            "column": 33
          },
          "end": {
            "line": 25,
            "column": 34
          }
        },
        "loc": {
          "start": {
            "line": 25,
            "column": 43
          },
          "end": {
            "line": 25,
            "column": 57
          }
        },
        "line": 25
      },
      "8": {
        "name": "getEmployees",
        "decl": {
          "start": {
            "line": 29,
            "column": 16
          },
          "end": {
            "line": 29,
            "column": 28
          }
        },
        "loc": {
          "start": {
            "line": 29,
            "column": 36
          },
          "end": {
            "line": 32,
            "column": 1
          }
        },
        "line": 29
      },
      "9": {
        "name": "(anonymous_9)",
        "decl": {
          "start": {
            "line": 30,
            "column": 36
          },
          "end": {
            "line": 30,
            "column": 37
          }
        },
        "loc": {
          "start": {
            "line": 30,
            "column": 46
          },
          "end": {
            "line": 30,
            "column": 69
          }
        },
        "line": 30
      },
      "10": {
        "name": "getNotEmployees",
        "decl": {
          "start": {
            "line": 34,
            "column": 16
          },
          "end": {
            "line": 34,
            "column": 31
          }
        },
        "loc": {
          "start": {
            "line": 34,
            "column": 39
          },
          "end": {
            "line": 37,
            "column": 1
          }
        },
        "line": 34
      },
      "11": {
        "name": "(anonymous_11)",
        "decl": {
          "start": {
            "line": 35,
            "column": 39
          },
          "end": {
            "line": 35,
            "column": 40
          }
        },
        "loc": {
          "start": {
            "line": 35,
            "column": 49
          },
          "end": {
            "line": 35,
            "column": 58
          }
        },
        "line": 35
      },
      "12": {
        "name": "Overview",
        "decl": {
          "start": {
            "line": 55,
            "column": 24
          },
          "end": {
            "line": 55,
            "column": 32
          }
        },
        "loc": {
          "start": {
            "line": 55,
            "column": 35
          },
          "end": {
            "line": 205,
            "column": 1
          }
        },
        "line": 55
      },
      "13": {
        "name": "(anonymous_13)",
        "decl": {
          "start": {
            "line": 68,
            "column": 12
          },
          "end": {
            "line": 68,
            "column": 13
          }
        },
        "loc": {
          "start": {
            "line": 68,
            "column": 18
          },
          "end": {
            "line": 80,
            "column": 3
          }
        },
        "line": 68
      },
      "14": {
        "name": "(anonymous_14)",
        "decl": {
          "start": {
            "line": 70,
            "column": 23
          },
          "end": {
            "line": 70,
            "column": 24
          }
        },
        "loc": {
          "start": {
            "line": 70,
            "column": 35
          },
          "end": {
            "line": 77,
            "column": 5
          }
        },
        "line": 70
      },
      "15": {
        "name": "(anonymous_15)",
        "decl": {
          "start": {
            "line": 79,
            "column": 11
          },
          "end": {
            "line": 79,
            "column": 12
          }
        },
        "loc": {
          "start": {
            "line": 79,
            "column": 18
          },
          "end": {
            "line": 79,
            "column": 36
          }
        },
        "line": 79
      },
      "16": {
        "name": "(anonymous_16)",
        "decl": {
          "start": {
            "line": 86,
            "column": 23
          },
          "end": {
            "line": 86,
            "column": 24
          }
        },
        "loc": {
          "start": {
            "line": 86,
            "column": 41
          },
          "end": {
            "line": 96,
            "column": 3
          }
        },
        "line": 86
      },
      "17": {
        "name": "(anonymous_17)",
        "decl": {
          "start": {
            "line": 92,
            "column": 35
          },
          "end": {
            "line": 92,
            "column": 36
          }
        },
        "loc": {
          "start": {
            "line": 93,
            "column": 6
          },
          "end": {
            "line": 93,
            "column": 52
          }
        },
        "line": 93
      },
      "18": {
        "name": "(anonymous_18)",
        "decl": {
          "start": {
            "line": 97,
            "column": 21
          },
          "end": {
            "line": 97,
            "column": 22
          }
        },
        "loc": {
          "start": {
            "line": 97,
            "column": 33
          },
          "end": {
            "line": 121,
            "column": 3
          }
        },
        "line": 97
      },
      "19": {
        "name": "(anonymous_19)",
        "decl": {
          "start": {
            "line": 103,
            "column": 44
          },
          "end": {
            "line": 103,
            "column": 45
          }
        },
        "loc": {
          "start": {
            "line": 103,
            "column": 54
          },
          "end": {
            "line": 105,
            "column": 7
          }
        },
        "line": 103
      },
      "20": {
        "name": "(anonymous_20)",
        "decl": {
          "start": {
            "line": 109,
            "column": 44
          },
          "end": {
            "line": 109,
            "column": 45
          }
        },
        "loc": {
          "start": {
            "line": 109,
            "column": 54
          },
          "end": {
            "line": 115,
            "column": 7
          }
        },
        "line": 109
      },
      "21": {
        "name": "(anonymous_21)",
        "decl": {
          "start": {
            "line": 123,
            "column": 22
          },
          "end": {
            "line": 123,
            "column": 23
          }
        },
        "loc": {
          "start": {
            "line": 123,
            "column": 28
          },
          "end": {
            "line": 138,
            "column": 3
          }
        },
        "line": 123
      },
      "22": {
        "name": "(anonymous_22)",
        "decl": {
          "start": {
            "line": 140,
            "column": 23
          },
          "end": {
            "line": 140,
            "column": 24
          }
        },
        "loc": {
          "start": {
            "line": 140,
            "column": 36
          },
          "end": {
            "line": 171,
            "column": 3
          }
        },
        "line": 140
      },
      "23": {
        "name": "(anonymous_23)",
        "decl": {
          "start": {
            "line": 189,
            "column": 28
          },
          "end": {
            "line": 189,
            "column": 29
          }
        },
        "loc": {
          "start": {
            "line": 189,
            "column": 38
          },
          "end": {
            "line": 201,
            "column": 9
          }
        },
        "line": 189
      }
    },
    "branchMap": {
      "0": {
        "loc": {
          "start": {
            "line": 82,
            "column": 2
          },
          "end": {
            "line": 84,
            "column": 3
          }
        },
        "type": "if",
        "locations": [
          {
            "start": {
              "line": 82,
              "column": 2
            },
            "end": {
              "line": 84,
              "column": 3
            }
          },
          {
            "start": {
              "line": 82,
              "column": 2
            },
            "end": {
              "line": 84,
              "column": 3
            }
          }
        ],
        "line": 82
      },
      "1": {
        "loc": {
          "start": {
            "line": 87,
            "column": 4
          },
          "end": {
            "line": 90,
            "column": 5
          }
        },
        "type": "if",
        "locations": [
          {
            "start": {
              "line": 87,
              "column": 4
            },
            "end": {
              "line": 90,
              "column": 5
            }
          },
          {
            "start": {
              "line": 87,
              "column": 4
            },
            "end": {
              "line": 90,
              "column": 5
            }
          }
        ],
        "line": 87
      },
      "2": {
        "loc": {
          "start": {
            "line": 101,
            "column": 4
          },
          "end": {
            "line": 106,
            "column": 5
          }
        },
        "type": "if",
        "locations": [
          {
            "start": {
              "line": 101,
              "column": 4
            },
            "end": {
              "line": 106,
              "column": 5
            }
          },
          {
            "start": {
              "line": 101,
              "column": 4
            },
            "end": {
              "line": 106,
              "column": 5
            }
          }
        ],
        "line": 101
      },
      "3": {
        "loc": {
          "start": {
            "line": 107,
            "column": 4
          },
          "end": {
            "line": 116,
            "column": 5
          }
        },
        "type": "if",
        "locations": [
          {
            "start": {
              "line": 107,
              "column": 4
            },
            "end": {
              "line": 116,
              "column": 5
            }
          },
          {
            "start": {
              "line": 107,
              "column": 4
            },
            "end": {
              "line": 116,
              "column": 5
            }
          }
        ],
        "line": 107
      },
      "4": {
        "loc": {
          "start": {
            "line": 110,
            "column": 8
          },
          "end": {
            "line": 114,
            "column": 9
          }
        },
        "type": "if",
        "locations": [
          {
            "start": {
              "line": 110,
              "column": 8
            },
            "end": {
              "line": 114,
              "column": 9
            }
          },
          {
            "start": {
              "line": 110,
              "column": 8
            },
            "end": {
              "line": 114,
              "column": 9
            }
          }
        ],
        "line": 110
      },
      "5": {
        "loc": {
          "start": {
            "line": 117,
            "column": 4
          },
          "end": {
            "line": 119,
            "column": 5
          }
        },
        "type": "if",
        "locations": [
          {
            "start": {
              "line": 117,
              "column": 4
            },
            "end": {
              "line": 119,
              "column": 5
            }
          },
          {
            "start": {
              "line": 117,
              "column": 4
            },
            "end": {
              "line": 119,
              "column": 5
            }
          }
        ],
        "line": 117
      },
      "6": {
        "loc": {
          "start": {
            "line": 117,
            "column": 8
          },
          "end": {
            "line": 117,
            "column": 43
          }
        },
        "type": "binary-expr",
        "locations": [
          {
            "start": {
              "line": 117,
              "column": 8
            },
            "end": {
              "line": 117,
              "column": 23
            }
          },
          {
            "start": {
              "line": 117,
              "column": 27
            },
            "end": {
              "line": 117,
              "column": 43
            }
          }
        ],
        "line": 117
      },
      "7": {
        "loc": {
          "start": {
            "line": 125,
            "column": 4
          },
          "end": {
            "line": 137,
            "column": 5
          }
        },
        "type": "if",
        "locations": [
          {
            "start": {
              "line": 125,
              "column": 4
            },
            "end": {
              "line": 137,
              "column": 5
            }
          },
          {
            "start": {
              "line": 125,
              "column": 4
            },
            "end": {
              "line": 137,
              "column": 5
            }
          }
        ],
        "line": 125
      },
      "8": {
        "loc": {
          "start": {
            "line": 145,
            "column": 4
          },
          "end": {
            "line": 147,
            "column": 5
          }
        },
        "type": "if",
        "locations": [
          {
            "start": {
              "line": 145,
              "column": 4
            },
            "end": {
              "line": 147,
              "column": 5
            }
          },
          {
            "start": {
              "line": 145,
              "column": 4
            },
            "end": {
              "line": 147,
              "column": 5
            }
          }
        ],
        "line": 145
      },
      "9": {
        "loc": {
          "start": {
            "line": 148,
            "column": 4
          },
          "end": {
            "line": 150,
            "column": 5
          }
        },
        "type": "if",
        "locations": [
          {
            "start": {
              "line": 148,
              "column": 4
            },
            "end": {
              "line": 150,
              "column": 5
            }
          },
          {
            "start": {
              "line": 148,
              "column": 4
            },
            "end": {
              "line": 150,
              "column": 5
            }
          }
        ],
        "line": 148
      },
      "10": {
        "loc": {
          "start": {
            "line": 152,
            "column": 4
          },
          "end": {
            "line": 154,
            "column": 5
          }
        },
        "type": "if",
        "locations": [
          {
            "start": {
              "line": 152,
              "column": 4
            },
            "end": {
              "line": 154,
              "column": 5
            }
          },
          {
            "start": {
              "line": 152,
              "column": 4
            },
            "end": {
              "line": 154,
              "column": 5
            }
          }
        ],
        "line": 152
      },
      "11": {
        "loc": {
          "start": {
            "line": 156,
            "column": 4
          },
          "end": {
            "line": 158,
            "column": 5
          }
        },
        "type": "if",
        "locations": [
          {
            "start": {
              "line": 156,
              "column": 4
            },
            "end": {
              "line": 158,
              "column": 5
            }
          },
          {
            "start": {
              "line": 156,
              "column": 4
            },
            "end": {
              "line": 158,
              "column": 5
            }
          }
        ],
        "line": 156
      },
      "12": {
        "loc": {
          "start": {
            "line": 160,
            "column": 4
          },
          "end": {
            "line": 162,
            "column": 5
          }
        },
        "type": "if",
        "locations": [
          {
            "start": {
              "line": 160,
              "column": 4
            },
            "end": {
              "line": 162,
              "column": 5
            }
          },
          {
            "start": {
              "line": 160,
              "column": 4
            },
            "end": {
              "line": 162,
              "column": 5
            }
          }
        ],
        "line": 160
      },
      "13": {
        "loc": {
          "start": {
            "line": 164,
            "column": 4
          },
          "end": {
            "line": 166,
            "column": 5
          }
        },
        "type": "if",
        "locations": [
          {
            "start": {
              "line": 164,
              "column": 4
            },
            "end": {
              "line": 166,
              "column": 5
            }
          },
          {
            "start": {
              "line": 164,
              "column": 4
            },
            "end": {
              "line": 166,
              "column": 5
            }
          }
        ],
        "line": 164
      },
      "14": {
        "loc": {
          "start": {
            "line": 193,
            "column": 18
          },
          "end": {
            "line": 193,
            "column": 51
          }
        },
        "type": "cond-expr",
        "locations": [
          {
            "start": {
              "line": 193,
              "column": 34
            },
            "end": {
              "line": 193,
              "column": 41
            }
          },
          {
            "start": {
              "line": 193,
              "column": 44
            },
            "end": {
              "line": 193,
              "column": 51
            }
          }
        ],
        "line": 193
      },
      "15": {
        "loc": {
          "start": {
            "line": 194,
            "column": 18
          },
          "end": {
            "line": 194,
            "column": 44
          }
        },
        "type": "cond-expr",
        "locations": [
          {
            "start": {
              "line": 194,
              "column": 29
            },
            "end": {
              "line": 194,
              "column": 39
            }
          },
          {
            "start": {
              "line": 194,
              "column": 42
            },
            "end": {
              "line": 194,
              "column": 44
            }
          }
        ],
        "line": 194
      }
    },
    "s": {
      "0": 2,
      "1": 76,
      "2": 2,
      "3": 6,
      "4": 12,
      "5": 6,
      "6": 18,
      "7": 738,
      "8": 18,
      "9": 8,
      "10": 328,
      "11": 8,
      "12": 24,
      "13": 718,
      "14": 24,
      "15": 12,
      "16": 331,
      "17": 12,
      "18": 1794,
      "19": 1794,
      "20": 1794,
      "21": 1794,
      "22": 1794,
      "23": 1794,
      "24": 166,
      "25": 166,
      "26": 166,
      "27": 166,
      "28": 166,
      "29": 166,
      "30": 166,
      "31": 166,
      "32": 166,
      "33": 132,
      "34": 1794,
      "35": 996,
      "36": 798,
      "37": 4,
      "38": 2,
      "39": 2,
      "40": 2,
      "41": 2,
      "42": 84,
      "43": 2,
      "44": 798,
      "45": 170,
      "46": 4,
      "47": 428,
      "48": 170,
      "49": 2,
      "50": 342,
      "51": 160,
      "52": 182,
      "53": 170,
      "54": 166,
      "55": 170,
      "56": 798,
      "57": 13,
      "58": 12,
      "59": 1,
      "60": 798,
      "61": 214,
      "62": 214,
      "63": 214,
      "64": 214,
      "65": 8,
      "66": 214,
      "67": 18,
      "68": 214,
      "69": 24,
      "70": 214,
      "71": 12,
      "72": 214,
      "73": 6,
      "74": 214,
      "75": 2,
      "76": 214,
      "77": 214,
      "78": 214,
      "79": 798,
      "80": 30140
    },
    "f": {
      "0": 2,
      "1": 76,
      "2": 6,
      "3": 12,
      "4": 18,
      "5": 738,
      "6": 8,
      "7": 328,
      "8": 24,
      "9": 718,
      "10": 12,
      "11": 331,
      "12": 1794,
      "13": 166,
      "14": 166,
      "15": 132,
      "16": 4,
      "17": 84,
      "18": 170,
      "19": 428,
      "20": 342,
      "21": 13,
      "22": 214,
      "23": 30140
    },
    "b": {
      "0": [
        996,
        798
      ],
      "1": [
        2,
        2
      ],
      "2": [
        4,
        166
      ],
      "3": [
        2,
        168
      ],
      "4": [
        160,
        182
      ],
      "5": [
        166,
        4
      ],
      "6": [
        170,
        166
      ],
      "7": [
        12,
        1
      ],
      "8": [
        8,
        206
      ],
      "9": [
        18,
        196
      ],
      "10": [
        24,
        190
      ],
      "11": [
        12,
        202
      ],
      "12": [
        6,
        208
      ],
      "13": [
        2,
        212
      ],
      "14": [
        2190,
        27950
      ],
      "15": [
        1476,
        28664
      ]
    },
    "_coverageSchema": "1a1c01bbd47fc00a2c39e90264f33305004495a9",
    "hash": "0bcd96114aa60780c3baf81683bd2782145a2361"
  },
  "C:\\xampp\\htdocs\\fakeID\\mern\\client\\fakeid\\src\\components\\Notification.js": {
    "path": "C:\\xampp\\htdocs\\fakeID\\mern\\client\\fakeid\\src\\components\\Notification.js",
    "statementMap": {
      "0": {
        "start": {
          "line": 6,
          "column": 4
        },
        "end": {
          "line": 10,
          "column": 5
        }
      }
    },
    "fnMap": {
      "0": {
        "name": "Notification",
        "decl": {
          "start": {
            "line": 5,
            "column": 24
          },
          "end": {
            "line": 5,
            "column": 36
          }
        },
        "loc": {
          "start": {
            "line": 5,
            "column": 55
          },
          "end": {
            "line": 12,
            "column": 1
          }
        },
        "line": 5
      }
    },
    "branchMap": {},
    "s": {
      "0": 126
    },
    "f": {
      "0": 126
    },
    "b": {},
    "_coverageSchema": "1a1c01bbd47fc00a2c39e90264f33305004495a9",
    "hash": "746f437ff82fc7a82dd84f0022a511bd8656e427"
  },
  "C:\\xampp\\htdocs\\fakeID\\mern\\client\\fakeid\\src\\pages\\CreateUser.js": {
    "path": "C:\\xampp\\htdocs\\fakeID\\mern\\client\\fakeid\\src\\pages\\CreateUser.js",
    "statementMap": {
      "0": {
        "start": {
          "line": 7,
          "column": 24
        },
        "end": {
          "line": 22,
          "column": 1
        }
      },
      "1": {
        "start": {
          "line": 8,
          "column": 2
        },
        "end": {
          "line": 21,
          "column": 5
        }
      },
      "2": {
        "start": {
          "line": 9,
          "column": 4
        },
        "end": {
          "line": 20,
          "column": 9
        }
      },
      "3": {
        "start": {
          "line": 16,
          "column": 21
        },
        "end": {
          "line": 16,
          "column": 31
        }
      },
      "4": {
        "start": {
          "line": 18,
          "column": 8
        },
        "end": {
          "line": 18,
          "column": 26
        }
      },
      "5": {
        "start": {
          "line": 19,
          "column": 8
        },
        "end": {
          "line": 19,
          "column": 22
        }
      },
      "6": {
        "start": {
          "line": 25,
          "column": 17
        },
        "end": {
          "line": 25,
          "column": 29
        }
      },
      "7": {
        "start": {
          "line": 26,
          "column": 30
        },
        "end": {
          "line": 26,
          "column": 40
        }
      },
      "8": {
        "start": {
          "line": 27,
          "column": 42
        },
        "end": {
          "line": 27,
          "column": 52
        }
      },
      "9": {
        "start": {
          "line": 29,
          "column": 14
        },
        "end": {
          "line": 29,
          "column": 43
        }
      },
      "10": {
        "start": {
          "line": 31,
          "column": 21
        },
        "end": {
          "line": 47,
          "column": 3
        }
      },
      "11": {
        "start": {
          "line": 32,
          "column": 4
        },
        "end": {
          "line": 32,
          "column": 27
        }
      },
      "12": {
        "start": {
          "line": 34,
          "column": 17
        },
        "end": {
          "line": 34,
          "column": 44
        }
      },
      "13": {
        "start": {
          "line": 35,
          "column": 4
        },
        "end": {
          "line": 46,
          "column": 5
        }
      },
      "14": {
        "start": {
          "line": 36,
          "column": 6
        },
        "end": {
          "line": 39,
          "column": 9
        }
      },
      "15": {
        "start": {
          "line": 41,
          "column": 6
        },
        "end": {
          "line": 44,
          "column": 9
        }
      },
      "16": {
        "start": {
          "line": 45,
          "column": 6
        },
        "end": {
          "line": 45,
          "column": 29
        }
      },
      "17": {
        "start": {
          "line": 48,
          "column": 2
        },
        "end": {
          "line": 50,
          "column": 11
        }
      },
      "18": {
        "start": {
          "line": 49,
          "column": 4
        },
        "end": {
          "line": 49,
          "column": 26
        }
      },
      "19": {
        "start": {
          "line": 52,
          "column": 23
        },
        "end": {
          "line": 69,
          "column": 3
        }
      },
      "20": {
        "start": {
          "line": 53,
          "column": 4
        },
        "end": {
          "line": 53,
          "column": 20
        }
      },
      "21": {
        "start": {
          "line": 54,
          "column": 4
        },
        "end": {
          "line": 64,
          "column": 5
        }
      },
      "22": {
        "start": {
          "line": 55,
          "column": 20
        },
        "end": {
          "line": 55,
          "column": 48
        }
      },
      "23": {
        "start": {
          "line": 56,
          "column": 15
        },
        "end": {
          "line": 56,
          "column": 57
        }
      },
      "24": {
        "start": {
          "line": 57,
          "column": 15
        },
        "end": {
          "line": 57,
          "column": 62
        }
      },
      "25": {
        "start": {
          "line": 58,
          "column": 15
        },
        "end": {
          "line": 58,
          "column": 60
        }
      },
      "26": {
        "start": {
          "line": 60,
          "column": 6
        },
        "end": {
          "line": 60,
          "column": 29
        }
      },
      "27": {
        "start": {
          "line": 61,
          "column": 6
        },
        "end": {
          "line": 61,
          "column": 25
        }
      },
      "28": {
        "start": {
          "line": 62,
          "column": 6
        },
        "end": {
          "line": 62,
          "column": 67
        }
      },
      "29": {
        "start": {
          "line": 62,
          "column": 29
        },
        "end": {
          "line": 62,
          "column": 64
        }
      },
      "30": {
        "start": {
          "line": 63,
          "column": 6
        },
        "end": {
          "line": 63,
          "column": 13
        }
      },
      "31": {
        "start": {
          "line": 65,
          "column": 4
        },
        "end": {
          "line": 68,
          "column": 8
        }
      },
      "32": {
        "start": {
          "line": 65,
          "column": 27
        },
        "end": {
          "line": 68,
          "column": 5
        }
      },
      "33": {
        "start": {
          "line": 71,
          "column": 2
        },
        "end": {
          "line": 157,
          "column": 4
        }
      }
    },
    "fnMap": {
      "0": {
        "name": "(anonymous_0)",
        "decl": {
          "start": {
            "line": 7,
            "column": 24
          },
          "end": {
            "line": 7,
            "column": 25
          }
        },
        "loc": {
          "start": {
            "line": 7,
            "column": 47
          },
          "end": {
            "line": 22,
            "column": 1
          }
        },
        "line": 7
      },
      "1": {
        "name": "(anonymous_1)",
        "decl": {
          "start": {
            "line": 8,
            "column": 21
          },
          "end": {
            "line": 8,
            "column": 22
          }
        },
        "loc": {
          "start": {
            "line": 8,
            "column": 42
          },
          "end": {
            "line": 21,
            "column": 3
          }
        },
        "line": 8
      },
      "2": {
        "name": "(anonymous_2)",
        "decl": {
          "start": {
            "line": 16,
            "column": 12
          },
          "end": {
            "line": 16,
            "column": 13
          }
        },
        "loc": {
          "start": {
            "line": 16,
            "column": 21
          },
          "end": {
            "line": 16,
            "column": 31
          }
        },
        "line": 16
      },
      "3": {
        "name": "(anonymous_3)",
        "decl": {
          "start": {
            "line": 17,
            "column": 12
          },
          "end": {
            "line": 17,
            "column": 13
          }
        },
        "loc": {
          "start": {
            "line": 17,
            "column": 22
          },
          "end": {
            "line": 20,
            "column": 7
          }
        },
        "line": 17
      },
      "4": {
        "name": "Overview",
        "decl": {
          "start": {
            "line": 24,
            "column": 24
          },
          "end": {
            "line": 24,
            "column": 32
          }
        },
        "loc": {
          "start": {
            "line": 24,
            "column": 35
          },
          "end": {
            "line": 158,
            "column": 1
          }
        },
        "line": 24
      },
      "5": {
        "name": "(anonymous_5)",
        "decl": {
          "start": {
            "line": 31,
            "column": 21
          },
          "end": {
            "line": 31,
            "column": 22
          }
        },
        "loc": {
          "start": {
            "line": 31,
            "column": 38
          },
          "end": {
            "line": 47,
            "column": 3
          }
        },
        "line": 31
      },
      "6": {
        "name": "(anonymous_6)",
        "decl": {
          "start": {
            "line": 48,
            "column": 13
          },
          "end": {
            "line": 48,
            "column": 14
          }
        },
        "loc": {
          "start": {
            "line": 48,
            "column": 19
          },
          "end": {
            "line": 50,
            "column": 3
          }
        },
        "line": 48
      },
      "7": {
        "name": "(anonymous_7)",
        "decl": {
          "start": {
            "line": 52,
            "column": 23
          },
[...]
              "column": 45
            }
          },
          {
            "start": {
              "line": 12,
              "column": 2
            },
            "end": {
              "line": 12,
              "column": 45
            }
          }
        ],
        "line": 12
      },
      "1": {
        "loc": {
          "start": {
            "line": 13,
            "column": 2
          },
          "end": {
            "line": 13,
            "column": 46
          }
        },
        "type": "if",
        "locations": [
          {
            "start": {
              "line": 13,
              "column": 2
            },
            "end": {
              "line": 13,
              "column": 46
            }
          },
          {
            "start": {
              "line": 13,
              "column": 2
            },
            "end": {
              "line": 13,
              "column": 46
            }
          }
        ],
        "line": 13
      },
      "2": {
        "loc": {
          "start": {
            "line": 14,
            "column": 2
          },
          "end": {
            "line": 14,
            "column": 47
          }
        },
        "type": "if",
        "locations": [
          {
            "start": {
              "line": 14,
              "column": 2
            },
            "end": {
              "line": 14,
              "column": 47
            }
          },
          {
            "start": {
              "line": 14,
              "column": 2
            },
            "end": {
              "line": 14,
              "column": 47
            }
          }
        ],
        "line": 14
      },
      "3": {
        "loc": {
          "start": {
            "line": 15,
            "column": 2
          },
          "end": {
            "line": 15,
            "column": 44
          }
        },
        "type": "if",
        "locations": [
          {
            "start": {
              "line": 15,
              "column": 2
            },
            "end": {
              "line": 15,
              "column": 44
            }
          },
          {
            "start": {
              "line": 15,
              "column": 2
            },
            "end": {
              "line": 15,
              "column": 44
            }
          }
        ],
        "line": 15
      },
      "4": {
        "loc": {
          "start": {
            "line": 16,
            "column": 2
          },
          "end": {
            "line": 16,
            "column": 61
          }
        },
        "type": "if",
        "locations": [
          {
            "start": {
              "line": 16,
              "column": 2
            },
            "end": {
              "line": 16,
              "column": 61
            }
          },
          {
            "start": {
              "line": 16,
              "column": 2
            },
            "end": {
              "line": 16,
              "column": 61
            }
          }
        ],
        "line": 16
      },
      "5": {
        "loc": {
          "start": {
            "line": 17,
            "column": 2
          },
          "end": {
            "line": 17,
            "column": 74
          }
        },
        "type": "if",
        "locations": [
          {
            "start": {
              "line": 17,
              "column": 2
            },
            "end": {
              "line": 17,
              "column": 74
            }
          },
          {
            "start": {
              "line": 17,
              "column": 2
            },
            "end": {
              "line": 17,
              "column": 74
            }
          }
        ],
        "line": 17
      },
      "6": {
        "loc": {
          "start": {
            "line": 18,
            "column": 2
          },
          "end": {
            "line": 18,
            "column": 47
          }
        },
        "type": "if",
        "locations": [
          {
            "start": {
              "line": 18,
              "column": 2
            },
            "end": {
              "line": 18,
              "column": 47
            }
          },
          {
            "start": {
              "line": 18,
              "column": 2
            },
            "end": {
              "line": 18,
              "column": 47
            }
          }
        ],
        "line": 18
      },
      "7": {
        "loc": {
          "start": {
            "line": 65,
            "column": 4
          },
          "end": {
            "line": 69,
            "column": 5
          }
        },
        "type": "if",
        "locations": [
          {
            "start": {
              "line": 65,
              "column": 4
            },
            "end": {
              "line": 69,
              "column": 5
            }
          },
          {
            "start": {
              "line": 65,
              "column": 4
            },
            "end": {
              "line": 69,
              "column": 5
            }
          }
        ],
        "line": 65
      },
      "8": {
        "loc": {
          "start": {
            "line": 65,
            "column": 8
          },
          "end": {
            "line": 65,
            "column": 39
          }
        },
        "type": "binary-expr",
        "locations": [
          {
            "start": {
              "line": 65,
              "column": 8
            },
            "end": {
              "line": 65,
              "column": 23
            }
          },
          {
            "start": {
              "line": 65,
              "column": 27
            },
            "end": {
              "line": 65,
              "column": 39
            }
          }
        ],
        "line": 65
      },
      "9": {
        "loc": {
          "start": {
            "line": 70,
            "column": 4
          },
          "end": {
            "line": 74,
            "column": 5
          }
        },
        "type": "if",
        "locations": [
          {
            "start": {
              "line": 70,
              "column": 4
            },
            "end": {
              "line": 74,
              "column": 5
            }
          },
          {
            "start": {
              "line": 70,
              "column": 4
            },
            "end": {
              "line": 74,
              "column": 5
            }
          }
        ],
        "line": 70
      },
      "10": {
        "loc": {
          "start": {
            "line": 70,
            "column": 8
          },
          "end": {
            "line": 70,
            "column": 72
          }
        },
        "type": "binary-expr",
        "locations": [
          {
            "start": {
              "line": 70,
              "column": 8
            },
            "end": {
              "line": 70,
              "column": 38
            }
          },
          {
            "start": {
              "line": 70,
              "column": 42
            },
            "end": {
              "line": 70,
              "column": 72
            }
          }
        ],
        "line": 70
      },
      "11": {
        "loc": {
          "start": {
            "line": 75,
            "column": 4
          },
          "end": {
            "line": 80,
            "column": 5
          }
        },
        "type": "if",
        "locations": [
          {
            "start": {
              "line": 75,
              "column": 4
            },
            "end": {
              "line": 80,
              "column": 5
            }
          },
          {
            "start": {
              "line": 75,
              "column": 4
            },
            "end": {
              "line": 80,
              "column": 5
            }
          }
        ],
        "line": 75
      },
      "12": {
        "loc": {
          "start": {
            "line": 83,
            "column": 2
          },
          "end": {
            "line": 85,
            "column": 3
          }
        },
        "type": "if",
        "locations": [
          {
            "start": {
              "line": 83,
              "column": 2
            },
            "end": {
              "line": 85,
              "column": 3
            }
          },
          {
            "start": {
              "line": 83,
              "column": 2
            },
            "end": {
              "line": 85,
              "column": 3
            }
          }
        ],
        "line": 83
      },
      "13": {
        "loc": {
          "start": {
            "line": 83,
            "column": 6
          },
          "end": {
            "line": 83,
            "column": 22
          }
        },
        "type": "binary-expr",
        "locations": [
          {
            "start": {
              "line": 83,
              "column": 6
            },
            "end": {
              "line": 83,
              "column": 13
            }
          },
          {
            "start": {
              "line": 83,
              "column": 17
            },
            "end": {
              "line": 83,
              "column": 22
            }
          }
        ],
        "line": 83
      },
      "14": {
        "loc": {
          "start": {
            "line": 89,
            "column": 7
          },
          "end": {
            "line": 89,
            "column": 63
          }
        },
        "type": "cond-expr",
        "locations": [
          {
            "start": {
              "line": 89,
              "column": 22
            },
            "end": {
              "line": 89,
              "column": 56
            }
          },
          {
            "start": {
              "line": 89,
              "column": 59
            },
            "end": {
              "line": 89,
              "column": 63
            }
          }
        ],
        "line": 89
      },
      "15": {
        "loc": {
          "start": {
            "line": 94,
            "column": 23
          },
          "end": {
            "line": 94,
            "column": 47
          }
        },
        "type": "cond-expr",
        "locations": [
          {
            "start": {
              "line": 94,
              "column": 34
            },
            "end": {
              "line": 94,
              "column": 42
            }
          },
          {
            "start": {
              "line": 94,
              "column": 45
            },
            "end": {
              "line": 94,
              "column": 47
            }
          }
        ],
        "line": 94
      },
      "16": {
        "loc": {
          "start": {
            "line": 100,
            "column": 23
          },
          "end": {
            "line": 100,
            "column": 48
          }
        },
        "type": "cond-expr",
        "locations": [
          {
            "start": {
              "line": 100,
              "column": 35
            },
            "end": {
              "line": 100,
              "column": 43
            }
          },
          {
            "start": {
              "line": 100,
              "column": 46
            },
            "end": {
              "line": 100,
              "column": 48
            }
          }
        ],
        "line": 100
      },
      "17": {
        "loc": {
          "start": {
            "line": 108,
            "column": 9
          },
          "end": {
            "line": 120,
            "column": 9
          }
        },
        "type": "cond-expr",
        "locations": [
          {
            "start": {
              "line": 109,
              "column": 10
            },
            "end": {
              "line": 111,
              "column": 16
            }
          },
          {
            "start": {
              "line": 113,
              "column": 10
            },
            "end": {
              "line": 119,
              "column": 16
            }
          }
        ],
        "line": 108
      }
    },
    "s": {
      "0": 82,
      "1": 45,
      "2": 45,
      "3": 9,
      "4": 36,
      "5": 3,
      "6": 33,
      "7": 8,
      "8": 25,
      "9": 5,
      "10": 20,
      "11": 3,
      "12": 17,
      "13": 4,
      "14": 13,
      "15": 3,
      "16": 10,
      "17": 948,
      "18": 942,
      "19": 942,
      "20": 942,
      "21": 942,
      "22": 942,
      "23": 942,
      "24": 119,
      "25": 119,
      "26": 119,
      "27": 119,
      "28": 119,
      "29": 119,
      "30": 119,
      "31": 82,
      "32": 942,
      "33": 127,
      "34": 127,
      "35": 127,
      "36": 127,
      "37": 942,
      "38": 51,
      "39": 51,
      "40": 8,
      "41": 942,
      "42": 45,
      "43": 45,
      "44": 45,
      "45": 45,
      "46": 45,
      "47": 45,
      "48": 45,
      "49": 45,
      "50": 6,
      "51": 6,
      "52": 6,
      "53": 45,
      "54": 39,
      "55": 39,
      "56": 39,
      "57": 45,
      "58": 2,
      "59": 2,
      "60": 2,
      "61": 942,
      "62": 476,
      "63": 466,
      "64": 2,
      "65": 51
    },
    "f": {
      "0": 45,
      "1": 948,
      "2": 119,
      "3": 119,
      "4": 82,
      "5": 127,
      "6": 51,
      "7": 8,
      "8": 45,
      "9": 2,
      "10": 51
    },
    "b": {
      "0": [
        9,
        36
      ],
      "1": [
        3,
        33
      ],
      "2": [
        8,
        25
      ],
      "3": [
        5,
        20
      ],
      "4": [
        3,
        17
      ],
      "5": [
        4,
        13
      ],
      "6": [
        3,
        10
      ],
      "7": [
        6,
        39
      ],
      "8": [
        45,
        10
      ],
      "9": [
        39,
        6
      ],
      "10": [
        45,
        42
      ],
      "11": [
        2,
        43
      ],
      "12": [
        476,
        466
      ],
      "13": [
        942,
        466
      ],
      "14": [
        122,
        344
      ],
      "15": [
        242,
        224
      ],
      "16": [
        224,
        242
      ],
      "17": [
        242,
        224
      ]
    },
    "_coverageSchema": "1a1c01bbd47fc00a2c39e90264f33305004495a9",
    "hash": "d2600c2dc9b5ee79289c0cde4ce8bbcd70daf3c8"
  },
  "C:\\xampp\\htdocs\\fakeID\\mern\\client\\fakeid\\src\\components\\InfoIcon.js": {
    "path": "C:\\xampp\\htdocs\\fakeID\\mern\\client\\fakeid\\src\\components\\InfoIcon.js",
    "statementMap": {
      "0": {
        "start": {
          "line": 4,
          "column": 4
        },
        "end": {
          "line": 17,
          "column": 5
        }
      }
    },
    "fnMap": {
      "0": {
        "name": "InfoIcon",
        "decl": {
          "start": {
            "line": 3,
            "column": 24
          },
          "end": {
            "line": 3,
            "column": 32
          }
        },
        "loc": {
          "start": {
            "line": 3,
            "column": 34
          },
          "end": {
            "line": 18,
            "column": 1
          }
        },
        "line": 3
      }
    },
    "branchMap": {},
    "s": {
      "0": 164
    },
    "f": {
      "0": 164
    },
    "b": {},
    "_coverageSchema": "1a1c01bbd47fc00a2c39e90264f33305004495a9",
    "hash": "71cd766dd75f23cb82f330243677bece4a965c88"
  },
  "C:\\xampp\\htdocs\\fakeID\\mern\\client\\fakeid\\src\\components\\Header.js": {
    "path": "C:\\xampp\\htdocs\\fakeID\\mern\\client\\fakeid\\src\\components\\Header.js",
    "statementMap": {
      "0": {
        "start": {
          "line": 18,
          "column": 4
        },
        "end": {
          "line": 55,
          "column": 5
        }
      },
      "1": {
        "start": {
          "line": 49,
          "column": 47
        },
        "end": {
          "line": 49,
          "column": 71
        }
      }
    },
    "fnMap": {
      "0": {
        "name": "Header",
        "decl": {
          "start": {
            "line": 16,
            "column": 24
          },
          "end": {
            "line": 16,
            "column": 30
          }
        },
        "loc": {
          "start": {
            "line": 16,
            "column": 32
          },
          "end": {
            "line": 56,
            "column": 1
          }
        },
        "line": 16
      },
      "1": {
        "name": "(anonymous_1)",
        "decl": {
          "start": {
            "line": 49,
            "column": 31
          },
          "end": {
            "line": 49,
            "column": 32
          }
        },
        "loc": {
          "start": {
            "line": 49,
            "column": 47
          },
          "end": {
            "line": 49,
            "column": 71
          }
        },
        "line": 49
      }
    },
    "branchMap": {},
    "s": {
      "0": 164,
      "1": 244
    },
    "f": {
      "0": 164,
      "1": 244
    },
    "b": {},
    "_coverageSchema": "1a1c01bbd47fc00a2c39e90264f33305004495a9",
    "hash": "133245eeaa44c30ed9f695d9ad4cf12476d490ab"
  },
  "C:\\xampp\\htdocs\\fakeID\\mern\\client\\fakeid\\src\\App.js": {
    "path": "C:\\xampp\\htdocs\\fakeID\\mern\\client\\fakeid\\src\\App.js",
    "statementMap": {
      "0": {
        "start": {
          "line": 5,
          "column": 2
        },
        "end": {
          "line": 9,
          "column": 4
        }
      }
    },
    "fnMap": {
      "0": {
        "name": "App",
        "decl": {
          "start": {
            "line": 4,
            "column": 9
          },
          "end": {
            "line": 4,
            "column": 12
          }
        },
        "loc": {
          "start": {
            "line": 4,
            "column": 15
          },
          "end": {
            "line": 10,
            "column": 1
          }
        },
        "line": 4
      }
    },
    "branchMap": {},
    "s": {
      "0": 164
    },
    "f": {
      "0": 164
    },
    "b": {},
    "_coverageSchema": "1a1c01bbd47fc00a2c39e90264f33305004495a9",
    "hash": "171afe63d793bbe52b42b9f8f8483760012428e3"
  },
  "C:\\xampp\\htdocs\\fakeID\\mern\\client\\fakeid\\src\\reportWebVitals.js": {
    "path": "C:\\xampp\\htdocs\\fakeID\\mern\\client\\fakeid\\src\\reportWebVitals.js",
    "statementMap": {
      "0": {
        "start": {
          "line": 1,
          "column": 24
        },
        "end": {
          "line": 11,
          "column": 1
        }
      }
    },
    "fnMap": {
      "0": {
        "name": "(anonymous_0)",
        "decl": {
          "start": {
            "line": 1,
            "column": 24
          },
          "end": {
            "line": 1,
            "column": 25
          }
        },
        "loc": {
          "start": {
            "line": 1,
            "column": 41
          },
          "end": {
            "line": 11,
            "column": 1
          }
        },
        "line": 1
      }
    },
    "branchMap": {},
    "s": {
      "0": 82
    },
    "f": {
      "0": 82
    },
    "b": {},
    "_coverageSchema": "1a1c01bbd47fc00a2c39e90264f33305004495a9",
    "hash": "ad6bdee9b5034c6d31e0b6c87f7d1df7e5fff88e"
  },
  "C:\\xampp\\htdocs\\fakeID\\mern\\client\\fakeid\\src\\index.js": {
    "path": "C:\\xampp\\htdocs\\fakeID\\mern\\client\\fakeid\\src\\index.js",
    "statementMap": {
      "0": {
        "start": {
          "line": 7,
          "column": 0
        },
        "end": {
          "line": 12,
          "column": 2
        }
      },
      "1": {
        "start": {
          "line": 17,
          "column": 0
        },
        "end": {
          "line": 17,
          "column": 18
        }
      }
    },
    "fnMap": {},
    "branchMap": {},
    "s": {
      "0": 82,
      "1": 82
    },
    "f": {},
    "b": {},
    "_coverageSchema": "1a1c01bbd47fc00a2c39e90264f33305004495a9",
    "hash": "3bb10d3a2244f4442cdb1125e4d1aa885811e6fa"
  }
}